=====================================================================
== C:\Arma\Server\arma3server.exe
== "C:\Arma\Server\arma3server.exe"  -port=2302 "-config=C:\Arma\Server\TADST\default\TADST_config.cfg" "-cfg=C:\Arma\Server\TADST\default\TADST_basic.cfg" "-profiles=C:\Arma\Server\TADST\default" -name=default -filePatching "-mod=@ExileServer;@infiSTAR_Exile" -autoInit

Original output filename: Arma3Retail_Server
Exe timestamp: 2018/12/11 20:45:35
Current time:  2019/01/14 23:23:41

Type: Public
Build: Stable
Version: 1.88.145285

Allocator: C:\Arma\Server\Dll\tbb4malloc_bi.dll [2017.0.0.0] [2017.0.0.0]
PhysMem: 64 GiB, VirtMem : 4.0 GiB, AvailPhys : 52 GiB, AvailVirt : 3.9 GiB, AvailPage : 56 GiB
=====================================================================

23:23:41 SteamAPI initialization failed. Steam features won't be accessible!
23:23:41 Cannot register unknown string STR_3DEN_CAMERA_NAME
23:23:41 Cannot register unknown string STR_DIFF_SCENE_ONLY
23:23:41 Cannot register unknown string STR_DIFF_SCENE_AND_MAP
23:23:43 Initializing stats manager.
23:23:43 Stats config disabled.
23:23:43 sessionID: f0813e1cb858fa0c4917a21a6ab74fbccc3555c1
23:23:56 Item str_a3_to_c01_m02_036_ta_mechanized_briefing_SOLDIERC_0 listed twice
23:24:07 Warning Message: Addon 'exile_server' requires addon 'exile_client'
23:24:14 Warning Message: Addon 'exile_server' requires addon 'exile_assets'
23:24:14 Updating base class RscShortcutButton->RscButton, by a3\editor_f\config.bin/RscDisplayEditObject/Controls/B_OK/ (original bin\config.bin)
23:24:14 Updating base class RscSliderH->RscXSliderH, by a3\editor_f\config.bin/RscDisplayEditObject/Slider/ (original bin\config.bin)
23:24:14 Updating base class RscText->RscPicture, by a3\editor_f\config.bin/RscDisplayEditObject/Preview/ (original bin\config.bin)
23:24:14 Updating base class RscShortcutButton->RscButton, by a3\editor_f\config.bin/RscDisplayMissionLoad/Controls/B_OK/ (original bin\config.bin)
23:24:14 Updating base class RscShortcutButton->RscButton, by a3\editor_f\config.bin/RscDisplayMissionSave/Controls/B_OK/ (original bin\config.bin)
23:24:14 Updating base class ->RscControlsGroup, by a3\ui_f\config.bin/RscControlsGroupNoScrollbars/ (original a3\ui_f\config.bin)
23:24:14 Updating base class ->RscControlsGroup, by a3\ui_f\config.bin/RscControlsGroupNoHScrollbars/ (original a3\ui_f\config.bin)
23:24:14 Updating base class ->RscControlsGroup, by a3\ui_f\config.bin/RscControlsGroupNoVScrollbars/ (original a3\ui_f\config.bin)
23:24:14 Updating base class ->RscText, by a3\ui_f\config.bin/RscLine/ (original a3\ui_f\config.bin)
23:24:14 Updating base class ->RscActiveText, by a3\ui_f\config.bin/RscActivePicture/ (original a3\ui_f\config.bin)
23:24:14 Updating base class ->RscButton, by a3\ui_f\config.bin/RscButtonTextOnly/ (original a3\ui_f\config.bin)
23:24:14 Updating base class ->RscShortcutButton, by a3\ui_f\config.bin/RscShortcutButtonMain/ (original a3\ui_f\config.bin)
23:24:14 Updating base class ->RscShortcutButton, by a3\ui_f\config.bin/RscButtonEditor/ (original a3\ui_f\config.bin)
23:24:14 Updating base class ->RscShortcutButton, by a3\ui_f\config.bin/RscIGUIShortcutButton/ (original a3\ui_f\config.bin)
23:24:14 Updating base class ->RscShortcutButton, by a3\ui_f\config.bin/RscGearShortcutButton/ (original a3\ui_f\config.bin)
23:24:14 Updating base class ->RscShortcutButton, by a3\ui_f\config.bin/RscButtonMenu/ (original a3\ui_f\config.bin)
23:24:14 Updating base class ->RscButtonMenu, by a3\ui_f\config.bin/RscButtonMenuOK/ (original a3\ui_f\config.bin)
23:24:14 Updating base class ->RscButtonMenu, by a3\ui_f\config.bin/RscButtonMenuCancel/ (original a3\ui_f\config.bin)
23:24:14 Updating base class ->RscButtonMenu, by a3\ui_f\config.bin/RscButtonMenuSteam/ (original a3\ui_f\config.bin)
23:24:14 Updating base class ->RscText, by a3\ui_f\config.bin/RscLoadingText/ (original a3\ui_f\config.bin)
23:24:14 Updating base class ->RscListBox, by a3\ui_f\config.bin/RscIGUIListBox/ (original a3\ui_f\config.bin)
23:24:14 Updating base class ->RscListNBox, by a3\ui_f\config.bin/RscIGUIListNBox/ (original a3\ui_f\config.bin)
23:24:14 Updating base class ->RscText, by a3\ui_f\config.bin/RscBackground/ (original a3\ui_f\config.bin)
23:24:14 Updating base class ->RscText, by a3\ui_f\config.bin/RscBackgroundGUI/ (original a3\ui_f\config.bin)
23:24:14 Updating base class ->RscPicture, by a3\ui_f\config.bin/RscBackgroundGUILeft/ (original a3\ui_f\config.bin)
23:24:14 Updating base class ->RscPicture, by a3\ui_f\config.bin/RscBackgroundGUIRight/ (original a3\ui_f\config.bin)
23:24:14 Updating base class ->RscPicture, by a3\ui_f\config.bin/RscBackgroundGUIBottom/ (original a3\ui_f\config.bin)
23:24:14 Updating base class ->RscText, by a3\ui_f\config.bin/RscBackgroundGUITop/ (original a3\ui_f\config.bin)
23:24:14 Updating base class ->RscText, by a3\ui_f\config.bin/RscBackgroundGUIDark/ (original a3\ui_f\config.bin)
23:24:14 Updating base class ->RscPictureKeepAspect, by a3\ui_f\config.bin/RscBackgroundLogo/ (original a3\ui_f\config.bin)
23:24:14 Updating base class ->RscMapControl, by a3\ui_f\config.bin/RscMapControlEmpty/ (original a3\ui_f\config.bin)
23:24:14 Updating base class ->RscPicture, by a3\ui_f\config.bin/CA_Mainback/ (original a3\ui_f\config.bin)
23:24:14 Updating base class ->CA_Mainback, by a3\ui_f\config.bin/CA_Back/ (original a3\ui_f\config.bin)
23:24:14 Updating base class ->CA_Mainback, by a3\ui_f\config.bin/CA_Title_Back/ (original a3\ui_f\config.bin)
23:24:14 Updating base class ->CA_Mainback, by a3\ui_f\config.bin/CA_Black_Back/ (original a3\ui_f\config.bin)
23:24:14 Updating base class ->RscTitle, by a3\ui_f\config.bin/CA_Title/ (original a3\ui_f\config.bin)
23:24:14 Updating base class ->RscPictureKeepAspect, by a3\ui_f\config.bin/CA_Logo/ (original a3\ui_f\config.bin)
23:24:14 Updating base class ->CA_Logo, by a3\ui_f\config.bin/CA_Logo_Small/ (original a3\ui_f\config.bin)
23:24:14 Updating base class ->RscButton, by a3\ui_f\config.bin/CA_RscButton/ (original a3\ui_f\config.bin)
23:24:14 Updating base class ->CA_RscButton, by a3\ui_f\config.bin/CA_RscButton_dialog/ (original a3\ui_f\config.bin)
23:24:14 Updating base class ->RscActiveText, by a3\ui_f\config.bin/CA_Ok/ (original a3\ui_f\config.bin)
23:24:15 Updating base class ->RscText, by a3\ui_f\config.bin/CA_Ok_image/ (original a3\ui_f\config.bin)
23:24:15 Updating base class ->RscText, by a3\ui_f\config.bin/CA_Ok_image2/ (original a3\ui_f\config.bin)
23:24:15 Updating base class ->RscText, by a3\ui_f\config.bin/CA_Ok_text/ (original a3\ui_f\config.bin)
23:24:15 Updating base class ->RscPicture, by a3\ui_f\config.bin/RscVignette/ (original a3\ui_f\config.bin)
23:24:15 Updating base class ->RscControlsGroupNoScrollbars, by a3\ui_f\config.bin/RscMapControlTooltip/ (original a3\ui_f\config.bin)
23:24:15 Updating base class RscUnitInfo->RscUnitInfoAirNoWeapon, by a3\ui_f\config.bin/RscInGameUI/RscUnitInfoAir/ (original a3\ui_f\config.bin)
23:24:15 Updating base class RscControlsGroup->RscControlsGroupNoScrollbars, by a3\ui_f\config.bin/RscInGameUI/RscTaskOverview/controls/TaskOverviewAssigned/ (original bin\config.bin)
23:24:15 Updating base class RscShortcutButton->RscButtonMenu, by a3\ui_f\config.bin/RscDisplayDebug/Controls/B_OK/ (original bin\config.bin)
23:24:15 Updating base class RscShortcutButton->RscButtonMenu, by a3\ui_f\config.bin/RscDisplayDebug/Controls/B_Cancel/ (original bin\config.bin)
23:24:15 Updating base class RscShortcutButton->RscButtonMenu, by a3\ui_f\config.bin/RscDisplayDebug/Controls/B_Clear/ (original bin\config.bin)
23:24:15 Updating base class ->RscText, by a3\ui_f\config.bin/RscDisplayCapture/controls/TimeLines/ (original bin\config.bin)
23:24:15 Updating base class RscShortcutButton->RscButtonMenu, by a3\ui_f\config.bin/RscDisplayCapture/controls/ButtonAverages/ (original bin\config.bin)
23:24:15 Updating base class RscShortcutButton->RscButtonMenu, by a3\ui_f\config.bin/RscDisplayCapture/controls/ButtonSavePreviousData/ (original bin\config.bin)
23:24:15 Updating base class RscShortcutButton->RscButtonMenu, by a3\ui_f\config.bin/RscDisplayCapture/controls/ButtonPreviousData/ (original bin\config.bin)
23:24:15 Updating base class RscPicture->RscPictureKeepAspect, by a3\ui_f\config.bin/RscDisplayMain/IconPicture/ (original bin\config.bin)
23:24:15 Updating base class IconPicture->RscPictureKeepAspect, by a3\ui_f\config.bin/RscDisplayMain/DlcOwnedIconPicture/ (original a3\ui_f\config.bin)
23:24:15 Updating base class IconPicture->RscPictureKeepAspect, by a3\ui_f\config.bin/RscDisplayMain/DlcIconPicture/ (original a3\ui_f\config.bin)
23:24:15 Updating base class RscControlsGroup->RscControlsGroupNoScrollbars, by a3\ui_f\config.bin/RscDisplayCampaignLoad/controls/OverviewGroup/ (original bin\config.bin)
23:24:15 Updating base class RscButton->RscButtonSearch, by a3\ui_f\config.bin/RscDisplayCampaignLoad/controls/SearchButton/ (original bin\config.bin)
23:24:15 Updating base class RscShortcutButton->RscButtonMenuCancel, by a3\ui_f\config.bin/RscDisplayCampaignLoad/controls/ButtonCancel/ (original bin\config.bin)
23:24:15 Updating base class RscShortcutButton->RscButtonMenu, by a3\ui_f\config.bin/RscDisplayCampaignLoad/controls/ButtonGameOptions/ (original bin\config.bin)
23:24:15 Updating base class RscShortcutButton->RscButtonMenuSteam, by a3\ui_f\config.bin/RscDisplayCampaignLoad/controls/ButtonBuyDLC/ (original bin\config.bin)
23:24:15 Updating base class RscShortcutButton->RscButtonMenu, by a3\ui_f\config.bin/RscDisplayCampaignLoad/controls/ButtonRevert/ (original bin\config.bin)
23:24:15 Updating base class RscShortcutButton->RscButtonMenuOK, by a3\ui_f\config.bin/RscDisplayCampaignLoad/controls/ButtonOK/ (original bin\config.bin)
23:24:15 Updating base class RscListBox->RscCombo, by a3\ui_f\config.bin/RscDisplayCustomizeController/Steepness/ (original bin\config.bin)
23:24:15 Updating base class ->RscStandardDisplay, by a3\ui_f\config.bin/RscDisplayControlSchemes/ (original bin\config.bin)
23:24:15 Updating base class ButtonOK->RscButtonMenuCancel, by a3\ui_f\config.bin/RscDisplayControlSchemes/controls/ButtonCancel/ (original bin\config.bin)
23:24:15 Updating base class RscButton->RscButtonMenuOK, by a3\ui_f\config.bin/RscDisplayControlSchemes/controls/ButtonOK/ (original bin\config.bin)
23:24:15 Updating base class RscPicture->RscPictureKeepAspect, by a3\ui_f\config.bin/RscDisplayFileSelectImage/controls/OverviewPicture/ (original bin\config.bin)
23:24:15 Updating base class RscShortcutButton->RscButtonMenuCancel, by a3\ui_f\config.bin/RscDisplayFieldManual/Controls/ButtonCancel/ (original bin\config.bin)
23:24:15 Cannot delete class B_KickOff, it is referenced somewhere (used as a base class probably).
23:24:15 Updating base class RscButton->RscButtonMenuCancel, by a3\ui_f\config.bin/RscDisplayPublishMission/controls/ButtonCancel/ (original bin\config.bin)
23:24:15 Updating base class RscShortcutButton->RscButtonMenuOK, by a3\ui_f\config.bin/RscDisplayPublishMissionSelectTags/controls/ButtonOK/ (original bin\config.bin)
23:24:15 Updating base class ButtonOK->RscButtonMenuCancel, by a3\ui_f\config.bin/RscDisplayPublishMissionSelectTags/controls/ButtonCancel/ (original bin\config.bin)
23:24:15 Updating base class ->RscSubmenu, by a3\ui_f\config.bin/RscMainMenu/ (original bin\config.bin)
23:24:15 Updating base class None->ActiveSensorsOn, by a3\ui_f\config.bin/CfgActions/ActiveSensorsOff/ (original bin\config.bin)
23:24:15 Updating base class None->ListRightVehicleDisplay, by a3\ui_f\config.bin/CfgActions/ListLeftVehicleDisplay/ (original bin\config.bin)
23:24:15 Updating base class None->ListPrevRightVehicleDisplay, by a3\ui_f\config.bin/CfgActions/ListPrevLeftVehicleDisplay/ (original bin\config.bin)
23:24:15 Updating base class None->CloseRightVehicleDisplay, by a3\ui_f\config.bin/CfgActions/CloseLeftVehicleDisplay/ (original bin\config.bin)
23:24:15 Updating base class None->NextModeRightVehicleDisplay, by a3\ui_f\config.bin/CfgActions/NextModeLeftVehicleDisplay/ (original bin\config.bin)
23:24:15 Updating base class ->DistanceClose, by a3\ui_f\config.bin/CfgSimpleTasks/Icon3D/DistanceMid/ (original bin\config.bin)
23:24:15 Updating base class ->DistanceClose, by a3\ui_f\config.bin/CfgSimpleTasks/Icon3D/DistanceLong/ (original bin\config.bin)
23:24:16 Updating base class ->ctrlDefaultText, by a3\3den\config.bin/ctrlStatic/ (original a3\3den\config.bin)
23:24:16 Updating base class ->ctrlActiveText, by a3\3den\config.bin/ctrlActivePicture/ (original a3\3den\config.bin)
23:24:16 Updating base class ->ctrlDefaultText, by a3\3den\config.bin/ctrlStructuredText/ (original a3\3den\config.bin)
23:24:16 Updating base class ->ctrlControlsGroup, by a3\3den\config.bin/ctrlControlsGroupNoScrollbars/ (original a3\3den\config.bin)
23:24:16 Updating base class ->ctrlDefault, by a3\3den\config.bin/ctrlCheckbox/ (original a3\3den\config.bin)
23:24:16 Updating base class ->ctrlCheckbox, by a3\3den\config.bin/ctrlCheckboxBaseline/ (original a3\3den\config.bin)
23:24:16 Updating base class RscText->ctrlStaticBackgroundDisable, by a3\3den\config.bin/RscDisplayOptionsAudio/ControlsBackground/BackgroundDisable/ (original a3\3den\config.bin)
23:24:16 Updating base class RscText->ctrlStaticBackgroundDisableTiles, by a3\3den\config.bin/RscDisplayOptionsAudio/ControlsBackground/BackgroundDisableTiles/ (original a3\3den\config.bin)
23:24:16 Updating base class RscText->ctrlStaticBackgroundDisable, by a3\3den\config.bin/RscDisplayConfigure/ControlsBackground/BackgroundDisable/ (original a3\3den\config.bin)
23:24:16 Updating base class RscText->ctrlStaticBackgroundDisableTiles, by a3\3den\config.bin/RscDisplayConfigure/ControlsBackground/BackgroundDisableTiles/ (original a3\3den\config.bin)
23:24:16 Updating base class RscText->ctrlStaticBackgroundDisable, by a3\3den\config.bin/RscDisplayConfigureAction/ControlsBackground/BackgroundDisable/ (original a3\3den\config.bin)
23:24:16 Updating base class RscText->ctrlStaticBackgroundDisableTiles, by a3\3den\config.bin/RscDisplayConfigureAction/ControlsBackground/BackgroundDisableTiles/ (original a3\3den\config.bin)
23:24:16 Updating base class RscText->ctrlStaticBackgroundDisable, by a3\3den\config.bin/RscDisplayConfigureControllers/ControlsBackground/BackgroundDisable/ (original a3\3den\config.bin)
23:24:16 Updating base class RscText->ctrlStaticBackgroundDisableTiles, by a3\3den\config.bin/RscDisplayConfigureControllers/ControlsBackground/BackgroundDisableTiles/ (original a3\3den\config.bin)
23:24:16 Updating base class RscText->ctrlStaticBackgroundDisable, by a3\3den\config.bin/RscDisplayGameOptions/ControlsBackground/BackgroundDisable/ (original a3\3den\config.bin)
23:24:16 Updating base class RscText->ctrlStaticBackgroundDisableTiles, by a3\3den\config.bin/RscDisplayGameOptions/ControlsBackground/BackgroundDisableTiles/ (original a3\3den\config.bin)
23:24:16 Updating base class controls->, by a3\3den\config.bin/RscDisplayArcadeMap_Layout_2/Controls/ (original a3\ui_f\config.bin)
23:24:16 Updating base class controls->, by a3\3den\config.bin/RscDisplayArcadeMap_Layout_6/Controls/ (original a3\ui_f\config.bin)
23:24:16 Updating base class ->ctrlControlsGroupNoScrollbars, by a3\3den\config.bin/Cfg3DEN/Attributes/Default/ (original a3\3den\config.bin)
23:24:16 Updating base class ->ctrlStatic, by a3\3den\config.bin/Cfg3DEN/Attributes/Title/Controls/Title/ (original a3\3den\config.bin)
23:24:16 Updating base class ->Controls, by a3\3den\config.bin/Cfg3DEN/Attributes/Toolbox/Controls/ (original a3\modules_f\config.bin)
23:24:16 Updating base class ->Title, by a3\3den\config.bin/Cfg3DEN/Attributes/Toolbox/Controls/Title/ (original a3\3den\config.bin)
23:24:16 Updating base class ->ctrlToolbox, by a3\3den\config.bin/Cfg3DEN/Attributes/Toolbox/Controls/Value/ (original a3\3den\config.bin)
23:24:17 Updating base class I_1stRegiment->BaseGuer, by a3\missions_f_orange\config.bin/CfgORBAT/BIS/I_3rdRegiment/ (original a3\missions_f_epa\config.bin)
23:24:17 Updating base class CounterMeasureFlare->, by a3\weapons_f_orange\config.bin/FlareShell/ (original a3\weapons_f_orange\config.bin)
23:24:17 Updating base class Controls->, by a3\modules_f_tacops\config.bin/Cfg3DEN/Attributes/Toolbox/Controls/ (original a3\3den\config.bin)
23:24:17 Updating base class Controls->, by a3\modules_f_tacops\config.bin/Cfg3DEN/Attributes/Combo/Controls/ (original a3\3den\config.bin)
23:24:17 Updating base class Controls->, by a3\modules_f_tacops\config.bin/Cfg3DEN/Attributes/Slider/Controls/ (original a3\3den\config.bin)
23:24:20 Initializing Steam Manager
23:24:20 unable to load subscribed content list. list will be updated from steam
23:24:20 unable to load published content list. list will be updated from steam
23:24:20 unable to load cached items meta info. save and update functionality will be broken
23:24:20 Steam Manager initialized.
23:24:20 
23:24:20 ==== Loaded addons ====
23:24:20 
23:24:20 dta\bin.pbo - 145285
23:24:20 dta\core.pbo - 129618
23:24:20 dta\languagecore_f.pbo - 136608
23:24:20 C:\Arma\Server\@infiSTAR_Exile\addons\a3_infistar_exile.pbo - unknown
23:24:20 C:\Arma\Server\@ExileServer\addons\exile_server.pbo - unknown
23:24:20 C:\Arma\Server\@ExileServer\addons\exile_server_config.pbo - unknown
23:24:20 C:\Arma\Server\tank\addons\armor_f_tank.ebo - 135661
23:24:20 C:\Arma\Server\tank\addons\cargoposes_f_tank.ebo - 128283
23:24:20 C:\Arma\Server\tank\addons\characters_f_tank.ebo - 133719
23:24:20 C:\Arma\Server\tank\addons\data_f_tank.ebo - 128203
23:24:20 C:\Arma\Server\tank\addons\dubbing_f_tank.ebo - 127958
23:24:20 C:\Arma\Server\tank\addons\editorpreviews_f_tank.ebo - 131632
23:24:20 C:\Arma\Server\tank\addons\functions_f_tank.ebo - 125996
23:24:20 C:\Arma\Server\tank\addons\languagemissions_f_tank.ebo - 136954
23:24:20 C:\Arma\Server\tank\addons\language_f_tank.ebo - 136608
23:24:20 C:\Arma\Server\tank\addons\missions_f_tank.ebo - 130984
23:24:20 C:\Arma\Server\tank\addons\missions_f_tank_data.ebo - 128937
23:24:20 C:\Arma\Server\tank\addons\modules_f_tank.ebo - 129574
23:24:20 C:\Arma\Server\tank\addons\music_f_tank.ebo - 127912
23:24:20 C:\Arma\Server\tank\addons\props_f_tank.ebo - 131702
23:24:20 C:\Arma\Server\tank\addons\sounds_f_tank.ebo - 136239
23:24:20 C:\Arma\Server\tank\addons\structures_f_tank.ebo - 131803
23:24:20 C:\Arma\Server\tank\addons\ui_f_tank.ebo - 132532
23:24:20 C:\Arma\Server\tank\addons\weapons_f_tank.pbo - 135808
23:24:20 C:\Arma\Server\tacops\addons\characters_f_tacops.ebo - 129739
23:24:20 C:\Arma\Server\tacops\addons\data_f_tacops.ebo - 126731
23:24:20 C:\Arma\Server\tacops\addons\dubbing_f_tacops.ebo - 129340
23:24:20 C:\Arma\Server\tacops\addons\functions_f_tacops.ebo - 124382
23:24:20 C:\Arma\Server\tacops\addons\languagemissions_f_tacops.ebo - 136607
23:24:20 C:\Arma\Server\tacops\addons\language_f_tacops.ebo - 136608
23:24:20 C:\Arma\Server\tacops\addons\missions_f_tacops.ebo - 131995
23:24:20 C:\Arma\Server\tacops\addons\modules_f_tacops.ebo - 134940
23:24:20 C:\Arma\Server\tacops\addons\music_f_tacops.ebo - 124064
23:24:20 C:\Arma\Server\tacops\addons\sounds_f_tacops.ebo - 123795
23:24:20 C:\Arma\Server\tacops\addons\ui_f_tacops.ebo - 124116
23:24:20 C:\Arma\Server\orange\addons\air_f_orange.pbo - 132035
23:24:20 C:\Arma\Server\orange\addons\cargoposes_f_orange.pbo - 126225
23:24:20 C:\Arma\Server\orange\addons\characters_f_orange.pbo - 133719
23:24:20 C:\Arma\Server\orange\addons\data_f_orange.pbo - 121095
23:24:20 C:\Arma\Server\orange\addons\dubbing_f_orange.pbo - 121689
23:24:20 C:\Arma\Server\orange\addons\editorpreviews_f_orange.pbo - 123173
23:24:20 C:\Arma\Server\orange\addons\functions_f_orange.pbo - 128287
23:24:20 C:\Arma\Server\orange\addons\languagemissions_f_orange.pbo - 136608
23:24:20 C:\Arma\Server\orange\addons\language_f_orange.pbo - 136608
23:24:20 C:\Arma\Server\orange\addons\missions_f_orange.pbo - 126711
23:24:20 C:\Arma\Server\orange\addons\modules_f_orange.pbo - 119459
23:24:20 C:\Arma\Server\orange\addons\music_f_orange.pbo - 120725
23:24:20 C:\Arma\Server\orange\addons\props_f_orange.pbo - 129371
23:24:20 C:\Arma\Server\orange\addons\soft_f_orange.pbo - 132239
23:24:20 C:\Arma\Server\orange\addons\sounds_f_orange.pbo - 135584
23:24:20 C:\Arma\Server\orange\addons\structures_f_orange.pbo - 132196
23:24:20 C:\Arma\Server\orange\addons\supplies_f_orange.pbo - 129371
23:24:20 C:\Arma\Server\orange\addons\ui_f_orange.pbo - 123398
23:24:20 C:\Arma\Server\orange\addons\weapons_f_orange.pbo - 132847
23:24:20 C:\Arma\Server\argo\addons\armor_f_argo.pbo - 129739
23:24:20 C:\Arma\Server\argo\addons\characters_f_patrol.pbo - 129998
23:24:20 C:\Arma\Server\argo\addons\data_f_argo.pbo - 128209
23:24:20 C:\Arma\Server\argo\addons\data_f_patrol.pbo - 121287
23:24:20 C:\Arma\Server\argo\addons\editorpreviews_f_argo.pbo - 121102
23:24:20 C:\Arma\Server\argo\addons\functions_f_patrol.pbo - 119457
23:24:20 C:\Arma\Server\argo\addons\languagemissions_f_patrol.pbo - 136608
23:24:20 C:\Arma\Server\argo\addons\language_f_argo.pbo - 136954
23:24:20 C:\Arma\Server\argo\addons\language_f_patrol.pbo - 136608
23:24:20 C:\Arma\Server\argo\addons\map_malden.pbo - 135888
23:24:20 C:\Arma\Server\argo\addons\map_malden_data.pbo - 135888
23:24:20 C:\Arma\Server\argo\addons\map_malden_data_layers.pbo - 135888
23:24:20 C:\Arma\Server\argo\addons\map_malden_scenes_f.pbo - 120026
23:24:20 C:\Arma\Server\argo\addons\missions_f_patrol.pbo - 126663
23:24:20 C:\Arma\Server\argo\addons\modules_f_patrol.pbo - 119459
23:24:20 C:\Arma\Server\argo\addons\music_f_argo.pbo - 119459
23:24:20 C:\Arma\Server\argo\addons\props_f_argo.pbo - 129371
23:24:20 C:\Arma\Server\argo\addons\rocks_f_argo.pbo - 123488
23:24:20 C:\Arma\Server\argo\addons\sounds_f_patrol.pbo - 119477
23:24:20 C:\Arma\Server\argo\addons\structures_f_argo.pbo - 128082
23:24:20 C:\Arma\Server\argo\addons\ui_f_patrol.pbo - 119478
23:24:20 C:\Arma\Server\argo\addons\vegetation_f_argo.pbo - 123488
23:24:20 C:\Arma\Server\argo\addons\weapons_f_patrol.pbo - 119478
23:24:20 C:\Arma\Server\jets\addons\air_f_jets.pbo - 132072
23:24:20 C:\Arma\Server\jets\addons\anims_f_jets.pbo - 123210
23:24:20 C:\Arma\Server\jets\addons\boat_f_destroyer.pbo - 132140
23:24:20 C:\Arma\Server\jets\addons\boat_f_jets.pbo - 129607
23:24:20 C:\Arma\Server\jets\addons\cargoposes_f_jets.pbo - 126225
23:24:20 C:\Arma\Server\jets\addons\characters_f_jets.pbo - 129739
23:24:20 C:\Arma\Server\jets\addons\data_f_destroyer.pbo - 132156
23:24:20 C:\Arma\Server\jets\addons\data_f_jets.pbo - 119457
23:24:20 C:\Arma\Server\jets\addons\data_f_sams.pbo - 132140
23:24:20 C:\Arma\Server\jets\addons\dubbing_f_jets.pbo - 119457
23:24:20 C:\Arma\Server\jets\addons\editorpreviews_f_destroyer.pbo - 132141
23:24:20 C:\Arma\Server\jets\addons\editorpreviews_f_jets.pbo - 119457
23:24:20 C:\Arma\Server\jets\addons\editorpreviews_f_sams.pbo - 132141
23:24:20 C:\Arma\Server\jets\addons\functions_f_destroyer.pbo - 132353
23:24:20 C:\Arma\Server\jets\addons\functions_f_jets.pbo - 119457
23:24:20 C:\Arma\Server\jets\addons\languagemissions_f_jets.pbo - 136608
23:24:20 C:\Arma\Server\jets\addons\language_f_destroyer.pbo - 136607
23:24:20 C:\Arma\Server\jets\addons\language_f_jets.pbo - 136608
23:24:20 C:\Arma\Server\jets\addons\language_f_sams.pbo - 136608
23:24:20 C:\Arma\Server\jets\addons\missions_f_jets.pbo - 130755
23:24:20 C:\Arma\Server\jets\addons\modules_f_jets.pbo - 119459
23:24:20 C:\Arma\Server\jets\addons\music_f_jets.pbo - 119459
23:24:20 C:\Arma\Server\jets\addons\props_f_destroyer.pbo - 132141
23:24:20 C:\Arma\Server\jets\addons\props_f_jets.pbo - 129371
23:24:20 C:\Arma\Server\jets\addons\sounds_f_jets.pbo - 119477
23:24:20 C:\Arma\Server\jets\addons\static_f_destroyer.pbo - 136117
23:24:20 C:\Arma\Server\jets\addons\static_f_jets.pbo - 131969
23:24:20 C:\Arma\Server\jets\addons\static_f_sams.pbo - 133561
23:24:20 C:\Arma\Server\jets\addons\ui_f_jets.pbo - 126137
23:24:20 C:\Arma\Server\jets\addons\weapons_f_destroyer.pbo - 132268
23:24:20 C:\Arma\Server\jets\addons\weapons_f_jets.pbo - 131383
23:24:20 C:\Arma\Server\jets\addons\weapons_f_sams.pbo - 132352
23:24:20 C:\Arma\Server\expansion\addons\air_f_exp.pbo - 133748
23:24:20 C:\Arma\Server\expansion\addons\anims_f_exp.pbo - 126506
23:24:20 C:\Arma\Server\expansion\addons\armor_f_exp.pbo - 129739
23:24:20 C:\Arma\Server\expansion\addons\boat_f_exp.pbo - 129747
23:24:20 C:\Arma\Server\expansion\addons\cargoposes_f_exp.pbo - 126224
23:24:20 C:\Arma\Server\expansion\addons\characters_f_exp.pbo - 136616
23:24:20 C:\Arma\Server\expansion\addons\data_f_exp.pbo - 128203
23:24:20 C:\Arma\Server\expansion\addons\dubbing_f_exp.pbo - 119457
23:24:20 C:\Arma\Server\expansion\addons\dubbing_radio_f_exp.pbo - 119458
23:24:20 C:\Arma\Server\expansion\addons\dubbing_radio_f_exp_data_chi.pbo - 119458
23:24:20 C:\Arma\Server\expansion\addons\dubbing_radio_f_exp_data_engfre.pbo - 119457
23:24:20 C:\Arma\Server\expansion\addons\dubbing_radio_f_exp_data_fre.pbo - 119457
23:24:20 C:\Arma\Server\expansion\addons\editorpreviews_f_exp.pbo - 136616
23:24:20 C:\Arma\Server\expansion\addons\functions_f_exp.pbo - 132366
23:24:20 C:\Arma\Server\expansion\addons\languagemissions_f_exp.pbo - 136607
23:24:20 C:\Arma\Server\expansion\addons\language_f_exp.pbo - 136607
23:24:20 C:\Arma\Server\expansion\addons\map_data_exp.pbo - 136265
23:24:20 C:\Arma\Server\expansion\addons\map_tanoabuka.pbo - 136265
23:24:20 C:\Arma\Server\expansion\addons\map_tanoabuka_data.pbo - 135884
23:24:20 C:\Arma\Server\expansion\addons\map_tanoabuka_data_layers.pbo - 121192
23:24:20 C:\Arma\Server\expansion\addons\map_tanoabuka_data_layers_00_00.pbo - 121192
23:24:20 C:\Arma\Server\expansion\addons\map_tanoa_scenes_f.pbo - 123527
23:24:20 C:\Arma\Server\expansion\addons\missions_f_exp.pbo - 132366
23:24:20 C:\Arma\Server\expansion\addons\missions_f_exp_data.pbo - 119459
23:24:20 C:\Arma\Server\expansion\addons\missions_f_exp_video.pbo - 119459
23:24:20 C:\Arma\Server\expansion\addons\modules_f_exp.pbo - 119459
23:24:20 C:\Arma\Server\expansion\addons\music_f_exp.pbo - 119477
23:24:20 C:\Arma\Server\expansion\addons\music_f_exp_music.pbo - 119477
23:24:20 C:\Arma\Server\expansion\addons\props_f_exp.pbo - 135930
23:24:20 C:\Arma\Server\expansion\addons\rocks_f_exp.pbo - 129683
23:24:20 C:\Arma\Server\expansion\addons\soft_f_exp.pbo - 136527
23:24:20 C:\Arma\Server\expansion\addons\sounds_f_exp.pbo - 131659
23:24:20 C:\Arma\Server\expansion\addons\static_f_exp.pbo - 119478
23:24:20 C:\Arma\Server\expansion\addons\structures_f_exp.pbo - 133054
23:24:20 C:\Arma\Server\expansion\addons\structures_f_exp_civilian.pbo - 133663
23:24:20 C:\Arma\Server\expansion\addons\structures_f_exp_commercial.pbo - 136202
23:24:20 C:\Arma\Server\expansion\addons\structures_f_exp_cultural.pbo - 136265
23:24:20 C:\Arma\Server\expansion\addons\structures_f_exp_data.pbo - 133427
23:24:20 C:\Arma\Server\expansion\addons\structures_f_exp_industrial.pbo - 132886
23:24:20 C:\Arma\Server\expansion\addons\structures_f_exp_infrastructure.pbo - 134367
23:24:20 C:\Arma\Server\expansion\addons\supplies_f_exp.pbo - 129371
23:24:20 C:\Arma\Server\expansion\addons\ui_f_exp.pbo - 123398
23:24:20 C:\Arma\Server\expansion\addons\vegetation_f_exp.pbo - 135745
23:24:20 C:\Arma\Server\expansion\addons\weapons_f_exp.pbo - 136739
23:24:20 C:\Arma\Server\mark\addons\anims_f_mark.pbo - 119457
23:24:20 C:\Arma\Server\mark\addons\characters_f_mark.pbo - 129739
23:24:20 C:\Arma\Server\mark\addons\data_f_mark.pbo - 129371
23:24:20 C:\Arma\Server\mark\addons\dubbing_f_mark.pbo - 119457
23:24:20 C:\Arma\Server\mark\addons\dubbing_f_mp_mark.pbo - 119457
23:24:20 C:\Arma\Server\mark\addons\functions_f_mark.pbo - 129645
23:24:20 C:\Arma\Server\mark\addons\functions_f_mp_mark.pbo - 129434
23:24:20 C:\Arma\Server\mark\addons\languagemissions_f_mark.pbo - 136608
23:24:20 C:\Arma\Server\mark\addons\languagemissions_f_mp_mark.pbo - 136608
23:24:20 C:\Arma\Server\mark\addons\language_f_mark.pbo - 136634
23:24:20 C:\Arma\Server\mark\addons\language_f_mp_mark.pbo - 136608
23:24:20 C:\Arma\Server\mark\addons\missions_f_mark.pbo - 122301
23:24:20 C:\Arma\Server\mark\addons\missions_f_mark_data.pbo - 119459
23:24:20 C:\Arma\Server\mark\addons\missions_f_mark_video.pbo - 119459
23:24:20 C:\Arma\Server\mark\addons\missions_f_mp_mark.pbo - 119459
23:24:20 C:\Arma\Server\mark\addons\missions_f_mp_mark_data.pbo - 119459
23:24:20 C:\Arma\Server\mark\addons\modules_f_mark.pbo - 119459
23:24:20 C:\Arma\Server\mark\addons\modules_f_mp_mark.pbo - 119459
23:24:20 C:\Arma\Server\mark\addons\music_f_mark.pbo - 119477
23:24:20 C:\Arma\Server\mark\addons\music_f_mark_music.pbo - 119477
23:24:20 C:\Arma\Server\mark\addons\sounds_f_mark.pbo - 119478
23:24:20 C:\Arma\Server\mark\addons\static_f_mark.pbo - 130728
23:24:20 C:\Arma\Server\mark\addons\structures_f_mark.pbo - 123419
23:24:20 C:\Arma\Server\mark\addons\supplies_f_mark.pbo - 129371
23:24:20 C:\Arma\Server\mark\addons\ui_f_mark.pbo - 119478
23:24:20 C:\Arma\Server\mark\addons\ui_f_mp_mark.pbo - 119478
23:24:20 C:\Arma\Server\mark\addons\weapons_f_mark.pbo - 131460
23:24:20 C:\Arma\Server\heli\addons\air_f_heli.pbo - 134954
23:24:20 C:\Arma\Server\heli\addons\anims_f_heli.pbo - 123210
23:24:20 C:\Arma\Server\heli\addons\boat_f_heli.pbo - 119457
23:24:20 C:\Arma\Server\heli\addons\cargoposes_f_heli.pbo - 126231
23:24:20 C:\Arma\Server\heli\addons\data_f_heli.pbo - 119457
23:24:20 C:\Arma\Server\heli\addons\dubbing_f_heli.pbo - 119457
23:24:20 C:\Arma\Server\heli\addons\functions_f_heli.pbo - 123022
23:24:20 C:\Arma\Server\heli\addons\languagemissions_f_heli.pbo - 136608
23:24:20 C:\Arma\Server\heli\addons\language_f_heli.pbo - 136608
23:24:20 C:\Arma\Server\heli\addons\missions_f_heli.pbo - 129397
23:24:20 C:\Arma\Server\heli\addons\missions_f_heli_data.pbo - 119459
23:24:20 C:\Arma\Server\heli\addons\missions_f_heli_video.pbo - 119459
23:24:20 C:\Arma\Server\heli\addons\modules_f_heli.pbo - 119459
23:24:20 C:\Arma\Server\heli\addons\music_f_heli.pbo - 119477
23:24:20 C:\Arma\Server\heli\addons\music_f_heli_music.pbo - 119477
23:24:20 C:\Arma\Server\heli\addons\soft_f_heli.pbo - 129742
23:24:20 C:\Arma\Server\heli\addons\sounds_f_heli.pbo - 119478
23:24:20 C:\Arma\Server\heli\addons\structures_f_heli.pbo - 134453
23:24:20 C:\Arma\Server\heli\addons\supplies_f_heli.pbo - 132806
23:24:20 C:\Arma\Server\heli\addons\ui_f_heli.pbo - 119478
23:24:20 C:\Arma\Server\kart\addons\anims_f_kart.pbo - 123210
23:24:20 C:\Arma\Server\kart\addons\characters_f_kart.pbo - 133719
23:24:20 C:\Arma\Server\kart\addons\data_f_kart.pbo - 119457
23:24:20 C:\Arma\Server\kart\addons\languagemissions_f_kart.pbo - 136607
23:24:20 C:\Arma\Server\kart\addons\language_f_kart.pbo - 136608
23:24:20 C:\Arma\Server\kart\addons\missions_f_kart.pbo - 119459
23:24:20 C:\Arma\Server\kart\addons\missions_f_kart_data.pbo - 119459
23:24:20 C:\Arma\Server\kart\addons\modules_f_kart.pbo - 128288
23:24:20 C:\Arma\Server\kart\addons\modules_f_kart_data.pbo - 124178
23:24:20 C:\Arma\Server\kart\addons\soft_f_kart.pbo - 132531
23:24:20 C:\Arma\Server\kart\addons\sounds_f_kart.pbo - 125381
23:24:20 C:\Arma\Server\kart\addons\structures_f_kart.pbo - 123419
23:24:20 C:\Arma\Server\kart\addons\ui_f_kart.pbo - 119478
23:24:20 C:\Arma\Server\kart\addons\weapons_f_kart.pbo - 120217
23:24:20 C:\Arma\Server\curator\addons\data_f_curator.pbo - 134513
23:24:20 C:\Arma\Server\curator\addons\data_f_curator_music.pbo - 119457
23:24:20 C:\Arma\Server\curator\addons\functions_f_curator.pbo - 123333
23:24:20 C:\Arma\Server\curator\addons\language_f_curator.pbo - 136608
23:24:20 C:\Arma\Server\curator\addons\missions_f_curator.pbo - 121570
23:24:20 C:\Arma\Server\curator\addons\modules_f_curator.pbo - 128381
23:24:20 C:\Arma\Server\curator\addons\ui_f_curator.pbo - 130996
23:24:20 addons\3den.pbo - 136221
23:24:20 addons\3den_language.pbo - 136608
23:24:20 addons\a3.pbo - unknown
23:24:20 addons\air_f.pbo - 135631
23:24:20 addons\air_f_beta.pbo - 133761
23:24:20 addons\air_f_epb.pbo - 132034
23:24:20 addons\air_f_epc.pbo - 129848
23:24:20 addons\air_f_gamma.pbo - 130580
23:24:20 addons\animals_f.pbo - 135988
23:24:20 addons\animals_f_beta.pbo - 123208
23:24:20 addons\anims_f.pbo - 135988
23:24:20 addons\anims_f_bootcamp.pbo - 123209
23:24:20 addons\anims_f_data.pbo - 127133
23:24:20 addons\anims_f_epa.pbo - 134499
23:24:20 addons\anims_f_epc.pbo - 121358
23:24:20 addons\anims_f_exp_a.pbo - 123209
23:24:20 addons\anims_f_mod.pbo - 135280
23:24:20 addons\armor_f.pbo - 129739
23:24:20 addons\armor_f_beta.pbo - 135660
23:24:20 addons\armor_f_epb.pbo - 135660
23:24:20 addons\armor_f_epc.pbo - 135661
23:24:20 addons\armor_f_gamma.pbo - 135661
23:24:20 addons\baseconfig_f.pbo - 119457
23:24:20 addons\boat_f.pbo - 132036
23:24:20 addons\boat_f_beta.pbo - 132036
23:24:20 addons\boat_f_epc.pbo - 131911
23:24:20 addons\boat_f_gamma.pbo - 127529
23:24:20 addons\cargoposes_f.pbo - 128420
23:24:20 addons\characters_f.pbo - 136640
23:24:20 addons\characters_f_beta.pbo - 133719
23:24:20 addons\characters_f_bootcamp.pbo - 133719
23:24:20 addons\characters_f_epa.pbo - 133719
23:24:20 addons\characters_f_epb.pbo - 133719
23:24:20 addons\characters_f_epc.pbo - 133719
23:24:20 addons\characters_f_gamma.pbo - 133719
23:24:20 addons\data_f.pbo - 136108
23:24:20 addons\data_f_bootcamp.pbo - 129618
23:24:20 addons\data_f_exp_a.pbo - 119457
23:24:20 addons\data_f_exp_b.pbo - 119457
23:24:20 addons\data_f_mod.pbo - 131534
23:24:20 addons\data_f_warlords.pbo - 135843
23:24:20 addons\drones_f.pbo - 132036
23:24:20 addons\dubbing_f.pbo - 119457
23:24:20 addons\dubbing_f_beta.pbo - 119457
23:24:20 addons\dubbing_f_bootcamp.pbo - 119457
23:24:20 addons\dubbing_f_epa.pbo - 119457
23:24:20 addons\dubbing_f_epb.pbo - 119457
23:24:20 addons\dubbing_f_epc.pbo - 119457
23:24:20 addons\dubbing_f_gamma.pbo - 122449
23:24:20 addons\dubbing_f_warlords.pbo - 136700
23:24:20 addons\dubbing_radio_f.pbo - 119457
23:24:20 addons\dubbing_radio_f_data_eng.pbo - 119457
23:24:20 addons\dubbing_radio_f_data_engb.pbo - 119458
23:24:20 addons\dubbing_radio_f_data_gre.pbo - 119458
23:24:20 addons\dubbing_radio_f_data_per.pbo - 119458
23:24:20 addons\dubbing_radio_f_data_vr.pbo - 119458
23:24:20 addons\editorpreviews_f.pbo - 136616
23:24:20 addons\editor_f.pbo - 121103
23:24:20 addons\functions_f.pbo - 137107
23:24:20 addons\functions_f_bootcamp.pbo - 129770
23:24:20 addons\functions_f_epa.pbo - 119458
23:24:20 addons\functions_f_epc.pbo - 119458
23:24:20 addons\functions_f_exp_a.pbo - 122619
23:24:20 addons\functions_f_warlords.pbo - 137634
23:24:20 addons\languagemissions_f.pbo - 136607
23:24:20 addons\languagemissions_f_beta.pbo - 136607
23:24:20 addons\languagemissions_f_bootcamp.pbo - 136608
23:24:20 addons\languagemissions_f_epa.pbo - 136607
23:24:20 addons\languagemissions_f_epb.pbo - 136607
23:24:20 addons\languagemissions_f_epc.pbo - 136607
23:24:20 addons\languagemissions_f_exp_a.pbo - 136608
23:24:20 addons\languagemissions_f_gamma.pbo - 136608
23:24:20 addons\language_f.pbo - 136608
23:24:20 addons\language_f_beta.pbo - 136608
23:24:20 addons\language_f_bootcamp.pbo - 136608
23:24:20 addons\language_f_epa.pbo - 136607
23:24:20 addons\language_f_epb.pbo - 136608
23:24:20 addons\language_f_epc.pbo - 136607
23:24:20 addons\language_f_exp_a.pbo - 136607
23:24:20 addons\language_f_exp_b.pbo - 136607
23:24:20 addons\language_f_gamma.pbo - 136608
23:24:20 addons\language_f_mod.pbo - 136608
23:24:20 addons\language_f_warlords.pbo - 136955
23:24:20 addons\map_altis.pbo - 135915
23:24:20 addons\map_altis_data.pbo - 135904
23:24:20 addons\map_altis_data_layers.pbo - 135913
23:24:20 addons\map_altis_data_layers_00_00.pbo - 0000
23:24:20 addons\map_altis_data_layers_00_01.pbo - 0000
23:24:20 addons\map_altis_data_layers_01_00.pbo - 0000
23:24:20 addons\map_altis_data_layers_01_01.pbo - 0000
23:24:20 addons\map_altis_scenes_f.pbo - 119459
23:24:20 addons\map_data.pbo - 134124
23:24:20 addons\map_stratis.pbo - 135888
23:24:20 addons\map_stratis_data.pbo - 135888
23:24:20 addons\map_stratis_data_layers.pbo - 135888
23:24:20 addons\map_stratis_scenes_f.pbo - 119459
23:24:20 addons\map_vr.pbo - 135900
23:24:20 addons\map_vr_scenes_f.pbo - 119459
23:24:20 addons\misc_f.pbo - 119459
23:24:20 addons\missions_f.pbo - 129735
23:24:20 addons\missions_f_beta.pbo - 122470
23:24:20 addons\missions_f_beta_data.pbo - 119459
23:24:20 addons\missions_f_beta_video.pbo - 119459
23:24:20 addons\missions_f_bootcamp.pbo - 129645
23:24:20 addons\missions_f_bootcamp_data.pbo - 119459
23:24:20 addons\missions_f_bootcamp_video.pbo - 119459
23:24:20 addons\missions_f_data.pbo - 119459
23:24:20 addons\missions_f_epa.pbo - 132519
23:24:20 addons\missions_f_epa_data.pbo - 119459
23:24:20 addons\missions_f_epa_video.pbo - 119459
23:24:20 addons\missions_f_epb.pbo - 119459
23:24:20 addons\missions_f_epc.pbo - 119459
23:24:20 addons\missions_f_exp_a.pbo - 121496
23:24:20 addons\missions_f_exp_a_data.pbo - 119459
23:24:20 addons\missions_f_gamma.pbo - 133233
23:24:20 addons\missions_f_gamma_data.pbo - 119459
23:24:20 addons\missions_f_gamma_video.pbo - 119459
23:24:20 addons\missions_f_video.pbo - 119459
23:24:20 addons\missions_f_warlords.pbo - 137544
23:24:20 addons\modules_f.pbo - 124453
23:24:20 addons\modules_f_beta.pbo - 119459
23:24:20 addons\modules_f_beta_data.pbo - 119459
23:24:20 addons\modules_f_bootcamp.pbo - 119459
23:24:20 addons\modules_f_data.pbo - 122470
23:24:20 addons\modules_f_epb.pbo - 134655
23:24:20 addons\modules_f_exp_a.pbo - 119459
23:24:20 addons\modules_f_warlords.pbo - 136703
23:24:20 addons\music_f.pbo - 119459
23:24:20 addons\music_f_bootcamp.pbo - 119459
23:24:20 addons\music_f_bootcamp_music.pbo - 119459
23:24:20 addons\music_f_epa.pbo - 119459
23:24:20 addons\music_f_epa_music.pbo - 119459
23:24:20 addons\music_f_epb.pbo - 119459
23:24:20 addons\music_f_epb_music.pbo - 119459
23:24:20 addons\music_f_epc.pbo - 119459
23:24:20 addons\music_f_epc_music.pbo - 119477
23:24:20 addons\music_f_music.pbo - 119477
23:24:20 addons\plants_f.pbo - 126807
23:24:20 addons\props_f_exp_a.pbo - 129371
23:24:20 addons\roads_f.pbo - 127271
23:24:20 addons\rocks_f.pbo - 127271
23:24:20 addons\signs_f.pbo - 136481
23:24:20 addons\soft_f.pbo - 133870
23:24:20 addons\soft_f_beta.pbo - 133871
23:24:20 addons\soft_f_bootcamp.pbo - 129739
23:24:20 addons\soft_f_epc.pbo - 136818
23:24:20 addons\soft_f_gamma.pbo - 135248
23:24:20 addons\sounds_f.pbo - 136618
23:24:20 addons\sounds_f_arsenal.pbo - 127887
23:24:20 addons\sounds_f_bootcamp.pbo - 119477
23:24:20 addons\sounds_f_characters.pbo - 133117
23:24:20 addons\sounds_f_environment.pbo - 120046
23:24:20 addons\sounds_f_epb.pbo - 126923
23:24:20 addons\sounds_f_epc.pbo - 125380
23:24:20 addons\sounds_f_exp_a.pbo - 119477
23:24:20 addons\sounds_f_mod.pbo - 131534
23:24:20 addons\sounds_f_sfx.pbo - 119477
23:24:20 addons\sounds_f_vehicles.pbo - 128448
23:24:20 addons\static_f.pbo - 132364
23:24:20 addons\static_f_beta.pbo - 132365
23:24:20 addons\static_f_gamma.pbo - 122615
23:24:20 addons\structures_f.pbo - 136213
23:24:20 addons\structures_f_bootcamp.pbo - 123488
23:24:20 addons\structures_f_data.pbo - 130046
23:24:20 addons\structures_f_epa.pbo - 135441
23:24:20 addons\structures_f_epb.pbo - 126137
23:24:20 addons\structures_f_epc.pbo - 123407
23:24:20 addons\structures_f_exp_a.pbo - 132665
23:24:20 addons\structures_f_households.pbo - 129369
23:24:20 addons\structures_f_ind.pbo - 136213
23:24:20 addons\structures_f_mil.pbo - 135984
23:24:20 addons\structures_f_wrecks.pbo - 129371
23:24:20 addons\uifonts_f.pbo - 119478
23:24:20 addons\uifonts_f_data.pbo - 128439
23:24:20 addons\ui_f.pbo - 136109
23:24:20 addons\ui_f_bootcamp.pbo - 119478
23:24:20 addons\ui_f_data.pbo - 135221
23:24:20 addons\ui_f_exp_a.pbo - 119478
23:24:20 addons\weapons_f.pbo - 136759
23:24:20 addons\weapons_f_beta.pbo - 133007
23:24:20 addons\weapons_f_bootcamp.pbo - 124358
23:24:20 addons\weapons_f_epa.pbo - 124514
23:24:20 addons\weapons_f_epb.pbo - 124216
23:24:20 addons\weapons_f_epc.pbo - 130416
23:24:20 addons\weapons_f_gamma.pbo - 120217
23:24:20 addons\weapons_f_mod.pbo - 136854
23:24:20 
23:24:20 =======================
23:24:20 
23:24:21 ============================================================================================= List of mods ===============================================================================================
23:24:21 modsReadOnly = true
23:24:21 safeModsActivated = false
23:24:21 customMods = true
23:24:21 hash = '8BF1F65ED8E619699507469EC6A8B111A8932B81'
23:24:21 hashShort = '91068ee9'
23:24:21                                               name |               modDir |    default |               origin |                                     hash | hashShort | fullPath
23:24:21 ----------------------------------------------------------------------------------------------------------------------------------------------------------------------------------------------------------
23:24:21                                    @infiSTAR_Exile |      @infiSTAR_Exile |      false |             GAME DIR | 1da91286c9764367b6c07f62ceb5c52528e4206f |  d518ade0 | C:\Arma\Server\@infiSTAR_Exile
23:24:21                                       @ExileServer |         @ExileServer |      false |             GAME DIR | 3403fdc2adfe5f86193d4442604579fe52d2a7e4 |  9971406d | C:\Arma\Server\@ExileServer
23:24:21                                Arma 3 DLC Bundle 2 |           dlcbundle2 |       true |            NOT FOUND |                                          |           | 
23:24:21                                Arma 3 DLC Bundle 1 |            dlcbundle |       true |            NOT FOUND |                                          |           | 
23:24:21                                       Arma 3 Tanks |                 tank |       true |             GAME DIR | 1687d1a28082a88df48d9a56f2f39bd547c059c4 |  df9a305a | C:\Arma\Server\tank
23:24:21                                     Arma 3 Tac-Ops |               tacops |       true |             GAME DIR | 681413cb6415a601f1e0728a6c25720be3d49ae4 |  e5ebfd02 | C:\Arma\Server\tacops
23:24:21                                 Arma 3 Laws of War |               orange |       true |             GAME DIR | 6e8274be7b769cfd0472e7a3034f95f80492ce83 |  eaa5b563 | C:\Arma\Server\orange
23:24:21                                      Arma 3 Malden |                 argo |       true |             GAME DIR | adc7fbd43eabf6acc97aef5f87b2b5e3f2b33b08 |  f784a4d6 | C:\Arma\Server\argo
23:24:21                                        Arma 3 Jets |                 jets |       true |             GAME DIR | 7483cc52ff5decc7a262a40353703f75663c70c2 |  5e99a6c1 | C:\Arma\Server\jets
23:24:21                                        Arma 3 Apex |            expansion |       true |             GAME DIR | 559a5cf8309fee9d3297b17f481dd23d0e7c1cdb |  578970e7 | C:\Arma\Server\expansion
23:24:21                                    Arma 3 Marksmen |                 mark |       true |             GAME DIR | 8a4f6eb4dc1c96b47ea37bc1bafbe161df71dc93 |  267c31c4 | C:\Arma\Server\mark
23:24:21                                 Arma 3 Helicopters |                 heli |       true |             GAME DIR | 0d9b4822c62634ca9dac79f18f6efab669971211 |  3473e417 | C:\Arma\Server\heli
23:24:21                                       Arma 3 Karts |                 kart |       true |             GAME DIR | 6b1e56eed8f1e8bf598576c32be2f440eda5bf1f |  5e2d7aba | C:\Arma\Server\kart
23:24:21                                        Arma 3 Zeus |              curator |       true |             GAME DIR | bc4789f5b4e1fc0cff757c153778678b2489d718 |  eaf13475 | C:\Arma\Server\curator
23:24:21                                             Arma 3 |                   A3 |       true |            NOT FOUND |                                          |           | 
23:24:21 ==========================================================================================================================================================================================================
23:24:21 InitSound ...
23:24:21 InitSound - complete
23:24:21 PhysX3 SDK Init started ...
23:24:21 PhysX3 SDK Init ended.
23:24:28 core\skyobject\skyobject.p3d: No geometry and no visual shape
23:24:28 a3\data_f\krater.p3d: No geometry and no visual shape
23:24:29 a3\data_f\koule.p3d: No geometry and no visual shape
23:24:30 Warning Message: You cannot play/edit this mission; it is dependent on downloadable content that has been deleted.
a3_characters_f
23:24:30 Loading movesType CfgGesturesMale
23:24:30 Animation a3\anims_f\data\anim\sdr\gst\gestureempty.rtm not found or empty
23:24:30 MovesType CfgGesturesMale load time 164 ms
23:24:30 Loading movesType CfgMovesMaleSdr
23:24:49 MovesType CfgMovesMaleSdr load time 19008 ms
23:24:49 a3\characters_f\proxies\flag.p3d: No geometry and no visual shape
23:24:49 VoteThreshold must be in 0..1 range. Defaulting to 0.5
Initializing Steam server failed
Warning Message: mpmissions\__cur_mp.Malden\mission.sqm/Mission/Entities/Item0/Entities/Item0.type: Vehicle class Exile_Unit_GhostPlayer no longer exists
Warning Message: mpmissions\__cur_mp.Malden\mission.sqm/Mission/Entities/Item0/Entities/Item1.type: Vehicle class Exile_Unit_GhostPlayer no longer exists
Warning Message: mpmissions\__cur_mp.Malden\mission.sqm/Mission/Entities/Item0/Entities/Item2.type: Vehicle class Exile_Unit_GhostPlayer no longer exists
Warning Message: mpmissions\__cur_mp.Malden\mission.sqm/Mission/Entities/Item0/Entities/Item3.type: Vehicle class Exile_Unit_GhostPlayer no longer exists
Warning Message: mpmissions\__cur_mp.Malden\mission.sqm/Mission/Entities/Item0/Entities/Item4.type: Vehicle class Exile_Unit_GhostPlayer no longer exists
Warning Message: mpmissions\__cur_mp.Malden\mission.sqm/Mission/Entities/Item0/Entities/Item5.type: Vehicle class Exile_Unit_GhostPlayer no longer exists
Warning Message: mpmissions\__cur_mp.Malden\mission.sqm/Mission/Entities/Item0/Entities/Item6.type: Vehicle class Exile_Unit_GhostPlayer no longer exists
Warning Message: mpmissions\__cur_mp.Malden\mission.sqm/Mission/Entities/Item0/Entities/Item7.type: Vehicle class Exile_Unit_GhostPlayer no longer exists
Warning Message: mpmissions\__cur_mp.Malden\mission.sqm/Mission/Entities/Item0/Entities/Item8.type: Vehicle class Exile_Unit_GhostPlayer no longer exists
Warning Message: mpmissions\__cur_mp.Malden\mission.sqm/Mission/Entities/Item0/Entities/Item9.type: Vehicle class Exile_Unit_GhostPlayer no longer exists
Warning Message: mpmissions\__cur_mp.Malden\mission.sqm/Mission/Entities/Item0/Entities/Item10.type: Vehicle class Exile_Unit_GhostPlayer no longer exists
Warning Message: mpmissions\__cur_mp.Malden\mission.sqm/Mission/Entities/Item0/Entities/Item11.type: Vehicle class Exile_Unit_GhostPlayer no longer exists
Warning Message: mpmissions\__cur_mp.Malden\mission.sqm/Mission/Entities/Item0/Entities/Item12.type: Vehicle class Exile_Unit_GhostPlayer no longer exists
Warning Message: mpmissions\__cur_mp.Malden\mission.sqm/Mission/Entities/Item0/Entities/Item13.type: Vehicle class Exile_Unit_GhostPlayer no longer exists
Warning Message: mpmissions\__cur_mp.Malden\mission.sqm/Mission/Entities/Item0/Entities/Item14.type: Vehicle class Exile_Unit_GhostPlayer no longer exists
Warning Message: mpmissions\__cur_mp.Malden\mission.sqm/Mission/Entities/Item0/Entities/Item15.type: Vehicle class Exile_Unit_GhostPlayer no longer exists
Warning Message: mpmissions\__cur_mp.Malden\mission.sqm/Mission/Entities/Item0/Entities/Item16.type: Vehicle class Exile_Unit_GhostPlayer no longer exists
Warning Message: mpmissions\__cur_mp.Malden\mission.sqm/Mission/Entities/Item0/Entities/Item17.type: Vehicle class Exile_Unit_GhostPlayer no longer exists
Warning Message: mpmissions\__cur_mp.Malden\mission.sqm/Mission/Entities/Item0/Entities/Item18.type: Vehicle class Exile_Unit_GhostPlayer no longer exists
Warning Message: mpmissions\__cur_mp.Malden\mission.sqm/Mission/Entities/Item0/Entities/Item19.type: Vehicle class Exile_Unit_GhostPlayer no longer exists
Warning Message: mpmissions\__cur_mp.Malden\mission.sqm/Mission/Entities/Item0/Entities/Item20.type: Vehicle class Exile_Unit_GhostPlayer no longer exists
Warning Message: mpmissions\__cur_mp.Malden\mission.sqm/Mission/Entities/Item0/Entities/Item21.type: Vehicle class Exile_Unit_GhostPlayer no longer exists
Warning Message: mpmissions\__cur_mp.Malden\mission.sqm/Mission/Entities/Item0/Entities/Item22.type: Vehicle class Exile_Unit_GhostPlayer no longer exists
Warning Message: mpmissions\__cur_mp.Malden\mission.sqm/Mission/Entities/Item0/Entities/Item23.type: Vehicle class Exile_Unit_GhostPlayer no longer exists
Warning Message: mpmissions\__cur_mp.Malden\mission.sqm/Mission/Entities/Item0/Entities/Item24.type: Vehicle class Exile_Unit_GhostPlayer no longer exists
Warning Message: mpmissions\__cur_mp.Malden\mission.sqm/Mission/Entities/Item0/Entities/Item25.type: Vehicle class Exile_Unit_GhostPlayer no longer exists
Warning Message: mpmissions\__cur_mp.Malden\mission.sqm/Mission/Entities/Item0/Entities/Item26.type: Vehicle class Exile_Unit_GhostPlayer no longer exists
Warning Message: mpmissions\__cur_mp.Malden\mission.sqm/Mission/Entities/Item0/Entities/Item27.type: Vehicle class Exile_Unit_GhostPlayer no longer exists
Warning Message: mpmissions\__cur_mp.Malden\mission.sqm/Mission/Entities/Item0/Entities/Item28.type: Vehicle class Exile_Unit_GhostPlayer no longer exists
Warning Message: mpmissions\__cur_mp.Malden\mission.sqm/Mission/Entities/Item0/Entities/Item29.type: Vehicle class Exile_Unit_GhostPlayer no longer exists
Warning Message: mpmissions\__cur_mp.Malden\mission.sqm/Mission/Entities/Item0/Entities/Item30.type: Vehicle class Exile_Unit_GhostPlayer no longer exists
Warning Message: mpmissions\__cur_mp.Malden\mission.sqm/Mission/Entities/Item0/Entities/Item31.type: Vehicle class Exile_Unit_GhostPlayer no longer exists
Warning Message: mpmissions\__cur_mp.Malden\mission.sqm/Mission/Entities/Item0/Entities/Item32.type: Vehicle class Exile_Unit_GhostPlayer no longer exists
Warning Message: mpmissions\__cur_mp.Malden\mission.sqm/Mission/Entities/Item0/Entities/Item33.type: Vehicle class Exile_Unit_GhostPlayer no longer exists
Warning Message: mpmissions\__cur_mp.Malden\mission.sqm/Mission/Entities/Item0/Entities/Item34.type: Vehicle class Exile_Unit_GhostPlayer no longer exists
Warning Message: mpmissions\__cur_mp.Malden\mission.sqm/Mission/Entities/Item0/Entities/Item35.type: Vehicle class Exile_Unit_GhostPlayer no longer exists
Warning Message: mpmissions\__cur_mp.Malden\mission.sqm/Mission/Entities/Item0/Entities/Item36.type: Vehicle class Exile_Unit_GhostPlayer no longer exists
Warning Message: mpmissions\__cur_mp.Malden\mission.sqm/Mission/Entities/Item0/Entities/Item37.type: Vehicle class Exile_Unit_GhostPlayer no longer exists
Warning Message: mpmissions\__cur_mp.Malden\mission.sqm/Mission/Entities/Item0/Entities/Item38.type: Vehicle class Exile_Unit_GhostPlayer no longer exists
Warning Message: mpmissions\__cur_mp.Malden\mission.sqm/Mission/Entities/Item0/Entities/Item39.type: Vehicle class Exile_Unit_GhostPlayer no longer exists
Warning Message: mpmissions\__cur_mp.Malden\mission.sqm/Mission/Entities/Item0/Entities/Item40.type: Vehicle class Exile_Unit_GhostPlayer no longer exists
Warning Message: mpmissions\__cur_mp.Malden\mission.sqm/Mission/Entities/Item0/Entities/Item41.type: Vehicle class Exile_Unit_GhostPlayer no longer exists
Warning Message: mpmissions\__cur_mp.Malden\mission.sqm/Mission/Entities/Item0/Entities/Item42.type: Vehicle class Exile_Unit_GhostPlayer no longer exists
Warning Message: mpmissions\__cur_mp.Malden\mission.sqm/Mission/Entities/Item0/Entities/Item43.type: Vehicle class Exile_Unit_GhostPlayer no longer exists
Warning Message: mpmissions\__cur_mp.Malden\mission.sqm/Mission/Entities/Item0/Entities/Item44.type: Vehicle class Exile_Unit_GhostPlayer no longer exists
Warning Message: mpmissions\__cur_mp.Malden\mission.sqm/Mission/Entities/Item0/Entities/Item45.type: Vehicle class Exile_Unit_GhostPlayer no longer exists
Warning Message: mpmissions\__cur_mp.Malden\mission.sqm/Mission/Entities/Item0/Entities/Item46.type: Vehicle class Exile_Unit_GhostPlayer no longer exists
Warning Message: mpmissions\__cur_mp.Malden\mission.sqm/Mission/Entities/Item0/Entities/Item47.type: Vehicle class Exile_Unit_GhostPlayer no longer exists
Warning Message: mpmissions\__cur_mp.Malden\mission.sqm/Mission/Entities/Item0/Entities/Item48.type: Vehicle class Exile_Unit_GhostPlayer no longer exists
Warning Message: mpmissions\__cur_mp.Malden\mission.sqm/Mission/Entities/Item0/Entities/Item49.type: Vehicle class Exile_Unit_GhostPlayer no longer exists
Warning Message: mpmissions\__cur_mp.Malden\mission.sqm/Mission/Entities/Item0/Entities/Item50.type: Vehicle class Exile_Unit_GhostPlayer no longer exists
Warning Message: mpmissions\__cur_mp.Malden\mission.sqm/Mission/Entities/Item0/Entities/Item51.type: Vehicle class Exile_Unit_GhostPlayer no longer exists
Warning Message: mpmissions\__cur_mp.Malden\mission.sqm/Mission/Entities/Item0/Entities/Item52.type: Vehicle class Exile_Unit_GhostPlayer no longer exists
Warning Message: mpmissions\__cur_mp.Malden\mission.sqm/Mission/Entities/Item0/Entities/Item53.type: Vehicle class Exile_Unit_GhostPlayer no longer exists
Warning Message: mpmissions\__cur_mp.Malden\mission.sqm/Mission/Entities/Item0/Entities/Item54.type: Vehicle class Exile_Unit_GhostPlayer no longer exists
Warning Message: mpmissions\__cur_mp.Malden\mission.sqm/Mission/Entities/Item0/Entities/Item55.type: Vehicle class Exile_Unit_GhostPlayer no longer exists
Warning Message: mpmissions\__cur_mp.Malden\mission.sqm/Mission/Entities/Item0/Entities/Item56.type: Vehicle class Exile_Unit_GhostPlayer no longer exists
Warning Message: mpmissions\__cur_mp.Malden\mission.sqm/Mission/Entities/Item0/Entities/Item57.type: Vehicle class Exile_Unit_GhostPlayer no longer exists
Warning Message: mpmissions\__cur_mp.Malden\mission.sqm/Mission/Entities/Item0/Entities/Item58.type: Vehicle class Exile_Unit_GhostPlayer no longer exists
Warning Message: mpmissions\__cur_mp.Malden\mission.sqm/Mission/Entities/Item0/Entities/Item59.type: Vehicle class Exile_Unit_GhostPlayer no longer exists
Warning Message: mpmissions\__cur_mp.Malden\mission.sqm/Mission/Entities/Item0/Entities/Item60.type: Vehicle class Exile_Unit_GhostPlayer no longer exists
Warning Message: mpmissions\__cur_mp.Malden\mission.sqm/Mission/Entities/Item0/Entities/Item61.type: Vehicle class Exile_Unit_GhostPlayer no longer exists
Warning Message: mpmissions\__cur_mp.Malden\mission.sqm/Mission/Entities/Item0/Entities/Item62.type: Vehicle class Exile_Unit_GhostPlayer no longer exists
Warning Message: mpmissions\__cur_mp.Malden\mission.sqm/Mission/Entities/Item0/Entities/Item63.type: Vehicle class Exile_Unit_GhostPlayer no longer exists
Warning Message: mpmissions\__cur_mp.Malden\mission.sqm/Mission/Entities/Item0/Entities/Item64.type: Vehicle class Exile_Unit_GhostPlayer no longer exists
Warning Message: mpmissions\__cur_mp.Malden\mission.sqm/Mission/Entities/Item0/Entities/Item65.type: Vehicle class Exile_Unit_GhostPlayer no longer exists
Warning Message: mpmissions\__cur_mp.Malden\mission.sqm/Mission/Entities/Item0/Entities/Item66.type: Vehicle class Exile_Unit_GhostPlayer no longer exists
Warning Message: mpmissions\__cur_mp.Malden\mission.sqm/Mission/Entities/Item0/Entities/Item67.type: Vehicle class Exile_Unit_GhostPlayer no longer exists
Warning Message: mpmissions\__cur_mp.Malden\mission.sqm/Mission/Entities/Item0/Entities/Item68.type: Vehicle class Exile_Unit_GhostPlayer no longer exists
Warning Message: mpmissions\__cur_mp.Malden\mission.sqm/Mission/Entities/Item0/Entities/Item69.type: Vehicle class Exile_Unit_GhostPlayer no longer exists
Warning Message: mpmissions\__cur_mp.Malden\mission.sqm/Mission/Entities/Item0/Entities/Item70.type: Vehicle class Exile_Unit_GhostPlayer no longer exists
Warning Message: mpmissions\__cur_mp.Malden\mission.sqm/Mission/Entities/Item0/Entities/Item71.type: Vehicle class Exile_Unit_GhostPlayer no longer exists
Warning Message: mpmissions\__cur_mp.Malden\mission.sqm/Mission/Entities/Item0/Entities/Item72.type: Vehicle class Exile_Unit_GhostPlayer no longer exists
Warning Message: mpmissions\__cur_mp.Malden\mission.sqm/Mission/Entities/Item0/Entities/Item73.type: Vehicle class Exile_Unit_GhostPlayer no longer exists
Warning Message: mpmissions\__cur_mp.Malden\mission.sqm/Mission/Entities/Item0/Entities/Item74.type: Vehicle class Exile_Unit_GhostPlayer no longer exists
Warning Message: mpmissions\__cur_mp.Malden\mission.sqm/Mission/Entities/Item0/Entities/Item75.type: Vehicle class Exile_Unit_GhostPlayer no longer exists
Warning Message: mpmissions\__cur_mp.Malden\mission.sqm/Mission/Entities/Item0/Entities/Item76.type: Vehicle class Exile_Unit_GhostPlayer no longer exists
Warning Message: mpmissions\__cur_mp.Malden\mission.sqm/Mission/Entities/Item0/Entities/Item77.type: Vehicle class Exile_Unit_GhostPlayer no longer exists
Warning Message: mpmissions\__cur_mp.Malden\mission.sqm/Mission/Entities/Item0/Entities/Item78.type: Vehicle class Exile_Unit_GhostPlayer no longer exists
Warning Message: mpmissions\__cur_mp.Malden\mission.sqm/Mission/Entities/Item0/Entities/Item79.type: Vehicle class Exile_Unit_GhostPlayer no longer exists
Warning Message: mpmissions\__cur_mp.Malden\mission.sqm/Mission/Entities/Item0/Entities/Item80.type: Vehicle class Exile_Unit_GhostPlayer no longer exists
Warning Message: mpmissions\__cur_mp.Malden\mission.sqm/Mission/Entities/Item0/Entities/Item81.type: Vehicle class Exile_Unit_GhostPlayer no longer exists
Warning Message: mpmissions\__cur_mp.Malden\mission.sqm/Mission/Entities/Item0/Entities/Item82.type: Vehicle class Exile_Unit_GhostPlayer no longer exists
Warning Message: mpmissions\__cur_mp.Malden\mission.sqm/Mission/Entities/Item0/Entities/Item83.type: Vehicle class Exile_Unit_GhostPlayer no longer exists
Warning Message: mpmissions\__cur_mp.Malden\mission.sqm/Mission/Entities/Item0/Entities/Item84.type: Vehicle class Exile_Unit_GhostPlayer no longer exists
Warning Message: mpmissions\__cur_mp.Malden\mission.sqm/Mission/Entities/Item0/Entities/Item85.type: Vehicle class Exile_Unit_GhostPlayer no longer exists
Warning Message: mpmissions\__cur_mp.Malden\mission.sqm/Mission/Entities/Item0/Entities/Item86.type: Vehicle class Exile_Unit_GhostPlayer no longer exists
Warning Message: mpmissions\__cur_mp.Malden\mission.sqm/Mission/Entities/Item0/Entities/Item87.type: Vehicle class Exile_Unit_GhostPlayer no longer exists
Warning Message: mpmissions\__cur_mp.Malden\mission.sqm/Mission/Entities/Item0/Entities/Item88.type: Vehicle class Exile_Unit_GhostPlayer no longer exists
Warning Message: mpmissions\__cur_mp.Malden\mission.sqm/Mission/Entities/Item0/Entities/Item89.type: Vehicle class Exile_Unit_GhostPlayer no longer exists
Warning Message: mpmissions\__cur_mp.Malden\mission.sqm/Mission/Entities/Item0/Entities/Item90.type: Vehicle class Exile_Unit_GhostPlayer no longer exists
Warning Message: mpmissions\__cur_mp.Malden\mission.sqm/Mission/Entities/Item0/Entities/Item91.type: Vehicle class Exile_Unit_GhostPlayer no longer exists
Warning Message: mpmissions\__cur_mp.Malden\mission.sqm/Mission/Entities/Item0/Entities/Item92.type: Vehicle class Exile_Unit_GhostPlayer no longer exists
Warning Message: mpmissions\__cur_mp.Malden\mission.sqm/Mission/Entities/Item0/Entities/Item93.type: Vehicle class Exile_Unit_GhostPlayer no longer exists
Warning Message: mpmissions\__cur_mp.Malden\mission.sqm/Mission/Entities/Item0/Entities/Item94.type: Vehicle class Exile_Unit_GhostPlayer no longer exists
Warning Message: mpmissions\__cur_mp.Malden\mission.sqm/Mission/Entities/Item0/Entities/Item95.type: Vehicle class Exile_Unit_GhostPlayer no longer exists
Warning Message: mpmissions\__cur_mp.Malden\mission.sqm/Mission/Entities/Item0/Entities/Item96.type: Vehicle class Exile_Unit_GhostPlayer no longer exists
Warning Message: mpmissions\__cur_mp.Malden\mission.sqm/Mission/Entities/Item0/Entities/Item97.type: Vehicle class Exile_Unit_GhostPlayer no longer exists
Warning Message: mpmissions\__cur_mp.Malden\mission.sqm/Mission/Entities/Item0/Entities/Item98.type: Vehicle class Exile_Unit_GhostPlayer no longer exists
Warning Message: mpmissions\__cur_mp.Malden\mission.sqm/Mission/Entities/Item0/Entities/Item99.type: Vehicle class Exile_Unit_GhostPlayer no longer exists
Warning Message: No entry 'bin\config.bin/CfgMarkers.ExileTraderZoneIcon'.
Warning Message: No entry '.icon'.
Warning Message: '/' is not a value
Warning Message: No entry '.size'.
Warning Message: '/' is not a value
Warning Message: No entry '.color'.
Warning Message: Size: '/' not an array
Warning Message: Size: '/' not an array
Warning Message: No entry 'bin\config.bin/CfgMarkers.ExileTraderZoneIcon'.
Warning Message: No entry '.color'.
Warning Message: Size: '/' not an array
Warning Message: Size: '/' not an array
Warning Message: No entry 'bin\config.bin/CfgMarkers.ExileSpecOpsTraderIcon'.
Warning Message: No entry '.icon'.
Warning Message: '/' is not a value
Warning Message: No entry '.size'.
Warning Message: '/' is not a value
Warning Message: No entry '.color'.
Warning Message: Size: '/' not an array
Warning Message: Size: '/' not an array
Warning Message: No entry 'bin\config.bin/CfgMarkers.ExileSpecOpsTraderIcon'.
Warning Message: No entry '.color'.
Warning Message: Size: '/' not an array
Warning Message: Size: '/' not an array
Warning Message: No entry 'bin\config.bin/CfgMarkers.ExileSpawnZoneIcon'.
Warning Message: No entry '.icon'.
Warning Message: '/' is not a value
Warning Message: No entry '.size'.
Warning Message: '/' is not a value
Warning Message: No entry '.color'.
Warning Message: Size: '/' not an array
Warning Message: Size: '/' not an array
Warning Message: No entry 'bin\config.bin/CfgMarkers.ExileSpawnZoneIcon'.
Warning Message: No entry '.color'.
Warning Message: Size: '/' not an array
Warning Message: Size: '/' not an array
Warning Message: No entry 'bin\config.bin/CfgMarkers.ExileSpawnZoneIcon'.
Warning Message: No entry '.icon'.
Warning Message: '/' is not a value
Warning Message: No entry '.size'.
Warning Message: '/' is not a value
Warning Message: No entry '.color'.
Warning Message: Size: '/' not an array
Warning Message: Size: '/' not an array
Warning Message: No entry 'bin\config.bin/CfgMarkers.ExileSpawnZoneIcon'.
Warning Message: No entry '.color'.
Warning Message: Size: '/' not an array
Warning Message: Size: '/' not an array
Warning Message: No entry 'bin\config.bin/CfgMarkers.ExileSpawnZoneIcon'.
Warning Message: No entry '.icon'.
Warning Message: '/' is not a value
Warning Message: No entry '.size'.
Warning Message: '/' is not a value
Warning Message: No entry '.color'.
Warning Message: Size: '/' not an array
Warning Message: Size: '/' not an array
Warning Message: No entry 'bin\config.bin/CfgMarkers.ExileSpawnZoneIcon'.
Warning Message: No entry '.color'.
Warning Message: Size: '/' not an array
Warning Message: Size: '/' not an array
Warning Message: No entry 'bin\config.bin/CfgMarkers.ExileSpawnZoneIcon'.
Warning Message: No entry '.icon'.
Warning Message: '/' is not a value
Warning Message: No entry '.size'.
Warning Message: '/' is not a value
Warning Message: No entry '.color'.
Warning Message: Size: '/' not an array
Warning Message: Size: '/' not an array
Warning Message: No entry 'bin\config.bin/CfgMarkers.ExileSpawnZoneIcon'.
Warning Message: No entry '.color'.
Warning Message: Size: '/' not an array
Warning Message: Size: '/' not an array
Warning Message: No entry 'bin\config.bin/CfgMarkers.ExileSpawnZoneIcon'.
Warning Message: No entry '.icon'.
Warning Message: '/' is not a value
Warning Message: No entry '.size'.
Warning Message: '/' is not a value
Warning Message: No entry '.color'.
Warning Message: Size: '/' not an array
Warning Message: Size: '/' not an array
Warning Message: No entry 'bin\config.bin/CfgMarkers.ExileSpawnZoneIcon'.
Warning Message: No entry '.color'.
Warning Message: Size: '/' not an array
Warning Message: Size: '/' not an array
Warning Message: No entry 'bin\config.bin/CfgMarkers.ExileSpawnZoneIcon'.
Warning Message: No entry '.icon'.
Warning Message: '/' is not a value
Warning Message: No entry '.size'.
Warning Message: '/' is not a value
Warning Message: No entry '.color'.
Warning Message: Size: '/' not an array
Warning Message: Size: '/' not an array
Warning Message: No entry 'bin\config.bin/CfgMarkers.ExileSpawnZoneIcon'.
Warning Message: No entry '.color'.
Warning Message: Size: '/' not an array
Warning Message: Size: '/' not an array
Warning Message: No entry 'bin\config.bin/CfgMarkers.ExileSpawnZoneIcon'.
Warning Message: No entry '.icon'.
Warning Message: '/' is not a value
Warning Message: No entry '.size'.
Warning Message: '/' is not a value
Warning Message: No entry '.color'.
Warning Message: Size: '/' not an array
Warning Message: Size: '/' not an array
Warning Message: No entry 'bin\config.bin/CfgMarkers.ExileSpawnZoneIcon'.
Warning Message: No entry '.color'.
Warning Message: Size: '/' not an array
Warning Message: Size: '/' not an array
Warning Message: No entry 'bin\config.bin/CfgMarkers.ExileConcreteMixerZoneIcon'.
Warning Message: No entry '.icon'.
Warning Message: '/' is not a value
Warning Message: No entry '.size'.
Warning Message: '/' is not a value
Warning Message: No entry '.color'.
Warning Message: Size: '/' not an array
Warning Message: Size: '/' not an array
Warning Message: No entry 'bin\config.bin/CfgMarkers.ExileConcreteMixerZoneIcon'.
Warning Message: No entry '.color'.
Warning Message: Size: '/' not an array
Warning Message: Size: '/' not an array
Warning Message: No entry 'bin\config.bin/CfgMarkers.ExileConcreteMixerZoneIcon'.
Warning Message: No entry '.icon'.
Warning Message: '/' is not a value
Warning Message: No entry '.size'.
Warning Message: '/' is not a value
Warning Message: No entry '.color'.
Warning Message: Size: '/' not an array
Warning Message: Size: '/' not an array
Warning Message: No entry 'bin\config.bin/CfgMarkers.ExileConcreteMixerZoneIcon'.
Warning Message: No entry '.color'.
Warning Message: Size: '/' not an array
Warning Message: Size: '/' not an array
Warning Message: No entry 'bin\config.bin/CfgMarkers.ExileAircraftTraderIcon'.
Warning Message: No entry '.icon'.
Warning Message: '/' is not a value
Warning Message: No entry '.size'.
Warning Message: '/' is not a value
Warning Message: No entry '.color'.
Warning Message: Size: '/' not an array
Warning Message: Size: '/' not an array
Warning Message: No entry 'bin\config.bin/CfgMarkers.ExileAircraftTraderIcon'.
Warning Message: No entry '.color'.
Warning Message: Size: '/' not an array
Warning Message: Size: '/' not an array
Warning Message: No entry 'bin\config.bin/CfgMarkers.ExileBoatTraderIcon'.
Warning Message: No entry '.icon'.
Warning Message: '/' is not a value
Warning Message: No entry '.size'.
Warning Message: '/' is not a value
Warning Message: No entry '.color'.
Warning Message: Size: '/' not an array
Warning Message: Size: '/' not an array
Warning Message: No entry 'bin\config.bin/CfgMarkers.ExileBoatTraderIcon'.
Warning Message: No entry '.color'.
Warning Message: Size: '/' not an array
Warning Message: Size: '/' not an array
Warning Message: No entry 'bin\config.bin/CfgMarkers.ExileRussianRouletteIcon'.
Warning Message: No entry '.icon'.
Warning Message: '/' is not a value
Warning Message: No entry '.size'.
Warning Message: '/' is not a value
Warning Message: No entry '.color'.
Warning Message: Size: '/' not an array
Warning Message: Size: '/' not an array
Warning Message: No entry 'bin\config.bin/CfgMarkers.ExileRussianRouletteIcon'.
Warning Message: No entry '.color'.
Warning Message: Size: '/' not an array
Warning Message: Size: '/' not an array
Warning Message: No entry 'bin\config.bin/CfgMarkers.ExileBoatTraderIcon'.
Warning Message: No entry '.icon'.
Warning Message: '/' is not a value
Warning Message: No entry '.size'.
Warning Message: '/' is not a value
Warning Message: No entry '.color'.
Warning Message: Size: '/' not an array
Warning Message: Size: '/' not an array
Warning Message: No entry 'bin\config.bin/CfgMarkers.ExileBoatTraderIcon'.
Warning Message: No entry '.color'.
Warning Message: Size: '/' not an array
Warning Message: Size: '/' not an array
Warning Message: No entry 'bin\config.bin/CfgMarkers.ExileConcreteMixerZoneIcon'.
Warning Message: No entry '.icon'.
Warning Message: '/' is not a value
Warning Message: No entry '.size'.
Warning Message: '/' is not a value
Warning Message: No entry '.color'.
Warning Message: Size: '/' not an array
Warning Message: Size: '/' not an array
Warning Message: No entry 'bin\config.bin/CfgMarkers.ExileConcreteMixerZoneIcon'.
Warning Message: No entry '.color'.
Warning Message: Size: '/' not an array
Warning Message: Size: '/' not an array
Missing addons detected:
  exile_client
Warning Message: You cannot play/edit this mission; it is dependent on downloadable content that has been deleted.exile_client
Mission Exile.Malden: Missing 'description.ext::Header'
Deinitialized shape [Class: "C_Soldier_VR_F"; Shape: "a3\characters_f_bootcamp\common\vr_soldier_f.p3d";]
c:\bis\source\stable\futura\lib\network\networkserver.cpp ClearNetServer:NOT IMPLEMENTED - briefing!
Extensions:
