11.02.2019 02:01:21: _fnc_server_handle_mpmessage: l82hb7am5r0qb275ac3yfcb
11.02.2019 02:01:21: _fnc_AdminReqReal: j4a4an00b19iex1x6e4j3q2eatbdaz6n7g20dabmag2
11.02.2019 02:01:21: _playerObjCheckLoop: we7id57v20a5ap2t47a
11.02.2019 02:01:21: _token_by_uid: p42d4l2q26e5a06e4m3wfjbidw6w452v42dh9
11.02.2019 02:01:21: _uid_by_token: igbna5e53lc05bd9bm5
11.02.2019 02:01:21: _name_by_uid: b90v0eap3q234c62737wap437i244u73f54
11.02.2019 02:01:21: _owner_by_uid: dyfa5375as47bva57q3_9w23462
11.02.2019 02:01:21: _uid_by_owner: pjatdycz6q9j491f5r9xfzf3fme1bb227pfn285n6
11.02.2019 02:01:21: _fn_playerConnected: gs2lbj565a7j9vey3e9
11.02.2019 02:01:21: _server_setTokenR: r01k6z792x7o3pbw5d2x4w6e4rfpe86re79
11.02.2019 02:01:21: _FN_INJECT_ON_CLIENT: zd2u2v60cwcf9o7gb2fe2p07f
11.02.2019 02:01:21: _fnc_l_on_c: ei7d97fs6b4944ah4p3
11.02.2019 02:01:21: _adminStartupCode: fr2v5xfr6ifqau9a6i5raj58034c5729a9a9c
11.02.2019 02:01:21: _AHKickOFF: uje06ddk7e4id864fdfq256
11.02.2019 02:01:21: _AHKickLog: vnfkah53dx9jalb63xb
11.02.2019 02:01:21: _AH_RunCheckENDVAR: i54v7xafan1fa357fa6xc77b6v219ra8bp777
11.02.2019 02:01:21: _AH_RunCheck: hdba6y576r9s55a42t68a92ed5fhbidyb
11.02.2019 02:01:21: _AH_HackLogArrayRND: qi4h7wao6o9f2f4iaw3d2k4
11.02.2019 02:01:21: _AH_SurvLogArrayRND: xh9gbw6i4tf9ab6ocp4q7kf39e9d3k3g4
11.02.2019 02:01:21: _AH_AdmiLogArrayRND: sd5u9q2_2u4lf11oc73afd2qa14
11.02.2019 02:01:21: _TMPBAN: kucdb2fz4y3n3edwat5f2fcw354efc6_9xan3hf
11.02.2019 02:01:21: _fn_getTempBans: sxfw2ldjc53k3fcc7nbqe84ffo3w752t6s3y743_1w7
11.02.2019 02:01:21: _fnc_addTempBan: zcdc4v6z5g7w35309v7
11.02.2019 02:01:21: _fnc_removeTempBan: md6sfh5d572pb83h1f4c3odu55241f411b1g942
11.02.2019 02:01:21: _AHpos: zffidoam7h0640fu409
11.02.2019 02:01:21: _adminsA: j6644pejem2z5c2qa4ccb2bndd4_2vdzfs2z6ybw4a5
11.02.2019 02:01:21: _vehicle_needs_check: m458919eeueg584hf5b231c1d
11.02.2019 02:01:21: _fnc_infiSTAR_PlayerLog: fiej571d2ub65max5b2aakd70w5x1bfna5ap5x33co4_fse
11.02.2019 02:01:21: _antidupePVResVar: rw7efb7a3c166y1lbhdm0
11.02.2019 02:01:21: _runcheck_thread: mja4d43j3_ak2vf_7k3r2xcq6dfrcv222wa
11.02.2019 02:01:21: _livestarted: r04xc_512rdo247n1la
11.02.2019 02:01:21: _fnc_check_type_allowed: ze2p4uajat2v53f87z6v419hal2k34ei3wdx3kf
11.02.2019 02:01:21: _fnc_vehicle_check: ifbk7o666o9gcl2weh2q2
11.02.2019 02:01:21: _rcheckclient: xa9gax5qdl4x4j2n6xa82m9x01dl269
11.02.2019 02:01:21: _rcheckserver: ot7f2j7j9_9_2_7rfh4y0z33e2bs47b
11.02.2019 02:01:21: _waste_btn_thread: zdcj3g564o2ifp4a9z2
11.02.2019 04:11:09: _fnc_server_handle_mpmessage: z2b03u0td_9oa5a_5mf
11.02.2019 04:11:09: _fnc_AdminReqReal: wo2c986r411j259a00d
11.02.2019 04:11:09: _playerObjCheckLoop: zx9y2fe4925i639uaka
11.02.2019 04:11:09: _token_by_uid: bw2m7i4p1s454c550m6b4
11.02.2019 04:11:09: _uid_by_token: afabfgfff7egfudz09a
11.02.2019 04:11:09: _name_by_uid: rqan994ka_56ca9i94br9c2a4_f15b26fu4n4ba
11.02.2019 04:11:09: _owner_by_uid: q92jcwda272o38egaveh6caa9g726aa
11.02.2019 04:11:09: _uid_by_owner: tv24f56g2o0j57a77m2b4723f37f2j24a
11.02.2019 04:11:09: _fn_playerConnected: t23iam2y90aq6rf_d0es3_92a26
11.02.2019 04:11:09: _server_setTokenR: wp7xao3yccaydl3c4e97dyf6dlb_b84vch1
11.02.2019 04:11:09: _FN_INJECT_ON_CLIENT: rv4w4tam562y43d3ff7wa
11.02.2019 04:11:09: _fnc_l_on_c: bz7r266u4pb_dnai2f4hcpar1ubmf34o622pfcbhf9am6
11.02.2019 04:11:09: _adminStartupCode: fo1j09bv2f2u5a4f4c9
11.02.2019 04:11:09: _AHKickOFF: q6bbf4apf13o73as2bag4mdpf
11.02.2019 04:11:09: _AHKickLog: h2f2a2a8fhbcfp937e5cat284ge54y7p925
11.02.2019 04:11:09: _AH_RunCheckENDVAR: f64df_ex1a3e2d1ufn48am9xa
11.02.2019 04:11:09: _AH_RunCheck: r4fibk0a56af1w4kf8biaj33ct1u5rag4l2l3l1ladbb3
11.02.2019 04:11:09: _AH_HackLogArrayRND: b69q5w7h4bendf28925nag2g6e9y5b4y3h5o22283
11.02.2019 04:11:09: _AH_SurvLogArrayRND: d640fw6d3n3cak4nbfbzfsd
11.02.2019 04:11:09: _AH_AdmiLogArrayRND: gl583r215td50y0q3ya2bqcj41foa138a
11.02.2019 04:11:09: _TMPBAN: fvdbflab3o38d9bxdf646y4ld_9t612zaq4ra
11.02.2019 04:11:09: _fn_getTempBans: jb34b0dqbtara244bk7
11.02.2019 04:11:09: _fnc_addTempBan: omem4c50aa1hf29bf24
11.02.2019 04:11:09: _fnc_removeTempBan: ac4bb2aled9_94a31ia
11.02.2019 04:11:09: _AHpos: n67qb49obz9g43ao2hf
11.02.2019 04:11:09: _adminsA: cq4_580j9efy2dasand
11.02.2019 04:11:09: _vehicle_needs_check: pw2vam6f98aq5c9b274c2s6sf8ej9p6dcuda94909
11.02.2019 04:11:09: _fnc_infiSTAR_PlayerLog: ch2e97d127cbbp274rb
11.02.2019 04:11:09: _antidupePVResVar: iq5pf04te_2f3fe_a3apd3f9100mf2ay4s3z3
11.02.2019 04:11:09: _runcheck_thread: iebybw7h5u7l2yandc4
11.02.2019 04:11:09: _livestarted: omf1a26o687552947v4w2lbear160
11.02.2019 04:11:09: _fnc_check_type_allowed: q19z6z0m442z7k78a4agaube9c4rde0oaldydz7u4
11.02.2019 04:11:09: _fnc_vehicle_check: w822baerf9f13b5p6rdgaf4afm2a76dlas4cfb2
11.02.2019 04:11:09: _rcheckclient: q9a54e4zbc9hbt932of
11.02.2019 04:11:09: _rcheckserver: qeabab0a4ues136t9a7r611r4t224n0
11.02.2019 04:11:09: _waste_btn_thread: ktfd70as7_9mauao7960ew9c23ak932w4
11.02.2019 04:22:30: _fnc_server_handle_mpmessage: bmbnardmaefi94f8bo1
11.02.2019 04:22:30: _fnc_AdminReqReal: bt2t0n9i6r6l4oatf02
11.02.2019 04:22:30: _playerObjCheckLoop: e_dwa_7t6nbj3l9oav26a
11.02.2019 04:22:30: _token_by_uid: cs0m2x407jc23w7b2j5
11.02.2019 04:22:30: _uid_by_token: d17757355rfi9u26fvaw2h7
11.02.2019 04:22:30: _name_by_uid: a52c946wax4sdne7az6c2
11.02.2019 04:22:30: _owner_by_uid: rp9a3adodkai7l9paq1c642x2x4x4c7l2gckfn2
11.02.2019 04:22:30: _uid_by_owner: noeh2q7g07e5fe25aw5bd6ab9zci29ej7m1kb7a_9bab3ve
11.02.2019 04:22:30: _fn_playerConnected: bp4w4p3d6t2neh2aaa3u2sfvao5
11.02.2019 04:22:30: _server_setTokenR: kma41h559ady3b2p4779a573f5ak984j9v4_fm2
11.02.2019 04:22:30: _FN_INJECT_ON_CLIENT: iq98ax7nchfg47dn6if2cgaefn6y4j9
11.02.2019 04:22:30: _fnc_l_on_c: o6fxcyat464i1rana00
11.02.2019 04:22:30: _adminStartupCode: kr7v1ead2722bp2a655_4x3b22d04697do0jf6d
11.02.2019 04:22:30: _AHKickOFF: ap2lb57deh3vai70bu2898bja52fav48f
11.02.2019 04:22:30: _AHKickLog: hwa9ei9uax2yf95hax9h7dc_10d97z60f
11.02.2019 04:22:30: _AH_RunCheckENDVAR: ez7q9b6acv957sd7b32pc
11.02.2019 04:22:30: _AH_RunCheck: z122296ubl4ydz2635b3b
11.02.2019 04:22:30: _AH_HackLogArrayRND: uuet9iav05fe9p3o2v09bk4z4nfjbfcx97bvda279
11.02.2019 04:22:30: _AH_SurvLogArrayRND: fjep22ar432w4u4c2v4rbp3lfm2a166
11.02.2019 04:22:30: _AH_AdmiLogArrayRND: m30tdjd2fgfo1r2pb9fybd7sb_6od7cyftcl512ca2bl94d
11.02.2019 04:22:30: _TMPBAN: q5f23e6obbanb1cl9t3q3j9haq3l0cbgd9fca
11.02.2019 04:22:30: _fn_getTempBans: pj2xd85l3a2t4teo04a
11.02.2019 04:22:30: _fnc_addTempBan: m2957ofo9x286n9h151
11.02.2019 04:22:30: _fnc_removeTempBan: ja4f7u254paqai9m5p4
11.02.2019 04:22:30: _AHpos: j1dzae30e9dyf44rdb6b2ga5cpddd42e2o6e2r5c463e1if
11.02.2019 04:22:30: _adminsA: gc6c6k2hal5ofgac1ye791dza
11.02.2019 04:22:30: _vehicle_needs_check: wp69ah5u2_2n9j3p064n4649f32o2tfp47b21
11.02.2019 04:22:30: _fnc_infiSTAR_PlayerLog: su345j9vb37850fd4b9i4q7lbmf2axaud231eq2wa74
11.02.2019 04:22:30: _antidupePVResVar: z4782hfibuc82t763gfl7n77aucqeka35
11.02.2019 04:22:30: _runcheck_thread: gf23fr1r2hd7aud863cof82
11.02.2019 04:22:30: _livestarted: jb9z1hdxdn1u7ycq2s49ai5
11.02.2019 04:22:30: _fnc_check_type_allowed: gpb10mdz2ice25c_1q9a7w5l9zag9af5ag4k1kd
11.02.2019 04:22:30: _fnc_vehicle_check: o42w5k3n965a4k1v9we_2tb
11.02.2019 04:22:30: _rcheckclient: ap7i2r6x5v2oa828389ufr63a
11.02.2019 04:22:30: _rcheckserver: aof7dda4apam924bdq53ac2m0k9bfc266rd32
11.02.2019 04:22:30: _waste_btn_thread: phfgfwb85ray5ifn6x486da6a07e2rc50id01
11.02.2019 22:28:24: _fnc_server_handle_mpmessage: j45b14fw27b_fda7215
11.02.2019 22:28:24: _fnc_AdminReqReal: c3f494fy5x4o4lay4y6ca04h6g9o2vf
11.02.2019 22:28:24: _playerObjCheckLoop: n8fmf_9r669r3g5v7zb
11.02.2019 22:28:24: _token_by_uid: nd9n5z4t2ha6ea65a42afw6h5y5
11.02.2019 22:28:24: _uid_by_token: uu39a83x9a1o1qdo6sdubh7_5_45b
11.02.2019 22:28:24: _name_by_uid: o0bl9w9t2h3nas7f4q2pdd6ca64n26ft571
11.02.2019 22:28:24: _owner_by_uid: iufb9xcseh6293a8d0a33pcy04cmbrfb4zak73053
11.02.2019 22:28:24: _uid_by_owner: kg4_922ef99p4eb06q2h9z981q7
11.02.2019 22:28:24: _fn_playerConnected: g7ak32a5fwa0bj487ic4c8fx6e2z26e
11.02.2019 22:28:24: _server_setTokenR: kjd5as4q2_efdsf62hd9azdw2uega
11.02.2019 22:28:24: _FN_INJECT_ON_CLIENT: j6f5bt9x2r556u4k73f
11.02.2019 22:28:24: _fnc_l_on_c: zqav6p2wcyead4fsep9o49ej4ld9a2a
11.02.2019 22:28:24: _adminStartupCode: xj3g4x2h15fcbya13ban9d484bbg9nfk19256_b0d
11.02.2019 22:28:24: _AHKickOFF: ma22d12k636u20913vfb7sczeh40a
11.02.2019 22:28:24: _AHKickLog: g6bx5q9ndw6a7k367z7o4z7o7a2v7
11.02.2019 22:28:24: _AH_RunCheckENDVAR: kk0a21d5fk65a62c5edh9eda9s5d254h2
11.02.2019 22:28:24: _AH_RunCheck: lb9l9odbfncl99ac506b957s455tb49
11.02.2019 22:28:24: _AH_HackLogArrayRND: u_715e97fo66as5vfbft5p9p2n5wae6u5
11.02.2019 22:28:24: _AH_SurvLogArrayRND: ko9_bm20ab2vb2dm7l2s25dx9j4d5
11.02.2019 22:28:24: _AH_AdmiLogArrayRND: l7e0ci1ac7a23j3i982_9634fz6gdl4z7
11.02.2019 22:28:24: _TMPBAN: oj31956m7a9_4c6va19ha0a
11.02.2019 22:28:24: _fn_getTempBans: xidmbi4t1za06ndi5f3yaq9m5
11.02.2019 22:28:24: _fnc_addTempBan: de2hdibqbi98dh42405
11.02.2019 22:28:24: _fnc_removeTempBan: c67bdda4at0d6a285p5ebi3_av1af896d4266_204
11.02.2019 22:28:24: _AHpos: kyf82m9y3zds9xcg463_1fd06h5p6dad1
11.02.2019 22:28:24: _adminsA: c84s1w47abaz4t7z30b
11.02.2019 22:28:24: _vehicle_needs_check: n239212s76ai479ob50
11.02.2019 22:28:24: _fnc_infiSTAR_PlayerLog: n_5ofp614sfi0n21dy2
11.02.2019 22:28:24: _antidupePVResVar: wia06h3hfq3yaya57dfh2q1x4r4e1k2
11.02.2019 22:28:24: _runcheck_thread: k9al375ma67u5c509q4a2gaz416n6
11.02.2019 22:28:24: _livestarted: s0cxc5fqazao5q2l2l9s9ec
11.02.2019 22:28:24: _fnc_check_type_allowed: h9at0q5bfk6yfdfz233p795f7if
11.02.2019 22:28:24: _fnc_vehicle_check: y6957v5y5ka11a2j7qf
11.02.2019 22:28:24: _rcheckclient: r4a6dl4y4fa_4sesb8apax272lbp7mfbax6u9o4
11.02.2019 22:28:24: _rcheckserver: b19i2k443p1aavf32v0t7_447
11.02.2019 22:28:24: _waste_btn_thread: zp0wcn3rde21af9p3c2
