18.01.2019 14:29:22: _fnc_server_handle_mpmessage: zsa66_1dav2pat1pam2
18.01.2019 14:29:22: _fnc_AdminReqReal: vb59457mb63b4y96af0
18.01.2019 14:29:22: _playerObjCheckLoop: va6n7g26a5dd5z276u63bleea7a1aj4
18.01.2019 14:29:22: _token_by_uid: ig3y3n71249vc032d0az2l75b34
18.01.2019 14:29:22: _uid_by_token: h108dhfj3r7i3ne0ay6z9oama
18.01.2019 14:29:22: _name_by_uid: x443fkflbddpba6k9c2s7j3
18.01.2019 14:29:22: _owner_by_uid: xi58dv27et196l4fe5e62d3v733faz49f17fdbfkcr7
18.01.2019 14:29:22: _uid_by_owner: dcdpfvda7s2vfo4p403waz90d25h4oby6edj5p7j1
18.01.2019 14:29:22: _fn_playerConnected: ez9c4b2w4c7038fw2t2x9bcp4zbh21f
18.01.2019 14:29:22: _server_setTokenR: uodv9x4r3_fn9m4_0u0zau1l7jd19
18.01.2019 14:29:22: _FN_INJECT_ON_CLIENT: kb4b5m5r3k2u093q689
18.01.2019 14:29:22: _fnc_l_on_c: ibaa2k9lbn200ecl44d
18.01.2019 14:29:22: _adminStartupCode: wq0w262x7l7xauftc82b3n0h67fzc3a12
18.01.2019 14:29:22: _AHKickOFF: oadm1p9md7cp3h39acck2
18.01.2019 14:29:22: _AHKickLog: alby402n35etdgab2ab
18.01.2019 14:29:22: _AH_RunCheckENDVAR: ly6pay2mfn3r3i7n2udsd3092
18.01.2019 14:29:22: _AH_RunCheck: cca1f7akf66636acem2
18.01.2019 14:29:22: _AH_HackLogArrayRND: cd9b219w5g515a7zae2t257r4u4welekb73
18.01.2019 14:29:22: _AH_SurvLogArrayRND: k49a493zaib16c5x3b7
18.01.2019 14:29:22: _AH_AdmiLogArrayRND: xrfo2favfnbudg4179am5fae2
18.01.2019 14:29:22: _TMPBAN: wd55bf9t44279cae599j5
18.01.2019 14:29:22: _fn_getTempBans: ms6p121e0c5tfc7t0femem2eddayd
18.01.2019 14:29:22: _fnc_addTempBan: wk512v1vfia29c4t5d32dl9i9x5f2e4wdrfaeq327
18.01.2019 14:29:22: _fnc_removeTempBan: pb2e2xbz4941cd6970a_2ldsah4a5i1_c94
18.01.2019 14:29:22: _AHpos: m34cdc4f2ef10n7jad2
18.01.2019 14:29:22: _adminsA: pn2hcj26bdaq5_4y7s6vajfo9ia9ar4
18.01.2019 14:29:22: _vehicle_needs_check: gxc_2a2zal0x4bbs2de
18.01.2019 14:29:22: _fnc_infiSTAR_PlayerLog: dr6e3aazabf43gfl0rad9a3rf
18.01.2019 14:29:22: _antidupePVResVar: z82tav4u2z4mfr9_7m4
18.01.2019 14:29:22: _runcheck_thread: kh7e4za7em2l7xdya8f
18.01.2019 14:29:22: _livestarted: x24s25972kaxbz9x4a2h2e2q9l9j7v6iaufkai5f2
18.01.2019 14:29:22: _fnc_check_type_allowed: tj389a1vffbh9xb8ftfv7h5b4r9f6s7
18.01.2019 14:29:22: _fnc_vehicle_check: mc2w289dc8206s0cf2f29z3kay20cy66fj4kb8ab7n28414c4c5
18.01.2019 14:29:22: _rcheckclient: s29n0o7h4ea3f857bm9l0i38a329d9a1473971c
18.01.2019 14:29:22: _rcheckserver: hl44fl7v9m7x3m3tab7h4n60a4a8ct31d9aedqd968f
18.01.2019 14:29:22: _waste_btn_thread: b39gdp22be0abs6v6hacf5es0p6uad546jb
18.01.2019 23:35:02: _fnc_server_handle_mpmessage: shd170fg7jak6n3w40593d6
18.01.2019 23:35:02: _fnc_AdminReqReal: xg4068acak2xet6r9q0_bv5
18.01.2019 23:35:02: _playerObjCheckLoop: c9bm29f84b74d50k3je4dfet2471bqdlao6a2o4
18.01.2019 23:35:02: _token_by_uid: d2d3bnap7cek0l35dwa
18.01.2019 23:35:02: _uid_by_token: q4b69s2y3ka891e73da09
18.01.2019 23:35:02: _name_by_uid: z9fm2_fh2hc1a171djbt4x5c2ja02gam1w3g0
18.01.2019 23:35:02: _owner_by_uid: zi1ea6an3p0s7fc65v954k2lfr7n7
18.01.2019 23:35:02: _uid_by_owner: hpbz245h487d0114bif336am51du2e2
18.01.2019 23:35:02: _fn_playerConnected: uv7j6abi1v36a757dgbdci949
18.01.2019 23:35:02: _server_setTokenR: yk4mae43ad5h9waz5dd
18.01.2019 23:35:02: _FN_INJECT_ON_CLIENT: v225497i2c2_1vdi713
18.01.2019 23:35:02: _fnc_l_on_c: eh40b10x9uf5em2nac7d479g2
18.01.2019 23:35:02: _adminStartupCode: pxffdw5p6c1mfmff05b904dq694
18.01.2019 23:35:02: _AHKickOFF: x_792v912n4z14exex2
18.01.2019 23:35:02: _AHKickLog: jy6q9q1aekee7_dmfjdkbw7q4a5a4ufjax4
18.01.2019 23:35:02: _AH_RunCheckENDVAR: db7s53bq58az6821c0c
18.01.2019 23:35:02: _AH_RunCheck: t47b7ob4af7q486k4kcoam0
18.01.2019 23:35:02: _AH_HackLogArrayRND: qm1fbu6a4wbmdd49fl2qf3b5dafrf
18.01.2019 23:35:02: _AH_SurvLogArrayRND: ddf3aba8e5f6bgfk9p29a122fte39
18.01.2019 23:35:02: _AH_AdmiLogArrayRND: y120c3dhbga5a799c25cfbfc9k6225be7
18.01.2019 23:35:02: _TMPBAN: nlasab7bdy7y9j219u2h3kaj9j3k9z274_a
18.01.2019 23:35:02: _fn_getTempBans: ua2zbc756i0n672vd52e032
18.01.2019 23:35:02: _fnc_addTempBan: azaa343l2s2ffd9p9baq7sbbeo9q3_5d4
18.01.2019 23:35:02: _fnc_removeTempBan: odcd9j27b27i989afs20aw3h5u2f4i0b5397exaq4ja
18.01.2019 23:35:02: _AHpos: j60lan9y2o5o2tfqf94f5yfg6u6_7
18.01.2019 23:35:02: _adminsA: l29m5b6pdm5t2996d16efoa19z7u3wfwf8226
18.01.2019 23:35:02: _vehicle_needs_check: eh4e0zbc2nfedaa1fe7iai3ecaa05ofaf_c2b
18.01.2019 23:35:02: _fnc_infiSTAR_PlayerLog: dy244gd1fp51af43e19l284y2ga0b19k521t0i4
18.01.2019 23:35:02: _antidupePVResVar: ad0o222qbg6r4q6fa_9_ac4b2g1ob2dof
18.01.2019 23:35:02: _runcheck_thread: wdb42n6ofy4o5jazbp6
18.01.2019 23:35:02: _livestarted: bs6y474_aef42a3jfpe
18.01.2019 23:35:02: _fnc_check_type_allowed: zc1p0ccqax9x4zduf16j1n15aoc5dm5
18.01.2019 23:35:02: _fnc_vehicle_check: d2ao2v2ibr3naheq376
18.01.2019 23:35:02: _rcheckclient: a62ufoaw2575d79ba54
18.01.2019 23:35:02: _rcheckserver: uk5g7y2q404x5e99283
18.01.2019 23:35:02: _waste_btn_thread: kt7ofhdzbb76224k7x4u9jfn232k9lbffka
18.01.2019 23:39:45: _fnc_server_handle_mpmessage: wp086r4o1n2f3c40ereyag7r14aha8b
18.01.2019 23:39:45: _fnc_AdminReqReal: esee7_25fwa3f_bj5xa6bx3g2ge
18.01.2019 23:39:45: _playerObjCheckLoop: ot9z6kfj324u44bv34ckd93abc7vdob4ad29fp0
18.01.2019 23:39:45: _token_by_uid: m77e6_fi90fw712u3e6
18.01.2019 23:39:45: _uid_by_token: noa13002739e5e2q7f9v4x5w9729dv7x6fanf34
18.01.2019 23:39:45: _name_by_uid: pb5ces3g0h9b6xaa7b7zc616fde75qaofk6db1bt9vf
18.01.2019 23:39:45: _owner_by_uid: zv2c3yax21dze5fe6i3
18.01.2019 23:39:45: _uid_by_owner: j_dc44a5ek4z7l3ze7a83
18.01.2019 23:39:45: _fn_playerConnected: k0355vfk5p0o5d6n5jd42j3o5
18.01.2019 23:39:45: _server_setTokenR: ifft32fd55043u511w932tf0alb
18.01.2019 23:39:45: _FN_INJECT_ON_CLIENT: yoct6fc7cd46aq9x0lfp3r7l9_64fr2ga1aqam442
18.01.2019 23:39:45: _fnc_l_on_c: ngaeda764r4t5ie54qc9en0o3n4af5c6a8f0f5dw9x3i91a
18.01.2019 23:39:45: _adminStartupCode: fydi629kb_dm9x459n3026fdfl2z73dt3y2s0mdw38azb6b92y4
18.01.2019 23:39:45: _AHKickOFF: mm7i969ob77h591hbr5
18.01.2019 23:39:45: _AHKickLog: zd7r1m579l4226bi45ad9i4kdxat2
18.01.2019 23:39:45: _AH_RunCheckENDVAR: u83xfx94dl1j5_6r2p6
18.01.2019 23:39:45: _AH_RunCheck: i0a037f42xff4ia4d9af7
18.01.2019 23:39:45: _AH_HackLogArrayRND: k_2x3ia576642zalfsf77
18.01.2019 23:39:45: _AH_SurvLogArrayRND: se7z7e53eo262edv1w7
18.01.2019 23:39:45: _AH_AdmiLogArrayRND: dw4j4h5q2u4yc02tbmc12u29fofu1j3i3b9
18.01.2019 23:39:45: _TMPBAN: fh3jew52aye998ar447d98fk1q0i246r2m9ebl2rc
18.01.2019 23:39:45: _fn_getTempBans: zce_092x201nfh0151ac349zarcc5
18.01.2019 23:39:45: _fnc_addTempBan: t05zdgaifw7fe0283u256dbze82h7p27bwa
18.01.2019 23:39:45: _fnc_removeTempBan: h14cbo2dfr4lcm6vcn9w3_fj3z24a5009
18.01.2019 23:39:45: _AHpos: tf9x75a53xbs2vfw3sctbad_dt95e
18.01.2019 23:39:45: _adminsA: ub9v0i2n9sabff7z5x5h5
18.01.2019 23:39:45: _vehicle_needs_check: rc7idtb8az5yfkat0tbpedbs5521a
18.01.2019 23:39:45: _fnc_infiSTAR_PlayerLog: rd57fd7s5lf740ax4w5
18.01.2019 23:39:45: _antidupePVResVar: kz2aa3fz2j3qav2a28283a4w7qaia
18.01.2019 23:39:45: _runcheck_thread: v99l2a3w3s337w2ga64k74b
18.01.2019 23:39:45: _livestarted: ina56_djd4ay3mac9gbp4gadc15qar185
18.01.2019 23:39:45: _fnc_check_type_allowed: r5dvbn4p344h1343dp3c6_fb3af74vdpf59g5d9
18.01.2019 23:39:45: _fnc_vehicle_check: zt2939d2a3b9f6a42qbbbmf75
18.01.2019 23:39:45: _rcheckclient: lc23f29pbxepcsay0haqacb
18.01.2019 23:39:45: _rcheckserver: n2cr1t7sdh6g0lao2tch57dw23az1
18.01.2019 23:39:45: _waste_btn_thread: wg7z9tdl48fgeb0gbgf
