10.02.2019 22:48:25: Madlax(76561197989383835) | is an admin again.
10.02.2019 22:53:18: Madlax(76561197989383835) | Zombie Shield - ON
10.02.2019 22:56:02: Madlax(76561197989383835) | Spawning M320 LRR .408 (srifle_LRR_F) on Madlax!
10.02.2019 22:56:05: Madlax(76561197989383835) | Spawning ASP-1 Kir 12.7 mm (Black) (srifle_DMR_04_F) on Madlax!
10.02.2019 22:56:09: Madlax(76561197989383835) | Spawning CMR-76 6.5 mm (Black) (srifle_DMR_07_blk_F) on Madlax!
10.02.2019 22:56:11: Madlax(76561197989383835) | Spawning M107 (exile_weapons_m107) on Madlax!
10.02.2019 22:56:34: Madlax(76561197989383835) | Spawning Farmers sniper sht1 (srifle_CZ550_shit_1) on Madlax!
10.02.2019 22:56:42: Madlax(76561197989383835) | Spawning M1014 12 Gauge (Exile_Weapon_M1014) on Madlax!
10.02.2019 22:56:55: Madlax(76561197989383835) | Spawning Rifle (Rifle) on Madlax!
10.02.2019 22:57:01: Madlax(76561197989383835) | Spawning M1014 12 Gauge (Exile_Weapon_M1014) on Madlax!
10.02.2019 22:57:54: Madlax(76561197989383835) | Spawning Exile Santa Hat (Exile_Headgear_SantaHat) on Madlax!
10.02.2019 22:58:27: Madlax(76561197989383835) | Spawning Booniehat (Olive) (H_Booniehat_oli) on Madlax!
10.02.2019 22:58:34: Madlax(76561197989383835) | Spawning 4-five .45 ACP (hgun_Pistol_heavy_01_F) on Madlax!
10.02.2019 22:58:55: Madlax(76561197989383835) | Spawning Assault Pack (Green) (B_AssaultPack_rgr_ReconLAT) on Madlax!
10.02.2019 22:59:13: Madlax(76561197989383835) | Spawning Fishing Clothes (U_C_Fisherman) on Madlax!
10.02.2019 22:59:15: Madlax(76561197989383835) | Spawning Farmer Clothes (U_C_Farmer) on Madlax!
10.02.2019 22:59:17: Madlax(76561197989383835) | Spawning Scavenger Clothes (Dark) (U_C_Scavenger_2) on Madlax!
10.02.2019 22:59:17: Madlax(76561197989383835) | Spawning Scavenger Clothes (Light) (U_C_Scavenger_1) on Madlax!
10.02.2019 22:59:22: Madlax(76561197989383835) | Spawning VR Suit [Civilians] (U_C_Protagonist_VR) on Madlax!
10.02.2019 22:59:28: Madlax(76561197989383835) | Spawning Guerilla Apparel (U_IG_Guerrilla_6_1) on Madlax!
10.02.2019 22:59:28: Madlax(76561197989383835) | Spawning Guerilla Apparel (U_BG_Guerrilla_6_1) on Madlax!
10.02.2019 22:59:29: Madlax(76561197989383835) | Spawning Guerilla Apparel (U_OG_Guerrilla_6_1) on Madlax!
10.02.2019 23:00:08: Madlax(76561197989383835) | Spawning m1014_8rnd_slug (8rnd_B_Beneli_74Slug) on Madlax!
10.02.2019 23:00:09: Madlax(76561197989383835) | Spawning m1014_8rnd_slug (8rnd_B_Beneli_74Slug) on Madlax!
10.02.2019 23:00:09: Madlax(76561197989383835) | Spawning m1014_8rnd_slug (8rnd_B_Beneli_74Slug) on Madlax!
10.02.2019 23:00:10: Madlax(76561197989383835) | Spawning m1014_8rnd_slug (8rnd_B_Beneli_74Slug) on Madlax!
10.02.2019 23:00:10: Madlax(76561197989383835) | Spawning m1014_8rnd_slug (8rnd_B_Beneli_74Slug) on Madlax!
10.02.2019 23:00:10: Madlax(76561197989383835) | Spawning m1014_8rnd_slug (8rnd_B_Beneli_74Slug) on Madlax!
10.02.2019 23:00:11: Madlax(76561197989383835) | Spawning m1014_8rnd_slug (8rnd_B_Beneli_74Slug) on Madlax!
10.02.2019 23:00:11: Madlax(76561197989383835) | Spawning m1014_8rnd_slug (8rnd_B_Beneli_74Slug) on Madlax!
10.02.2019 23:00:11: Madlax(76561197989383835) | Spawning m1014_8rnd_slug (8rnd_B_Beneli_74Slug) on Madlax!
10.02.2019 23:00:11: Madlax(76561197989383835) | Spawning m1014_8rnd_slug (8rnd_B_Beneli_74Slug) on Madlax!
10.02.2019 23:00:12: Madlax(76561197989383835) | Spawning m1014_8rnd_slug (8rnd_B_Beneli_74Slug) on Madlax!
10.02.2019 23:00:12: Madlax(76561197989383835) | Spawning m1014_8rnd_slug (8rnd_B_Beneli_74Slug) on Madlax!
10.02.2019 23:01:25: Madlax(76561197989383835) | Spawning .45 ACP 11Rnd Mag (11Rnd_45ACP_Mag) on Madlax!
10.02.2019 23:01:26: Madlax(76561197989383835) | Spawning .45 ACP 11Rnd Mag (11Rnd_45ACP_Mag) on Madlax!
10.02.2019 23:01:42: Madlax(76561197989383835) | Spawning m1014_8rnd_pellets (8Rnd_B_Beneli_74Pellets) on Madlax!
10.02.2019 23:02:10: Madlax(76561197989383835) | Deleting GroundWeaponHolder @037129..
10.02.2019 23:02:14: Madlax(76561197989383835) | Deleting GroundWeaponHolder @037129..
10.02.2019 23:02:34: Wilson(76561198058758223) | Teleport by Admin - from 037129[3729.01,12972.7,0.00143814] to 146167[14641.8,16783.2,0.301438]  (11559m) | 0h 10min 5s
10.02.2019 23:07:23: Wilson(76561198058758223) | Teleport by Admin - from 146167[14607.7,16741.8,-0.0491829] to 146167[14634.3,16717.3,0.301438]  (36m) | 0h 14min 52s
10.02.2019 23:14:10: Madlax(76561197989383835) | Zombie Shield - OFF
10.02.2019 23:19:05: Wilson(76561198058758223) | Teleport by Admin - from 245210[24599.2,21027.5,0.00112915] to 218209[21873.6,20987.6,0.421052]  (2726m) | 0h 26min 34s
10.02.2019 23:30:19: Madlax(76561197989383835) | Spawning Work Bench Kit (Exile_Item_WorkBenchKit) on Madlax!
10.02.2019 23:31:23: Madlax(76561197989383835) | Spawning Plastic Bottle (Fresh Water) (Exile_Item_PlasticBottleFreshWater) on Madlax!
10.02.2019 23:31:24: Madlax(76561197989383835) | Spawning Plastic Bottle (Fresh Water) (Exile_Item_PlasticBottleFreshWater) on Madlax!
10.02.2019 23:31:57: Madlax(76561197989383835) | Spawning Cooked Goat (Goat_Ck) on Madlax!
10.02.2019 23:31:57: Madlax(76561197989383835) | Spawning Cooked Goat (Goat_Ck) on Madlax!
10.02.2019 23:31:57: Madlax(76561197989383835) | Spawning Cooked Goat (Goat_Ck) on Madlax!
10.02.2019 23:33:04: Madlax(76561197989383835) | Spawning Bag of Cement (Exile_Item_Cement) on Madlax!
10.02.2019 23:33:04: Madlax(76561197989383835) | Spawning Bag of Cement (Exile_Item_Cement) on Madlax!
10.02.2019 23:33:05: Madlax(76561197989383835) | Spawning Bag of Cement (Exile_Item_Cement) on Madlax!
10.02.2019 23:33:05: Madlax(76561197989383835) | Spawning Bag of Cement (Exile_Item_Cement) on Madlax!
10.02.2019 23:33:05: Madlax(76561197989383835) | Spawning Bag of Cement (Exile_Item_Cement) on Madlax!
10.02.2019 23:33:06: Madlax(76561197989383835) | Spawning Bag of Cement (Exile_Item_Cement) on Madlax!
10.02.2019 23:33:52: Wilson(76561198058758223) | Teleport by Admin - from 142130[14279.7,13026.6,0.00150013] to 146167[14607.5,16755.1,0.301438]  (3743m) | 0h 41min 19s
10.02.2019 23:34:15: Madlax(76561197989383835) | Spawning Storage Crate Kit (Exile_Item_Storagecratekit) on Madlax!
10.02.2019 23:35:49: Madlax(76561197989383835) | Mass Message: uno reverse card
10.02.2019 23:36:05: Madlax(76561197989383835) | Teleport to [14654.6,16732.1,0](GPS: 146167)
10.02.2019 23:37:10: Madlax(76561197989383835) | Teleport to [14262.7,13020.3,0](GPS: 142130)
10.02.2019 23:39:13: Madlax(76561197989383835) | used showinfo on: Exile_Container_Safe @143130
10.02.2019 23:41:16: Madlax(76561197989383835) | Teleport to [14621.6,16767.6,0](GPS: 146167)
10.02.2019 23:42:32: Madlax(76561197989383835) | Teleport to [18338.3,15742.9,0](GPS: 183157)
10.02.2019 23:42:38: Madlax(76561197989383835) | Zombie Shield - ON
10.02.2019 23:42:42: Madlax(76561197989383835) | Teleport to [18310.9,15579.6,0](GPS: 183155)
10.02.2019 23:43:06: Madlax(76561197989383835) | Teleport to [14277.6,13025.8,0](GPS: 142130)
10.02.2019 23:43:26: Madlax(76561197989383835) | Spawning Concrete Gate Kit (Exile_Item_ConcreteGateKit) on the ground infront of Madlax!
10.02.2019 23:43:30: Madlax(76561197989383835) | Spawning Concrete Wall Kit (Exile_Item_ConcreteWallKit) on the ground infront of Madlax!
10.02.2019 23:43:30: Madlax(76561197989383835) | Spawning Concrete Wall Kit (Exile_Item_ConcreteWallKit) on the ground infront of Madlax!
10.02.2019 23:43:31: Madlax(76561197989383835) | Spawning Concrete Wall Kit (Exile_Item_ConcreteWallKit) on the ground infront of Madlax!
10.02.2019 23:43:31: Madlax(76561197989383835) | Spawning Concrete Wall Kit (Exile_Item_ConcreteWallKit) on the ground infront of Madlax!
10.02.2019 23:45:17: Madlax(76561197989383835) | used showinfo on: B_Heli_Light_01_armed_F @142130
10.02.2019 23:47:57: Madlax(76561197989383835) | Spawning Concrete Wall Kit (Exile_Item_ConcreteWallKit) on the ground infront of Madlax!
10.02.2019 23:47:57: Madlax(76561197989383835) | Spawning Concrete Wall Kit (Exile_Item_ConcreteWallKit) on the ground infront of Madlax!
10.02.2019 23:47:58: Madlax(76561197989383835) | Spawning Concrete Wall Kit (Exile_Item_ConcreteWallKit) on the ground infront of Madlax!
10.02.2019 23:47:58: Madlax(76561197989383835) | Spawning Concrete Wall Kit (Exile_Item_ConcreteWallKit) on the ground infront of Madlax!
10.02.2019 23:48:01: Madlax(76561197989383835) | Spawning Concrete Gate Kit (Exile_Item_ConcreteGateKit) on the ground infront of Madlax!
10.02.2019 23:48:06: Madlax(76561197989383835) | Spawning Concrete Wall Kit (Exile_Item_ConcreteWallKit) on the ground infront of Madlax!
10.02.2019 23:48:07: Madlax(76561197989383835) | Spawning Concrete Wall Kit (Exile_Item_ConcreteWallKit) on the ground infront of Madlax!
10.02.2019 23:48:07: Madlax(76561197989383835) | Spawning Concrete Wall Kit (Exile_Item_ConcreteWallKit) on the ground infront of Madlax!
10.02.2019 23:48:07: Madlax(76561197989383835) | Spawning Concrete Wall Kit (Exile_Item_ConcreteWallKit) on the ground infront of Madlax!
10.02.2019 23:52:32: Wilson(76561198058758223) | Teleport by Admin - from 159125[15974.5,12528.1,-2.19852] to 142130[14253.1,13041.7,0.266053]  (1796m) | 0h 59min 57s
10.02.2019 23:52:53: Madlax(76561197989383835) | Spawning Concrete Stairs Kit (Exile_Item_ConcreteStairsKit) on the ground infront of Madlax!
10.02.2019 23:53:28: Madlax(76561197989383835) | Spawning Concrete Floor Kit (Exile_Item_ConcreteFloorKit) on the ground infront of Madlax!
10.02.2019 23:53:31: Madlax(76561197989383835) | Spawning Concrete Floor Port Kit (Exile_Item_ConcreteFloorPortKit) on the ground infront of Madlax!
10.02.2019 23:56:51: Madlax(76561197989383835) | Spawning Concrete Door Kit (Exile_Item_ConcreteDoorKit) on the ground infront of Madlax!
10.02.2019 23:59:40: Madlax(76561197989383835) | Spawning Tuna Filet (Cooked) (Exile_Item_TunaFilet_Cooked) on the ground infront of Madlax!
