17.01.2019 00:00:52: Connected: Steve Jobs(76561198065853636) Owner: 5
17.01.2019 00:00:53: Connected (CLIENT_PING): Steve Jobs(76561198065853636) Owner: 5, SteamName: Vipes   [UpTime: 0h 4min 37s - ServerFPS: 45.584]
17.01.2019 00:07:48: Connected (UID?): __SERVER__() Owner: 2
17.01.2019 00:12:18: Connected: Steve Jobs(76561198065853636) Owner: 4
17.01.2019 00:12:23: Connected (CLIENT_PING): Steve Jobs(76561198065853636) Owner: 4, SteamName: Vipes   [UpTime: 0h 4min 31s - ServerFPS: 45.7143]
17.01.2019 00:13:12: Disconnected: Steve Jobs(76561198065853636) Owner: 4, SteamName: Vipes
17.01.2019 00:27:53: Connected (UID?): __SERVER__() Owner: 2
17.01.2019 00:28:36: Connected: Steve Jobs(76561198065853636) Owner: 4
17.01.2019 00:28:37: Connected (CLIENT_PING): Steve Jobs(76561198065853636) Owner: 4, SteamName: Vipes   [UpTime: 0h 0min 40s - ServerFPS: 45.8453]
17.01.2019 00:29:22: Disconnected: Steve Jobs(76561198065853636) Owner: 4, SteamName: Vipes
17.01.2019 00:32:32: Connected (UID?): __SERVER__() Owner: 2
17.01.2019 00:33:23: Connected: Steve Jobs(76561198065853636) Owner: 4
17.01.2019 00:33:24: Connected (CLIENT_PING): Steve Jobs(76561198065853636) Owner: 4, SteamName: Vipes   [UpTime: 0h 0min 49s - ServerFPS: 45.977]
17.01.2019 00:34:14: Disconnected: Steve Jobs(76561198065853636) Owner: 4, SteamName: Vipes
17.01.2019 00:38:52: Connected: Steve Jobs(76561198065853636) Owner: 5
17.01.2019 00:38:53: Connected (CLIENT_PING): Steve Jobs(76561198065853636) Owner: 5, SteamName: Vipes   [UpTime: 0h 6min 18s - ServerFPS: 45.7143]
17.01.2019 00:39:39: Disconnected: Steve Jobs(76561198065853636) Owner: 5, SteamName: Vipes
17.01.2019 00:40:27: Connected: Steve Jobs(76561198065853636) Owner: 6
17.01.2019 00:40:29: Connected (CLIENT_PING): Steve Jobs(76561198065853636) Owner: 6, SteamName: Vipes   [UpTime: 0h 7min 53s - ServerFPS: 46.2428]
17.01.2019 00:41:13: Disconnected: Steve Jobs(76561198065853636) Owner: 6, SteamName: Vipes
17.01.2019 00:41:54: Connected: Steve Jobs(76561198065853636) Owner: 7
17.01.2019 00:41:56: Connected (CLIENT_PING): Steve Jobs(76561198065853636) Owner: 7, SteamName: Vipes   [UpTime: 0h 9min 20s - ServerFPS: 45.4545]
17.01.2019 00:44:11: Disconnected: Steve Jobs(76561198065853636) Owner: 7, SteamName: Vipes
17.01.2019 00:44:41: Connected: Steve Jobs(76561198065853636) Owner: 8
17.01.2019 00:44:42: Connected (CLIENT_PING): Steve Jobs(76561198065853636) Owner: 8, SteamName: Vipes   [UpTime: 0h 12min 6s - ServerFPS: 45.7143]
17.01.2019 01:27:42: Connected (UID?): __SERVER__() Owner: 2
17.01.2019 01:29:20: Connected: Steve Jobs(76561198065853636) Owner: 4
17.01.2019 01:29:24: Connected (CLIENT_PING): Steve Jobs(76561198065853636) Owner: 4, SteamName: Vipes   [UpTime: 0h 1min 8s - ServerFPS: 45.7143]
17.01.2019 01:46:01: Disconnected: Steve Jobs(76561198065853636) Owner: 4, SteamName: Vipes
17.01.2019 01:46:34: Connected: Steve Jobs(76561198065853636) Owner: 5
17.01.2019 01:46:37: Connected (CLIENT_PING): Steve Jobs(76561198065853636) Owner: 5, SteamName: Vipes   [UpTime: 0h 18min 17s - ServerFPS: 46.5116]
17.01.2019 02:20:06: Connected (UID?): __SERVER__() Owner: 2
17.01.2019 02:21:28: Connected: Steve Jobs(76561198065853636) Owner: 4
17.01.2019 02:21:30: Connected (CLIENT_PING): Steve Jobs(76561198065853636) Owner: 4, SteamName: Vipes   [UpTime: 0h 0min 51s - ServerFPS: 45.7143]
17.01.2019 02:51:59: Disconnected: Steve Jobs(76561198065853636) Owner: 4, SteamName: Vipes
17.01.2019 02:52:29: Connected: Steve Jobs(76561198065853636) Owner: 5
17.01.2019 02:52:32: Connected (CLIENT_PING): Steve Jobs(76561198065853636) Owner: 5, SteamName: Vipes   [UpTime: 0h 31min 48s - ServerFPS: 46.5116]
17.01.2019 02:58:10: Disconnected: Steve Jobs(76561198065853636) Owner: 5, SteamName: Vipes
17.01.2019 20:35:09: Connected: Steve Jobs(76561198065853636) Owner: 4
17.01.2019 20:35:58: Disconnected: Steve Jobs(76561198065853636) Owner: 4, SteamName: 
17.01.2019 20:36:33: Connected: Steve Jobs(76561198065853636) Owner: 5
17.01.2019 20:36:58: Disconnected: Steve Jobs(76561198065853636) Owner: 5, SteamName: 
17.01.2019 20:40:34: Connected: Steve Jobs(76561198065853636) Owner: 4
17.01.2019 20:41:27: Disconnected: Steve Jobs(76561198065853636) Owner: 4, SteamName: 
17.01.2019 20:45:32: Connected: Steve Jobs(76561198065853636) Owner: 5
17.01.2019 20:45:40: Disconnected: Steve Jobs(76561198065853636) Owner: 5, SteamName: 
17.01.2019 20:48:12: Connected: Steve Jobs(76561198065853636) Owner: 4
17.01.2019 20:51:36: Connected: Steve Jobs(76561198065853636) Owner: 4
17.01.2019 20:55:24: Connected: Steve Jobs(76561198065853636) Owner: 4
17.01.2019 20:56:05: Disconnected: Steve Jobs(76561198065853636) Owner: 4, SteamName: 
