19.01.2019 15:57:00: _fnc_server_handle_mpmessage: pt9y4i08fe9c102v6vfa4
19.01.2019 15:57:00: _fnc_AdminReqReal: sm53f4do2b5g4efa2l7k6i0j4i3hemf
19.01.2019 15:57:00: _playerObjCheckLoop: wra29f7if9ba9u2d403ebw7b4p9sfmfdf792ae29fe5xf
19.01.2019 15:57:00: _token_by_uid: qz5r432saw02ab5z930fe_dm5058an66aoa2474gcydkcjeyfw4
19.01.2019 15:57:00: _uid_by_token: zycsc6420j655p2ifuf
19.01.2019 15:57:00: _name_by_uid: q62vauf_dzcx4k21dva26227ch9cba4b4p714
19.01.2019 15:57:00: _owner_by_uid: fc2sfhfo6sfd9j5p2z2new56axevd64z955k2o9r3
19.01.2019 15:57:00: _uid_by_owner: pj2qf543fq64a7a35h5
19.01.2019 15:57:00: _fn_playerConnected: wj3821exft2e7yb121fu7q6s9c47fk7r0x277
19.01.2019 15:57:00: _server_setTokenR: a_7e464tdg412pf06u7
19.01.2019 15:57:00: _FN_INJECT_ON_CLIENT: da093r74fx35eb2ybv1p2h377960en2hfgfdf15n1
19.01.2019 15:57:00: _fnc_l_on_c: z02bf_b_5n33d64r496pde6ef8fpag382q45d
19.01.2019 15:57:00: _adminStartupCode: c3dof9bn9y7n3k2s6gay3zc
19.01.2019 15:57:00: _AHKickOFF: pmb_bx2lbm2e2gd32n4td36m1hbd7d2159c
19.01.2019 15:57:00: _AHKickLog: fc6sfad35v1s9uap43a47w4m9c6s21a
19.01.2019 15:57:00: _AH_RunCheckENDVAR: dt9s9takf4a31v54ay37784v7g4
19.01.2019 15:57:00: _AH_RunCheck: bb3ob76ka_4648b4dne0fw0d2ibl052l423id22w50f
19.01.2019 15:57:00: _AH_HackLogArrayRND: nr715c4p21da987w244na97b96bw54fa1o6i2m9ha45
19.01.2019 15:57:00: _AH_SurvLogArrayRND: kbcveuab3b5uacbyfi2
19.01.2019 15:57:00: _AH_AdmiLogArrayRND: qw69ftfca026462g1gbg4pftd
19.01.2019 15:57:00: _TMPBAN: mp312w4k12b24y7g282y245x795
19.01.2019 15:57:00: _fn_getTempBans: o898am36cq4hdo7zb89
19.01.2019 15:57:00: _fnc_addTempBan: zm272uc371f22m17eqat7kf5232q0x2eal9
19.01.2019 15:57:00: _fnc_removeTempBan: xv9hbr660i3622a7fj67986q7
19.01.2019 15:57:00: _AHpos: lrby2_befb67e97y6qfffh27cq2h9h7
19.01.2019 15:57:00: _adminsA: ia4l9y3xa29a2nam5rada82o5v7z424
19.01.2019 15:57:00: _vehicle_needs_check: ohaf2bdz9j6n0x3zf83k2oc76aal77abd34
19.01.2019 15:57:00: _fnc_infiSTAR_PlayerLog: qt2l4fahb427f27t04f0bh60361hb
19.01.2019 15:57:00: _antidupePVResVar: vhd89fag7dav3zal2p7z1sa07l9i54di9i962q9ndn9hao2
19.01.2019 15:57:00: _runcheck_thread: wsb72gciaa5ma85r519fab911mb
19.01.2019 15:57:00: _livestarted: vufp50526v774i92494ya43y3adu1
19.01.2019 15:57:00: _fnc_check_type_allowed: ru6q7nax9e2jbpdz53ac2wdo10786
19.01.2019 15:57:00: _fnc_vehicle_check: eu541o2m1nee5i65e7al20702sf
19.01.2019 15:57:00: _rcheckclient: d59q4uc035acai1o7obqdv7f9dbcfq6bccbrbaa64xb6e50
19.01.2019 15:57:00: _rcheckserver: zlca5_d_97fq677c4y7_3p7k95fib72o20eu1_bb36712r919z4
19.01.2019 15:57:00: _waste_btn_thread: sg4ma54d23axfge2crc
19.01.2019 15:58:24: _fnc_server_handle_mpmessage: zhc7ad9_0xcm6r5f2x417kdm3lex6p5k7ua65h7da
19.01.2019 15:58:24: _fnc_AdminReqReal: i3fg0gak2f7r9qfu3yco36az6g1061209
19.01.2019 15:58:24: _playerObjCheckLoop: y9971pfaaeex32foaj7
19.01.2019 15:58:24: _token_by_uid: or4ab8114i7rfj44ama4fmc
19.01.2019 15:58:24: _uid_by_token: sa72a30can0jfh41fx3x1m4ofl7v2e3d6g6
19.01.2019 15:58:24: _name_by_uid: ti3r754t2ufudl9m44f
19.01.2019 15:58:25: _owner_by_uid: pu692wbwax250k4zbd10b1a7a
19.01.2019 15:58:25: _uid_by_owner: wm6k04aa715z6l1i9_ehdwee7sa9ay3yf
19.01.2019 15:58:25: _fn_playerConnected: nxfya5236t431i4lbj9qff3i6_dx4
19.01.2019 15:58:25: _server_setTokenR: va9cc25ef9983_5j9x2yc332aaf
19.01.2019 15:58:25: _FN_INJECT_ON_CLIENT: pq6tag9cdd7j5346fk5
19.01.2019 15:58:25: _fnc_l_on_c: wo624ze81yfg92631x9g6q00904o6
19.01.2019 15:58:25: _adminStartupCode: ek47fvb74a9wfk41fx0u5u23272
19.01.2019 15:58:25: _AHKickOFF: po0w4p1_cv4l4q4m2sb
19.01.2019 15:58:25: _AHKickLog: ngfi9n0r463o9t4h6e4aaley9jasfj5da
19.01.2019 15:58:25: _AH_RunCheckENDVAR: hf483oak1c572y5a7k9efg29b_bld02
19.01.2019 15:58:25: _AH_RunCheck: g70c9h7o9v7wf1279s4g6o0_bsdg7pf72p6o0u4n6
19.01.2019 15:58:25: _AH_HackLogArrayRND: vy3f5h9k5wba2423fd4f9mckaz4cfv0j7cc
19.01.2019 15:58:25: _AH_SurvLogArrayRND: b601e52fai3025f83u4o7x5vfl25d8da6yd5fz01f35829aha
19.01.2019 15:58:25: _AH_AdmiLogArrayRND: p09a6z6jed2b5q5d2sbg4p2x069ces95f
19.01.2019 15:58:25: _TMPBAN: uiah4b1d9sbra4d_c3a
19.01.2019 15:58:25: _fn_getTempBans: k1712ga44p7u919l906oc
19.01.2019 15:58:25: _fnc_addTempBan: ogatet4_7xat63fhdxazdweh495
19.01.2019 15:58:25: _fnc_removeTempBan: icdm4m6w62ay3w4qaj5h9zfud
19.01.2019 15:58:25: _AHpos: ns9o6jaa272_bb4d2ia
19.01.2019 15:58:25: _adminsA: v85r9r4l9o6q3x9r2f2
19.01.2019 15:58:25: _vehicle_needs_check: tmf64s91246125bjbheobbb0489dazamded2b
19.01.2019 15:58:25: _fnc_infiSTAR_PlayerLog: tc7x7l94bichf42d242
19.01.2019 15:58:25: _antidupePVResVar: jibw7d4y030batau1y9c712k1
19.01.2019 15:58:25: _runcheck_thread: ge5nfw3bdtao4w3ufs2
19.01.2019 15:58:25: _livestarted: mjaz4w2e4l2ya79i7m5
19.01.2019 15:58:25: _fnc_check_type_allowed: lua1be5u6lepa_5ofy2
19.01.2019 15:58:25: _fnc_vehicle_check: ek6h5gf0dv7la70y95e3dt7
19.01.2019 15:58:25: _rcheckclient: jwak4u374tcr241jaf6af0b1df0q2pfn6o5m5w9l27a81
19.01.2019 15:58:25: _rcheckserver: ch3u9v6x9y409qfq1t4
19.01.2019 15:58:25: _waste_btn_thread: b6b_235527a87_7aarepad9pbz2jd_3nabe
