10.02.2019 22:43:42: _fnc_server_handle_mpmessage: pcdc9f2y2v4f431r353
10.02.2019 22:43:42: _fnc_AdminReqReal: g90mbh9objba7o0p4q6
10.02.2019 22:43:42: _playerObjCheckLoop: kfarc813bsa81n7j4u5n9mb2av5g9z1f4xck9va9a
10.02.2019 22:43:42: _token_by_uid: tudwcw4j0q3ga96s2wfof92fcx9q3
10.02.2019 22:43:42: _uid_by_token: m11d0o3q9w0s4jac9o5r7g0xac5ra4dz2h9u4v786udo6
10.02.2019 22:43:42: _name_by_uid: pw4t98etb5563e2o9k7d785k46fw3d1haqa
10.02.2019 22:43:42: _owner_by_uid: wc2ff89ec_akat981l596tetde1i4afq6t4r4
10.02.2019 22:43:42: _uid_by_owner: imfi1a974e3bbxa028an6xdv4t2f6c06095l1maxfr4
10.02.2019 22:43:42: _fn_playerConnected: tx59a84s7eav9s4f5ta
10.02.2019 22:43:42: _server_setTokenR: jccm1_aue7cx1m02994r2f1h7236a
10.02.2019 22:43:42: _FN_INJECT_ON_CLIENT: fra8dzd7bff45a3aapfbbs6e3rfy7j2d7ga
10.02.2019 22:43:42: _fnc_l_on_c: xz6tedc72sc74tfa2z5
10.02.2019 22:43:42: _adminStartupCode: bb7a0p3q9x096n9o7z0
10.02.2019 22:43:42: _AHKickOFF: ks2mas2g9u2zckdm4n7sa214982n685w3dcocy454w5xd82
10.02.2019 22:43:42: _AHKickLog: xjfweoew1ca51z4f6daq694h4zai3821f
10.02.2019 22:43:42: _AH_RunCheckENDVAR: dtftd0c_a47p3xcg6r43aj4zdsfef
10.02.2019 22:43:42: _AH_RunCheck: c9bua4ara9549s62a24gan74ae7o4
10.02.2019 22:43:42: _AH_HackLogArrayRND: ce5na19tazfc2fej2c469e2ma52uei2ca9dm7w3
10.02.2019 22:43:42: _AH_SurvLogArrayRND: wl93da7c5j2a9i7x7s9
10.02.2019 22:43:42: _AH_AdmiLogArrayRND: e95efl2xd0c2932r2i3226acbaafa0az7761f
10.02.2019 22:43:42: _TMPBAN: om6j527jav5v9qdkfl28fr7m9k4
10.02.2019 22:43:42: _fn_getTempBans: lb2b2c972q5yem3q782ja_9l2g2vfy66e4d_dxa
10.02.2019 22:43:42: _fnc_addTempBan: uofw4j4ken72a2229l2c2r29fca
10.02.2019 22:43:42: _fnc_removeTempBan: rm2fco3524db457qeo9
10.02.2019 22:43:42: _AHpos: q_4f1cdxfs4f1s05f01w2i2b1bd6fr4r9
10.02.2019 22:43:42: _adminsA: r_5x29cef6apd8arf_4zfq4f9b2e4v1j2
10.02.2019 22:43:42: _vehicle_needs_check: xv761md7a2daawbk2z4k4oakbn28d5a15c6t55a
10.02.2019 22:43:42: _fnc_infiSTAR_PlayerLog: y89s72e69jbi5n2gam459jdb9m1nfa9ra
10.02.2019 22:43:42: _antidupePVResVar: r2d99d3cdcenaa40fhakfb5ia
10.02.2019 22:43:42: _runcheck_thread: umbxa24iabf02q9a02f9c92lb25hcc52d84a6qfqcm3
10.02.2019 22:43:42: _livestarted: mbbo29a8dy6jcr9x5nb7f09y2zcxar9b4t0f3
10.02.2019 22:43:42: _fnc_check_type_allowed: i1dr5vap3c41bncwa8b
10.02.2019 22:43:42: _fnc_vehicle_check: lfe96_ftbe9b2edq0u6
10.02.2019 22:43:42: _rcheckclient: zjdv9tajew26a_br2i2obn74e5b
10.02.2019 22:43:42: _rcheckserver: t6bhf62k9o9qfsa94z6d0odede39cjb
10.02.2019 22:43:42: _waste_btn_thread: tgb9fnay6v1o399f3ie
10.02.2019 22:51:48: _fnc_server_handle_mpmessage: fo969qfc9efd6u4nfc55405id
10.02.2019 22:51:48: _fnc_AdminReqReal: zebfd69a42fx311i3df11ba
10.02.2019 22:51:48: _playerObjCheckLoop: ey926ub09z0y5l9v3nda97aveu9x28bmazf
10.02.2019 22:51:48: _token_by_uid: kfen4s15aaaaer7_df216lb80o202rb52
10.02.2019 22:51:48: _uid_by_token: sdekbwaca92q29de6k2
10.02.2019 22:51:48: _name_by_uid: d69za3d2ck6199b_9l944hau99bu9y2lay3sbv6g5s6
10.02.2019 22:51:48: _owner_by_uid: c8682md4ae7u087eag675o2
10.02.2019 22:51:48: _uid_by_owner: dyap0a25dfda2nbgay9
10.02.2019 22:51:48: _fn_playerConnected: ae234867ala1ea233xd1dje3bf6
10.02.2019 22:51:48: _server_setTokenR: hkdx3_bofg0r7g9n2gdu3cbw712tfhaaa80kfd6c2z4
10.02.2019 22:51:48: _FN_INJECT_ON_CLIENT: a1d8bm4kejclbo41fc2ffg0ca
10.02.2019 22:51:48: _fnc_l_on_c: vt2d4zaha27j2dbg2u3sfwb92
10.02.2019 22:51:48: _adminStartupCode: bfa06lb02hdgd29jcybz3e9w4
10.02.2019 22:51:48: _AHKickOFF: awaffvf7ed3teu1rfb35fob2bg4d5da
10.02.2019 22:51:48: _AHKickLog: m1fi2r0n7cf355ftar2ma5avfmap3
10.02.2019 22:51:48: _AH_RunCheckENDVAR: z4494cftfkan6k6b3j6u56bo2p1qcw2o3
10.02.2019 22:51:48: _AH_RunCheck: xsay2q6bam0ff1ar431iadaaaj5b05b
10.02.2019 22:51:48: _AH_HackLogArrayRND: mc2g3e336gak52evf97_2h4j2
10.02.2019 22:51:48: _AH_SurvLogArrayRND: xj9lfwfmarbp4katff5z9oc92
10.02.2019 22:51:48: _AH_AdmiLogArrayRND: w0c77hftag6s2lauda9
10.02.2019 22:51:48: _TMPBAN: b_1b2c644fan9g4w285
10.02.2019 22:51:48: _fn_getTempBans: d05t2r4g5han9odcfv21bda02r7_2vb1364_7
10.02.2019 22:51:48: _fnc_addTempBan: s9dn5s9u1ybqb3dfc14
10.02.2019 22:51:48: _fnc_removeTempBan: u_299p6g9b122lca4l3m9o9c40e2c_0_bve
10.02.2019 22:51:48: _AHpos: p638anama87obx49fpfifv4z2a9
10.02.2019 22:51:48: _adminsA: q49u684m2s53f25dal6
10.02.2019 22:51:48: _vehicle_needs_check: qbda2z6p714vcj5g2vc2e
10.02.2019 22:51:48: _fnc_infiSTAR_PlayerLog: g8ag294d212vftat2zd46t4v6t0u09b
10.02.2019 22:51:48: _antidupePVResVar: koamft7_251c6d6t4l4ybjf95mad5w5
10.02.2019 22:51:48: _runcheck_thread: ttdffb4z4j5e2m79453efi9j1n2b2a462j7zbcfz2
10.02.2019 22:51:48: _livestarted: f5bv7_2rad69dyb9dy6
10.02.2019 22:51:48: _fnc_check_type_allowed: p7aieg6p373lfa2_6e5gbz26904m2vad3pao3
10.02.2019 22:51:48: _fnc_vehicle_check: rn6ud33idw9l285xfs4gd0189
10.02.2019 22:51:48: _rcheckclient: wldn9kbh2gb4eh1961216x5bd26f5
10.02.2019 22:51:48: _rcheckserver: mt6l63479x3qa23p293
10.02.2019 22:51:48: _waste_btn_thread: jteia_avb77uace92ff
