17.01.2019 00:07:46: _fnc_server_handle_mpmessage: om32975la8ft9_exa99
17.01.2019 00:07:46: _fnc_AdminReqReal: nx7c467i5bfw7ra55m3jf1fl4090a2bc9s2p6l5k5g3
17.01.2019 00:07:46: _playerObjCheckLoop: wsdvbk4nf22d5z91am4s6
17.01.2019 00:07:46: _token_by_uid: gn29am5o4w2r2b91e94_f22i3k1q7p3
17.01.2019 00:07:46: _uid_by_token: od2n0r4w9g9mbx630wdefi28a5b
17.01.2019 00:07:46: _name_by_uid: pf22f7fx2g3eala_f82nd
17.01.2019 00:07:46: _owner_by_uid: x524bp3162959m6a4t94fr70f
17.01.2019 00:07:46: _uid_by_owner: a5f82p5p2o5tdt60245qb27dal9y4od8c34
17.01.2019 00:07:46: _fn_playerConnected: s4ag4s4u5eak7t732ea
17.01.2019 00:07:46: _server_setTokenR: gw9udefz6f6kavajd9ep5a57cu9_92503nbaah9lan1
17.01.2019 00:07:46: _FN_INJECT_ON_CLIENT: pw9n1k481qax2i286t0fdreq739ma6de0z5oa9cy6
17.01.2019 00:07:46: _fnc_l_on_c: bu3fci4lf2be38335g4
17.01.2019 00:07:46: _adminStartupCode: eg57a4asaxbf9td0bs2
17.01.2019 00:07:46: _AHKickOFF: hh6f6efy7xez2w467t5c6a5m9u3fcg9w4q6tfkdfak9
17.01.2019 00:07:46: _AHKickLog: amat662vbe5kb63l4data8d0cn6w6dfa2a7f2_4
17.01.2019 00:07:46: _AH_RunCheckENDVAR: cmdb9x05fk2ice4x4v3
17.01.2019 00:07:46: _AH_RunCheck: ptfudp7n1vfa9vb2aq9m30bfa2cv5hfwfe2o9ze
17.01.2019 00:07:46: _AH_HackLogArrayRND: a79o267k9bbx9h7ica5
17.01.2019 00:07:46: _AH_SurvLogArrayRND: l99ad627f96o274cfg9
17.01.2019 00:07:46: _AH_AdmiLogArrayRND: w64paafcfo2526f3bk4
17.01.2019 00:07:46: _TMPBAN: nb9g3y4xdr044y3e3p2q27dk39bb26f_dkdg462
17.01.2019 00:07:46: _fn_getTempBans: kp1j332geqa04x9e3x9k6
17.01.2019 00:07:46: _fnc_addTempBan: pzan76ah467z0c7d3i699zai49a
17.01.2019 00:07:46: _fnc_removeTempBan: gqe_f3bbdh5b9b4zft2
17.01.2019 00:07:46: _AHpos: dc9p4v31fd4xfqde0c2m2oaqa
17.01.2019 00:07:46: _adminsA: pp5vfb5y2g6obbbx4r3x3t3o6bezaa9
17.01.2019 00:07:46: _vehicle_needs_check: mv3273bi5jd42dfy4r3oau99dd0rfcdf9ddta02ub
17.01.2019 00:07:46: _fnc_infiSTAR_PlayerLog: j_ax9g9t5tawf02t972
17.01.2019 00:07:46: _antidupePVResVar: hh6qa51m2ybqez237i4
17.01.2019 00:07:46: _runcheck_thread: s7bnfe352a9tasa_at9w9c4iafbzav9nd7as3
17.01.2019 00:07:46: _livestarted: h22l5za7bd6g4jfs9paw9730dobu34fg74ff6x2gc66kf
17.01.2019 00:07:46: _fnc_check_type_allowed: rra74x1j6fa4d2a2f69z2_akd74y2wbragaz2j061g9
17.01.2019 00:07:46: _fnc_vehicle_check: fa539993b70c710j47a
17.01.2019 00:07:46: _rcheckclient: oc2fep9q1s2idnftaoc
17.01.2019 00:07:46: _rcheckserver: za4k0ybr6z9c625_0xa92x3dfx6n3pd
17.01.2019 00:07:46: _waste_btn_thread: sif07w2z5_eo36asanfyabcw9hbc2
17.01.2019 00:27:51: _fnc_server_handle_mpmessage: d_4a284ebsb_1c9y214p4c460a3i713ybi4ddmbuf
17.01.2019 00:27:51: _fnc_AdminReqReal: on2n3k5pal3ja_b249ao3x5y73dxai53c42e9b2ef
17.01.2019 00:27:51: _playerObjCheckLoop: hxepdn7mbk4ca7735j3qa_bj51fuap9a432f9s9eau2y0u5q5mah5
17.01.2019 00:27:51: _token_by_uid: f57fa22zdu4dbu99be909d6ma5az5yfa2bbbf
17.01.2019 00:27:51: _uid_by_token: kla54xb7e847732o29ff22514_a
17.01.2019 00:27:51: _name_by_uid: lobfb32mcbbqd62sf0az53fw405g2deh4xfk9
17.01.2019 00:27:51: _owner_by_uid: qq9i6cad5odaa57d3xc7br56d
17.01.2019 00:27:51: _uid_by_owner: xy3r27al1m48fr02eb1x922n0
17.01.2019 00:27:51: _fn_playerConnected: s99g0r24bjabbk2t1e4
17.01.2019 00:27:51: _server_setTokenR: ij61cgazfv9kboamcx6l7_7x9i7xfl5n0
17.01.2019 00:27:51: _FN_INJECT_ON_CLIENT: n59lfg9fffdobmaoagcm4k7y1
17.01.2019 00:27:51: _fnc_l_on_c: gt2v7xd86mfk2n189i4_6p9o516h25a0d
17.01.2019 00:27:51: _adminStartupCode: ma655_244bbg1g273cb12220ao7_fs449
17.01.2019 00:27:51: _AHKickOFF: r1c85n2o2g2k2c0odl4465a
17.01.2019 00:27:51: _AHKickLog: xkam9zboa05l6_9u9bd
17.01.2019 00:27:51: _AH_RunCheckENDVAR: iueo6tdw235n4n5_07a
17.01.2019 00:27:51: _AH_RunCheck: s26427agdu2ze56m4wa
17.01.2019 00:27:51: _AH_HackLogArrayRND: w7f3avet5pas4vfi2z2n9_416n6t967l08ci2x5
17.01.2019 00:27:51: _AH_SurvLogArrayRND: n9544edg926dfm0e57a23sb46n1u9j3
17.01.2019 00:27:51: _AH_AdmiLogArrayRND: kpbd5d6n624y992aaf13atfmfc5e2
17.01.2019 00:27:51: _TMPBAN: fa00ex0w205x71dzae5
17.01.2019 00:27:51: _fn_getTempBans: ahax93252198ft6tfta2frc4bbb6b66i30f
17.01.2019 00:27:51: _fnc_addTempBan: kuf7byff240f70cua2eb2j3
17.01.2019 00:27:51: _fnc_removeTempBan: keeu91bsf9d057cqb5d
17.01.2019 00:27:51: _AHpos: n24pdkes4ifb6y3s4l3tds94aear39aw735ra
17.01.2019 00:27:51: _adminsA: rmb5elf42y4q9jbeaa7
17.01.2019 00:27:51: _vehicle_needs_check: lk7g903y6_2gdx3ef05pb45mayed7jc
17.01.2019 00:27:51: _fnc_infiSTAR_PlayerLog: djad2_7ybn4s4t3fai0
17.01.2019 00:27:51: _antidupePVResVar: ug6g5xbv4fe3f713df3_cv4ia_fg9h5_2
17.01.2019 00:27:51: _runcheck_thread: pibo27a73l609g2eej27f4f2dy0
17.01.2019 00:27:51: _livestarted: iwfs2d5c680aa0aeay7352aq6p7
17.01.2019 00:27:51: _fnc_check_type_allowed: mv2odj7ld_9m4r27b05
17.01.2019 00:27:51: _fnc_vehicle_check: w20paj433uf1fpdm4_1i2k9p6v1b6u2sbkbg2h6
17.01.2019 00:27:51: _rcheckclient: dk289d2yfo6_57447obz9092f_226p2a5pag4d6n5
17.01.2019 00:27:51: _rcheckserver: x5bubr5febaraac75_9
17.01.2019 00:27:51: _waste_btn_thread: l02l6qduf3fhcm2d437gbf3
17.01.2019 00:32:30: _fnc_server_handle_mpmessage: uj7ifxa13o4ja2cm4p1nay5m5a25a13i0y9pd
17.01.2019 00:32:30: _fnc_AdminReqReal: w4342jdu38eifd7c7z9i25357nfof22ud22ef_7
17.01.2019 00:32:30: _playerObjCheckLoop: esf9db9e2raq2543em1
17.01.2019 00:32:30: _token_by_uid: vz7r5w2d3v40949jbe2jf3bsd5572q3z4ia
17.01.2019 00:32:30: _uid_by_token: ordt2abef54w945day9ndv32ay26fse0227
17.01.2019 00:32:30: _name_by_uid: oifvbma82w2y6y99feapd737cofn9pan369w004w2ma95z9if
17.01.2019 00:32:30: _owner_by_uid: bibc24311c4cfmay9x6a43abe82g7wfg2s22fy6t745g2l262
17.01.2019 00:32:30: _uid_by_owner: kibaawee1c4j2jf02yd14heh4he7d_dr62404h2m2ma
17.01.2019 00:32:30: _fn_playerConnected: vu2ydfb3fn6d59df7v4
17.01.2019 00:32:30: _server_setTokenR: x59e4o4t95ba37a5azagb_7
17.01.2019 00:32:30: _FN_INJECT_ON_CLIENT: eh2uepdxaw4t3n6n4b1
17.01.2019 00:32:30: _fnc_l_on_c: daau4_59fdb17nem41fs26cp27aadxew5jbd405xfy4
17.01.2019 00:32:30: _adminStartupCode: z_0747c9fb44d1fn3h0ufwc862ex3vb1390i2ba9fw4
17.01.2019 00:32:30: _AHKickOFF: j67ofs0h402k9q6ia7a
17.01.2019 00:32:30: _AHKickLog: tv41a637e29m9oby9z1xfva5217afh1z2i2
17.01.2019 00:32:30: _AH_RunCheckENDVAR: h2727dcafb2m2p07aoag6
17.01.2019 00:32:30: _AH_RunCheck: fi4a207bed4b35462d2x2532bb25d5bn4b4
17.01.2019 00:32:30: _AH_HackLogArrayRND: zd242dal7c9uc9fsde46b03
17.01.2019 00:32:30: _AH_SurvLogArrayRND: pi279z701ka0aa2g9l995l2jb2a75x2
17.01.2019 00:32:30: _AH_AdmiLogArrayRND: g1c_9s2u2u6afh2g9ef3236c4
17.01.2019 00:32:30: _TMPBAN: hpb4d79i1d60bnah44dodna61
17.01.2019 00:32:30: _fn_getTempBans: hf36aw90f00d7tfha62
17.01.2019 00:32:30: _fnc_addTempBan: sb7i6w2c4q676c5gbxft6o4n5
17.01.2019 00:32:30: _fnc_removeTempBan: rf3kcg49f20r7x0c2k2pb
17.01.2019 00:32:30: _AHpos: c2f84406fc4i2_eib09baqfm6pax2a5
17.01.2019 00:32:30: _adminsA: uifb341a61c79iezev0ca
17.01.2019 00:32:30: _vehicle_needs_check: nb1m693i181t5vb3ewfldub6bxbe96f
17.01.2019 00:32:30: _fnc_infiSTAR_PlayerLog: tp55782ldb6x4mai37c8fv98bh9n5rdi765h3i0
17.01.2019 00:32:30: _antidupePVResVar: kob8a6ar2ias3fff3z2ufhdv1z7s214c2b5722aka
17.01.2019 00:32:30: _runcheck_thread: cnbi2z2z0ddk14atbk3
17.01.2019 00:32:30: _livestarted: tsde2e57fw3nf657bd2gbt46713s9acsdm1
17.01.2019 00:32:30: _fnc_check_type_allowed: r2ab4paff4cw507aaud
17.01.2019 00:32:30: _fnc_vehicle_check: b0a47ydm9cfhbqaz9gf
17.01.2019 00:32:30: _rcheckclient: msd3fa3m90an3x3y5m394x20632j4aajfa7s346x39601hbn5
17.01.2019 00:32:30: _rcheckserver: gd5d5ofb2qbaf92le16
17.01.2019 00:32:30: _waste_btn_thread: zw9t366s2n5r6qaw3v6h6v23brd
17.01.2019 01:27:40: _fnc_server_handle_mpmessage: yh9473a_fpa44y427b0b48dxfiap4h7v4
17.01.2019 01:27:40: _fnc_AdminReqReal: wveybl9a0v519r2e9i2
17.01.2019 01:27:40: _playerObjCheckLoop: u8as2d4tea0laidx38aj91ar490c7s4sd403766f4460234xa
17.01.2019 01:27:40: _token_by_uid: pq4f9z31254ybkayc53h3h9l5
17.01.2019 01:27:40: _uid_by_token: p59ia1375b543s01adci5o4nf2fcbtavbz7w6
17.01.2019 01:27:40: _name_by_uid: zieefn489y50ah2tcmf73e75fg0
17.01.2019 01:27:40: _owner_by_uid: e_6n972k2b6h94dw08b22x3fabcm2o3f6
17.01.2019 01:27:40: _uid_by_owner: l0bd3e1y7u0i6c5v41b
17.01.2019 01:27:40: _fn_playerConnected: n_4jar092kb59aat766
17.01.2019 01:27:40: _server_setTokenR: qx6193f2980x4l0t40da7ma5aq9u432s2d2s474
17.01.2019 01:27:40: _FN_INJECT_ON_CLIENT: n89a9m2s9h4o6q784hdy69b4ac9ya0eoc
17.01.2019 01:27:40: _fnc_l_on_c: hc67679o7zd27t23fo4gfc9j22bd5aa2am3q6v534x4_d_f
17.01.2019 01:27:40: _adminStartupCode: c97qa57z2p6r2f4q982_fadl3c6
17.01.2019 01:27:40: _AHKickOFF: ukaid2egbx0c2kaq6g4g9c64a64yfb2b464_5i4x3
17.01.2019 01:27:40: _AHKickLog: x_3l36fqctfk4k27a8ak5mae9n1
17.01.2019 01:27:40: _AH_RunCheckENDVAR: omai6efl4nfycifc4l5
17.01.2019 01:27:40: _AH_RunCheck: jq550udkbce74h6je34
17.01.2019 01:27:40: _AH_HackLogArrayRND: frbb5f3ef52md92c91b
17.01.2019 01:27:40: _AH_SurvLogArrayRND: by3db4f44i6311629p2yb99h23f
17.01.2019 01:27:40: _AH_AdmiLogArrayRND: j32q1wfraoaz5ffxbpc8259t5n7jf09
17.01.2019 01:27:40: _TMPBAN: m40n7z41907z7ta6b49vf
17.01.2019 01:27:40: _fn_getTempBans: ye954j2r217aercj30f
17.01.2019 01:27:40: _fnc_addTempBan: yi3sd16t1n7_179h903
17.01.2019 01:27:40: _fnc_removeTempBan: k0awb26s5kfr0d5b6rf89g66a61m9h26563f7q2z4e2
17.01.2019 01:27:40: _AHpos: q83m0_6gf_7z4qftdn9
17.01.2019 01:27:40: _adminsA: kkd6bo2dfg7227542j467vbn11fgfv2k2e4
17.01.2019 01:27:40: _vehicle_needs_check: osd_dmfi436yac9e90a
17.01.2019 01:27:40: _fnc_infiSTAR_PlayerLog: qr319afufc9g4o1n9la0afegboft6
17.01.2019 01:27:40: _antidupePVResVar: ua157ebbee22fq3q284afl5t1w7la7as5c5v2caf591ba
17.01.2019 01:27:40: _runcheck_thread: sq9nbm6oa3dsbpaub02c69fp4tfd4
17.01.2019 01:27:40: _livestarted: gvc2fif2fa22a_eh7x5q4
17.01.2019 01:27:40: _fnc_check_type_allowed: t16ud09l254pd91ub95ya
17.01.2019 01:27:40: _fnc_vehicle_check: hib6feaq4dd29x053t571qeo6odfba9e1g47a_5i7
17.01.2019 01:27:40: _rcheckclient: hjb5262771cw6x6y4a992
17.01.2019 01:27:40: _rcheckserver: iofe4s0jfj9ob7f6dodc3s6b5
17.01.2019 01:27:40: _waste_btn_thread: jucc6a219nac7i0wdl4z2k9jbo3d7a0qcj4
17.01.2019 02:20:04: _fnc_server_handle_mpmessage: g82p2g56avadfu2p2_5y0a46fi9af
17.01.2019 02:20:04: _fnc_AdminReqReal: dz2w2o69dl4bft159w2
17.01.2019 02:20:04: _playerObjCheckLoop: en3efme4922x4ua_6qa
17.01.2019 02:20:04: _token_by_uid: bs7ifq3a3vfx9c01435
17.01.2019 02:20:04: _uid_by_token: gx5s9tcx4dal4t3p2s789o2b0ufn793nb
17.01.2019 02:20:04: _name_by_uid: yn7i2bam7d400aeaep342q2_2
17.01.2019 02:20:04: _owner_by_uid: wqa73zas2uai1o1jexf4fv6z1
17.01.2019 02:20:04: _uid_by_owner: dbeqar0eb_a6363y961sboaffs6jar6kf
17.01.2019 02:20:04: _fn_playerConnected: sq2y216ca6a4d1f1arat9pfa232o3l785n93fd4qb
17.01.2019 02:20:04: _server_setTokenR: cpax9u0z23au5w3a6g2
17.01.2019 02:20:04: _FN_INJECT_ON_CLIENT: t91f265j30bs4g6o6u5wa952a8eq7f535y75a
17.01.2019 02:20:04: _fnc_l_on_c: yl2vdd9d2w0w9m42dt6n7j4za7fnfv6c2j2a599obuaz3s9
17.01.2019 02:20:04: _adminStartupCode: i8aj25as55fgf52d2x5
17.01.2019 02:20:04: _AHKickOFF: lbatdmf45c7ua80g6oc
17.01.2019 02:20:04: _AHKickLog: k99n2ca22c3daqdif_5sar6b923
17.01.2019 02:20:04: _AH_RunCheckENDVAR: w8bdax7yac6x7xa8ax4vav4
17.01.2019 02:20:04: _AH_RunCheck: otd7b_7paf1c9x2q32axam7q6cf54ga_4faoeh3x2e659t0a629
17.01.2019 02:20:04: _AH_HackLogArrayRND: os347u1xa_3sfy2t4e9j9pbafs2basfxccfndi2h0
17.01.2019 02:20:04: _AH_SurvLogArrayRND: psbg4q2qbjfqfv7zep2
17.01.2019 02:20:04: _AH_AdmiLogArrayRND: ni6n60ap9f2b3g71ag4
17.01.2019 02:20:04: _TMPBAN: xa612j5c74eua2fqasa
17.01.2019 02:20:04: _fn_getTempBans: lx4u4g4t22ds4n1qdxa
17.01.2019 02:20:04: _fnc_addTempBan: wabddxfi1qan2u9862292o5ydodqd16
17.01.2019 02:20:04: _fnc_removeTempBan: q53v533zae4z4i610k5ucj7r7k1xflck705wf
17.01.2019 02:20:04: _AHpos: hwac1j25627if80f9lf45d7pfu6l2n4h2
17.01.2019 02:20:04: _adminsA: leeufo2e662f2na0dt3xao4hdrf
17.01.2019 02:20:04: _vehicle_needs_check: hb35aleme_7b5m4c1fd
17.01.2019 02:20:04: _fnc_infiSTAR_PlayerLog: tt4s4o7y67bh9zbg329t1cdvfs9e2x5a2l7r5b2f9y5
17.01.2019 02:20:04: _antidupePVResVar: r8912e7zd_4z5xbd6b2iei7p9x91fe642_5f27b
17.01.2019 02:20:04: _runcheck_thread: ci4efl3acian22ck2r7o5t4j0u02eb5x6
17.01.2019 02:20:04: _livestarted: ys66by2l9of5782d6k7ba4be31765p7i2z255i4oat4ua
17.01.2019 02:20:04: _fnc_check_type_allowed: yl281add2n4kdm4c497c974
17.01.2019 02:20:04: _fnc_vehicle_check: xabj2g4k2s6t3m3para
17.01.2019 02:20:04: _rcheckclient: dz5df32a4c6f2o4ea09w6e30b
17.01.2019 02:20:04: _rcheckserver: c8d0bd0u3ffe2v7dafdm1t4xfj45afaldd2ib84hf
17.01.2019 02:20:04: _waste_btn_thread: zs9s2qf4f74leb2v9x4e9qb6a
17.01.2019 20:19:37: _fnc_server_handle_mpmessage: r7fefva0b4299n1jfnf
17.01.2019 20:19:37: _fnc_AdminReqReal: ia3bby9h6_a83ze_90b5919
17.01.2019 20:19:37: _playerObjCheckLoop: sc9w24dufm2f0o4wfh7j9a240hdb4u537mft697y9dd
17.01.2019 20:19:37: _token_by_uid: d8bgds6a00b2cc48fu4v6qfr0aau5
17.01.2019 20:19:37: _uid_by_token: zwffbg486afx75d56vb
17.01.2019 20:19:37: _name_by_uid: z6432ia83jata0fh22a8fbd
17.01.2019 20:19:37: _owner_by_uid: ky2lct4s0i2caa2_65aw6gba92699lf54f4tcxfp2
17.01.2019 20:19:37: _uid_by_owner: zu4g29ao32af2idp6v2g52d7e9e
17.01.2019 20:19:37: _fn_playerConnected: eja2242y3cab7h7r2dafat7v7
17.01.2019 20:19:37: _server_setTokenR: c7eg2kau7j4122d76g3wbe9e4oeo271gd4d
17.01.2019 20:19:37: _FN_INJECT_ON_CLIENT: su5v57451n7d2i64f69r2s2d1i374
17.01.2019 20:19:37: _fnc_l_on_c: go12151fapave1dz6a2dd73rbqeffb472t2
17.01.2019 20:19:37: _adminStartupCode: sw2t255p7493fo9l58439v267xa
17.01.2019 20:19:37: _AHKickOFF: ps0jfy3fby5j4_bd26a
17.01.2019 20:19:37: _AHKickLog: uddu2x9o384tff949mag3fe01x3t6
17.01.2019 20:19:37: _AH_RunCheckENDVAR: fafpam3uaycw2b9ab7cx2
17.01.2019 20:19:37: _AH_RunCheck: zv4y4k6_7b43ac3xayakfx9l7
17.01.2019 20:19:37: _AH_HackLogArrayRND: xcfy2qd12k5qagfu4dac01dz1
17.01.2019 20:19:37: _AH_SurvLogArrayRND: yu0z4m08386sb62x4teb9lcj562n6
17.01.2019 20:19:37: _AH_AdmiLogArrayRND: svd1fic3ao0d6udr589
17.01.2019 20:19:37: _TMPBAN: q5aba87vf6du5z40fyax2fde6ya72w25fn582uf
17.01.2019 20:19:37: _fn_getTempBans: aw9r2t0mal7s0u9jf731fc333n1jepaeab6zbwb
17.01.2019 20:19:37: _fnc_addTempBan: u84hay6uac7l25fgdm2t2
17.01.2019 20:19:37: _fnc_removeTempBan: lk2648d_5w25dqbe4p5gb29tadf1dv6q3g2hftd
17.01.2019 20:19:37: _AHpos: eg7_29at166i7_3pdn2b4ialeb34ce3e249a45fhe_0
17.01.2019 20:19:37: _adminsA: o7e6b8d4ak5468bz2yb
17.01.2019 20:19:37: _vehicle_needs_check: t82h2f1l3r333k2j29fjadfm7a41dv1x2273a32c9hc
17.01.2019 20:19:37: _fnc_infiSTAR_PlayerLog: jq1w2z4771ba4ve91y3z4
17.01.2019 20:19:37: _antidupePVResVar: kn2ebx4ffqa54q7q6d457f2v2fdd2bbq9a2
17.01.2019 20:19:37: _runcheck_thread: ws4d2g3b3i604gah5hbtbc5da0ay5o7s1
17.01.2019 20:19:37: _livestarted: ce7o5n4s6ic_6z9x2o06ab967g2g2_f9ftb
17.01.2019 20:19:37: _fnc_check_type_allowed: na5zd93xaa7b46ar0pd921fk3nfffd902xdy1f4
17.01.2019 20:19:37: _fnc_vehicle_check: if4m2cerdsdc3p28903n4hfeb21e51by2k5
17.01.2019 20:19:37: _rcheckclient: f93uc45efad2b2awap2kdd2z35et2y9
17.01.2019 20:19:37: _rcheckserver: up4p77fp1hai1j2aat344r31439u0d7sc918e0a
17.01.2019 20:19:37: _waste_btn_thread: mc6u9tdtb6fvdj06fsfy6jd5fzda2
17.01.2019 20:33:32: _fnc_server_handle_mpmessage: p74a960ue_16fv4b9iaban53c6a7bj5c6
17.01.2019 20:33:32: _fnc_AdminReqReal: cjdb434wfv9sbd4kd57t20db7sfr6
17.01.2019 20:33:32: _playerObjCheckLoop: ph692g9c2d5c3k6j0l9fex47e735anbu5ed93
17.01.2019 20:33:32: _token_by_uid: ku4yfw23123sf7272lfcag5
17.01.2019 20:33:32: _uid_by_token: qjd1avaa514ifcdi9p45614bc9bn7eay332
17.01.2019 20:33:32: _name_by_uid: fdf1ao71fh7r242h1w1
17.01.2019 20:33:32: _owner_by_uid: u5ctce054j3g2m5j2v3zffc83l9ha
17.01.2019 20:33:32: _uid_by_owner: y8a19zah4b35en4uan97fkby4pah5hf
17.01.2019 20:33:32: _fn_playerConnected: afam6lfd7da3abc62eb_ar23db7658a
17.01.2019 20:33:32: _server_setTokenR: da0d0g9jae143abw4x2pa79w1e9ja82u28b
17.01.2019 20:33:32: _FN_INJECT_ON_CLIENT: qyala2dzab5n4j0g1sa027e95t2ibf0w62br9
17.01.2019 20:33:32: _fnc_l_on_c: pt1z3_2sdlaeayf6fpa
17.01.2019 20:33:32: _adminStartupCode: ix21fy2q706k389kdi4z6ffsab6
17.01.2019 20:33:32: _AHKickOFF: zjfv7z932_6f1r9c2x6s485u2h3c2uat9m0efe4
17.01.2019 20:33:32: _AHKickLog: cw529o9b9odj3a2hbv2
17.01.2019 20:33:32: _AH_RunCheckENDVAR: df63fy7o2pa33bdyfbcb4h7vf35v7c9rcbfn0sfz6n07a5fz2
17.01.2019 20:33:32: _AH_RunCheck: wy4e9v717y9f61392pah6bfy2ya
17.01.2019 20:33:32: _AH_HackLogArrayRND: apf99xf72ues761galf60d0r9
17.01.2019 20:33:32: _AH_SurvLogArrayRND: awccex26exbe5p9f1y6
17.01.2019 20:33:32: _AH_AdmiLogArrayRND: qe0kah94f1fq2963dxf7a661ac9z4g43f
17.01.2019 20:33:32: _TMPBAN: og7i7r2q5d54an6gdka
17.01.2019 20:33:32: _fn_getTempBans: rsdbf1fm0e3d6s0afn9v2d5
17.01.2019 20:33:32: _fnc_addTempBan: c83eatfzbvea6l1r114_0l7g5j747t61accd2
17.01.2019 20:33:32: _fnc_removeTempBan: n_295ma9921b662r2hd8fb4b1
17.01.2019 20:33:32: _AHpos: wgd1bb6v2x27efa_0y1j2m46al4g7yewddd
17.01.2019 20:33:32: _adminsA: jd9b07dgcs442q7e7s7kbx7n9i2058974ze6fd2
17.01.2019 20:33:32: _vehicle_needs_check: oe149r7a563zba24an627306dd7f7c2u6p6c3c4p4vb
17.01.2019 20:33:32: _fnc_infiSTAR_PlayerLog: ch4i3v6t742oav440cf67zdl322xeffq2
17.01.2019 20:33:32: _antidupePVResVar: xo4dam36cqalcu9_aq4
17.01.2019 20:33:32: _runcheck_thread: c2a71e7v25f3ft7x7jd923afa4fiadfp4
17.01.2019 20:33:32: _livestarted: qg915o5gdk6val4nam3taj964ob_5f6d281jd
17.01.2019 20:33:32: _fnc_check_type_allowed: alfl6h5e3s2h279p9v5a9dd_3patf6c
17.01.2019 20:33:32: _fnc_vehicle_check: se5jcq47925h282_0i7c2l0
17.01.2019 20:33:32: _rcheckclient: vc24fy242a94447zfc9iarbi142l0ma4apesfxb2fvfpca2q5
17.01.2019 20:33:32: _rcheckserver: c2a65odj90a8aud92y2
17.01.2019 20:33:32: _waste_btn_thread: vh9rdg6x6fb87d90aq7qdl4l6qf
17.01.2019 20:39:36: _fnc_server_handle_mpmessage: kk2j9k2pc30xde4jar4p0_6b557h6
17.01.2019 20:39:36: _fnc_AdminReqReal: bha12i919w0_2xd93uay2m3k5
17.01.2019 20:39:36: _playerObjCheckLoop: ko4bc3105oax2g2b4qa
17.01.2019 20:39:36: _token_by_uid: pp4q559zea7i5k0723fg0h7w7f7yakbp7jf23l2
17.01.2019 20:39:36: _uid_by_token: uy4_5zbi2sa34y3lfw55634
17.01.2019 20:39:36: _name_by_uid: rkfw2823cj19e42udldj2
17.01.2019 20:39:36: _owner_by_uid: d54qdv6c3f4geb746ba34
17.01.2019 20:39:36: _uid_by_owner: id2345dq47bd4q9l6o2
17.01.2019 20:39:36: _fn_playerConnected: tmfqa_2wal2_6cekap4t0p6d665kai4oe42te
17.01.2019 20:39:36: _server_setTokenR: fgdf1d5h5r1vfr4z6lbl523
17.01.2019 20:39:36: _FN_INJECT_ON_CLIENT: hw9u0k6vb07j05ah1j6
17.01.2019 20:39:36: _fnc_l_on_c: i2f42u9m7jawf02y26920e7e2h7aa
17.01.2019 20:39:36: _adminStartupCode: bffzbt925dc8f1ahf76nb
17.01.2019 20:39:36: _AHKickOFF: rxeqav7w9d4c385_2fdi716a42691lfya
17.01.2019 20:39:36: _AHKickLog: eec2a22s3h4b9cdybpa
17.01.2019 20:39:36: _AH_RunCheckENDVAR: cr0_2r5zbe2v2baa25b39023a77ja_3x7w9
17.01.2019 20:39:36: _AH_RunCheck: yvbf667h4cad2p9j633b7_5pd56r9
17.01.2019 20:39:36: _AH_HackLogArrayRND: zx962i7b4b1ca_bw243z9bfs2j3aa
17.01.2019 20:39:36: _AH_SurvLogArrayRND: y_a8469ybcbk6748esfs49f
17.01.2019 20:39:36: _AH_AdmiLogArrayRND: mt7z4222f5b0bc01f_4u6247f
17.01.2019 20:39:36: _TMPBAN: ab595gak15dt9b9l933
17.01.2019 20:39:36: _fn_getTempBans: zr665bed2afn6a2obgfq0fdk5a4
17.01.2019 20:39:36: _fnc_addTempBan: ulbn7q775faodsadaz0rd0av73a_2j762
17.01.2019 20:39:36: _fnc_removeTempBan: ye2qaa4g3d7xbw985_9325cz4zebdkft231w67elav6
17.01.2019 20:39:36: _AHpos: s37g4rbkagfy6ydr2e6
17.01.2019 20:39:36: _adminsA: y49w9z47e1ax5_fabb7
17.01.2019 20:39:36: _vehicle_needs_check: ep9iahfi113vaa286fa
17.01.2019 20:39:36: _fnc_infiSTAR_PlayerLog: nr413v0ldl7me14n4bd
17.01.2019 20:39:36: _antidupePVResVar: x0fa5bd_bj02atfx9s5
17.01.2019 20:39:36: _runcheck_thread: hd3z5_1d92auby5c7ke
17.01.2019 20:39:36: _livestarted: lb6a324r709m2a1cdu0
17.01.2019 20:39:36: _fnc_check_type_allowed: krexd12xao314v4gcg72etdpa
17.01.2019 20:39:36: _fnc_vehicle_check: hx4yd_fefq78aa2g5ca
17.01.2019 20:39:36: _rcheckclient: gv3w4w7d7u9j762567b1fp0xa32fav3
17.01.2019 20:39:36: _rcheckserver: z5dz9wage99i3q0t2ga
17.01.2019 20:39:36: _waste_btn_thread: ca2k15bi1e482s9jam4c21al2b4d557
17.01.2019 20:47:10: _fnc_server_handle_mpmessage: xuc4b9aj6f9z267_cbd4283pbaa6ao6c5
17.01.2019 20:47:10: _fnc_AdminReqReal: p9el26283wan61ah9wax5o2zbk9l2
17.01.2019 20:47:10: _playerObjCheckLoop: agd_7uaa9s98awfkd_9
17.01.2019 20:47:10: _token_by_uid: cd9m7_ai45333y4_f05
17.01.2019 20:47:10: _uid_by_token: g86gd_a09e7k27a54h5zfc7tfk36244od89
17.01.2019 20:47:10: _name_by_uid: sjbwac23a19q9c965t4fdm2o9dbu5
17.01.2019 20:47:10: _owner_by_uid: i0bjblfu2q75a5ag2y2
17.01.2019 20:47:10: _uid_by_owner: na569z3d5wdy9mcw0x4
17.01.2019 20:47:10: _fn_playerConnected: hj7qec7n4e6afo3n6gf5f3bmds6rdyf
17.01.2019 20:47:10: _server_setTokenR: ig9zaaf14u0c08e22e1
17.01.2019 20:47:10: _FN_INJECT_ON_CLIENT: li273c4oby9q105i7bdeejfk9v4be0b
17.01.2019 20:47:10: _fnc_l_on_c: cs0g9t6za12mdc23f54
17.01.2019 20:47:10: _adminStartupCode: gtbv2xbces762s6t745vap9k2jeta
17.01.2019 20:47:10: _AHKickOFF: sfax2e36as4eao4i5_fkf9a
17.01.2019 20:47:10: _AHKickLog: lxbp6i7a4bfpbm27am5sfzf2a1dua5ag9_fu4h3l9h2iar4
17.01.2019 20:47:10: _AH_RunCheckENDVAR: hs95fre74_2k60bgak4kbj2b2r4ra43h2i4j4
17.01.2019 20:47:10: _AH_RunCheck: xt1p4z49429na66cbjfucs9u4gd72wcta54m4u297
17.01.2019 20:47:10: _AH_HackLogArrayRND: py391v4q7f6_aq3e3y2ifkcqfk5
17.01.2019 20:47:10: _AH_SurvLogArrayRND: nnb10r7pfi694i9l714
17.01.2019 20:47:10: _AH_AdmiLogArrayRND: b_0tau4kd65gema2erb
17.01.2019 20:47:10: _TMPBAN: u4br7h6b67bw7f569u589y9f36ddde5p2caw26chf
17.01.2019 20:47:10: _fn_getTempBans: qm557h7x2sat2f9jau6
17.01.2019 20:47:10: _fnc_addTempBan: sx6y9kbtbo5xc04y999
17.01.2019 20:47:10: _fnc_removeTempBan: tf4ddh6iaud22u2l1g7z9ka89v3o3t31avfn3t7l9e5v1fb
17.01.2019 20:47:10: _AHpos: m543db0448epf9919cd
17.01.2019 20:47:10: _adminsA: s1421s1o1xe4651pcabl6
17.01.2019 20:47:10: _vehicle_needs_check: m_42fdac71ec5r75fob
17.01.2019 20:47:10: _fnc_infiSTAR_PlayerLog: p8b0fj4df_acf2fnag2
17.01.2019 20:47:10: _antidupePVResVar: c52ffm0efia329buejf8a27r5fbs7qb
17.01.2019 20:47:10: _runcheck_thread: iz30d84f23cb6jdh7f7
17.01.2019 20:47:10: _livestarted: axbkfe33fd5a9zemaa5
17.01.2019 20:47:10: _fnc_check_type_allowed: gk2u3o2ib7b629df1cbgfw4o6
17.01.2019 20:47:10: _fnc_vehicle_check: rk9_9s0ua24ifz9kac972hac99dv0if
17.01.2019 20:47:10: _rcheckclient: rg9y3_267z504pb64b9
17.01.2019 20:47:10: _rcheckserver: wn6wdy346lb47b1rdkf
17.01.2019 20:47:10: _waste_btn_thread: hqfu2j4efnb6d34ia8b1b12q6y4of
17.01.2019 20:50:37: _fnc_server_handle_mpmessage: zl2j4l0i7h2s4ee5afe32w4z9i1saab59
17.01.2019 20:50:37: _fnc_AdminReqReal: cu372zcu9b234d6_7x1zar1ea6bzei3w4v9i6qbif
17.01.2019 20:50:37: _playerObjCheckLoop: vo4_f5ao4fdkfd272cf
17.01.2019 20:50:37: _token_by_uid: na4bdtar1q62999f989y2
17.01.2019 20:50:37: _uid_by_token: iq3mbib6956v2w9u452
17.01.2019 20:50:37: _name_by_uid: aob0fn3tdhbqafawdl7u4d1k32fy4z491h4n3gc
17.01.2019 20:50:37: _owner_by_uid: vgedf326fk3rf0fm2r5adef
17.01.2019 20:50:37: _uid_by_owner: uq2beo46a76sb47v70ch7625bkb9b7df58ff999m4
17.01.2019 20:50:37: _fn_playerConnected: g02j1_blavdcew6q9ye0ez27bjfqcodh5vdf753
17.01.2019 20:50:37: _server_setTokenR: msa449929r4p0w5gabaxf94j0
17.01.2019 20:50:37: _FN_INJECT_ON_CLIENT: im227vew2k90an4b7p2nbg982j20ce3e5a9q5
17.01.2019 20:50:37: _fnc_l_on_c: ag213h3h6h927a35442k2z3z22799u9
17.01.2019 20:50:37: _adminStartupCode: aq57f7c0bz2vb3fgd1207bf99y5n2aay4r6
17.01.2019 20:50:37: _AHKickOFF: abfi9ea0aq0hdt0y9b9
17.01.2019 20:50:37: _AHKickLog: rnb94a2qa0bl1035f33c409c789l71e8ee90ao9x5
17.01.2019 20:50:37: _AH_RunCheckENDVAR: oq2y9c05fsf3dgawbl1
17.01.2019 20:50:37: _AH_RunCheck: o4febc7h4tfj37fx7z5wfr6c9_5o0e2
17.01.2019 20:50:37: _AH_HackLogArrayRND: f14dfhav0f3m2h5na62gb61g2ua5fg0f7dez7
17.01.2019 20:50:37: _AH_SurvLogArrayRND: eq65292s9v2q3q19374m2lav7e597raw0
17.01.2019 20:50:37: _AH_AdmiLogArrayRND: rhfc9md52eamfbb96p3
17.01.2019 20:50:37: _TMPBAN: b49pfdd_90awa0fg9g6db
17.01.2019 20:50:37: _fn_getTempBans: q2734dbx3lcva36xa40efa79e2cd3q4w23f
17.01.2019 20:50:37: _fnc_addTempBan: y53adwanbi6k3832ah7b121x2ca09m3
17.01.2019 20:50:37: _fnc_removeTempBan: qa9e9441c_a5711h6059c
17.01.2019 20:50:37: _AHpos: i34n4wfp9273cwc70e9
17.01.2019 20:50:37: _adminsA: vt2i9732fy4s5lc871ad966yaja09k55dy5137a
17.01.2019 20:50:37: _vehicle_needs_check: al9wde670webb4fg5f9
17.01.2019 20:50:37: _fnc_infiSTAR_PlayerLog: ey4d4x410zaa2mfb59912
17.01.2019 20:50:37: _antidupePVResVar: ez4capabfs360s0j3aa4ad3
17.01.2019 20:50:37: _runcheck_thread: us4baw3c0wal1c4rfo2jaf44ez6q98bh0
17.01.2019 20:50:37: _livestarted: py1p382ebt2bau96fud
17.01.2019 20:50:37: _fnc_check_type_allowed: uw279l5yaudl3ub7bcb
17.01.2019 20:50:37: _fnc_vehicle_check: t94633akfs4iag29c2b7dx4fcu9n9_axf
17.01.2019 20:50:37: _rcheckclient: rf9i9t1pa7fhao2ca85o4c2c3bfm3w01dm4ia540a
17.01.2019 20:50:37: _rcheckserver: ab784q7pfm4td2dk6g6ce
17.01.2019 20:50:37: _waste_btn_thread: ly9bf5680a3ibb7v4i7raza2af3c2s952i97fp0
17.01.2019 20:54:27: _fnc_server_handle_mpmessage: h79eee790g7y7k6j4a2l9z9raubj4
17.01.2019 20:54:27: _fnc_AdminReqReal: e6b4a1bm76282kay0la4audm9s44c0cu1i2db
17.01.2019 20:54:27: _playerObjCheckLoop: ecac0u53039hbaaf2_4a05fbf79w9t7xfhbo6
17.01.2019 20:54:27: _token_by_uid: rk5vc44t5q6wd63veu52a4ef2sd2a
17.01.2019 20:54:27: _uid_by_token: sle8dwdx2rchak5d2i2
17.01.2019 20:54:27: _name_by_uid: ib7g4j202630aeat117s6_f_3ma0dpdz782kdzff6
17.01.2019 20:54:27: _owner_by_uid: di2scn2s403p2qe17lb
17.01.2019 20:54:27: _uid_by_owner: dc9z4h7l593q4l3i6b3zek0pf6abdwdt7jdt325ye65jf
17.01.2019 20:54:27: _fn_playerConnected: oc3o3q5l9bb91dax1ta
17.01.2019 20:54:27: _server_setTokenR: z737ak469p5l91224g9f4udfbf0jfg994399am6w255
17.01.2019 20:54:27: _FN_INJECT_ON_CLIENT: xt9jah5cfsa62j4g1h3ja
17.01.2019 20:54:27: _fnc_l_on_c: bhc16w26dg2628fa4ecgas5m4s5cfs0
17.01.2019 20:54:27: _adminStartupCode: pi563qci121h442fau2l5w5ca3adf
17.01.2019 20:54:27: _AHKickOFF: koaaar9r4p23am4k4z6te
17.01.2019 20:54:27: _AHKickLog: ae4v2c0u3tf81l067o6
17.01.2019 20:54:27: _AH_RunCheckENDVAR: kxar6b36962ndz69da214h7k4edj574x4
17.01.2019 20:54:27: _AH_RunCheck: zm45bbdkb4ad7kd1e14
17.01.2019 20:54:27: _AH_HackLogArrayRND: a76l422i2df32o58bf7w2x26d7aofn4
17.01.2019 20:54:27: _AH_SurvLogArrayRND: fx2_6m2m3g3p1a2d4ybi9w0wf0a
17.01.2019 20:54:27: _AH_AdmiLogArrayRND: kx2rfq29059523ay3kckfzfi7m7d5n6eagd39
17.01.2019 20:54:27: _TMPBAN: mud22g406u5w6r2ffb1_5e1
17.01.2019 20:54:27: _fn_getTempBans: r6217ucb7p45a_3ifw0t95cc0yad3u9la
17.01.2019 20:54:27: _fnc_addTempBan: khca5g9lavfl5q0d4yf32356fw4a2p0_4_4q2cff3wf
17.01.2019 20:54:27: _fnc_removeTempBan: za0w41bgaya53n9g7q6r3ubxae2wazaq0f4
17.01.2019 20:54:27: _AHpos: g631dgbja979fv0q4u9a3
17.01.2019 20:54:27: _adminsA: i2aq7e323wah2xb1119r9tfl2f7wdh2
17.01.2019 20:54:27: _vehicle_needs_check: u_fsas7q4wdkao6s302220e9av9sas9
17.01.2019 20:54:27: _fnc_infiSTAR_PlayerLog: andd912i2g0qay1a9rf
17.01.2019 20:54:27: _antidupePVResVar: orfpbdbndwdp9e6_4pd47
17.01.2019 20:54:27: _runcheck_thread: ib2k7jaaf77i2v6j2l3lfg7t91746
17.01.2019 20:54:27: _livestarted: zacsac4ramf07gbt4p5t24292rat3w7o554w4u9
17.01.2019 20:54:27: _fnc_check_type_allowed: p57r7a9u2d0h53ev5tdba
17.01.2019 20:54:27: _fnc_vehicle_check: ug20965ga2a4f9as6b76594p9_3ha5bj9p5
17.01.2019 20:54:27: _rcheckclient: y04h6d6k9e7a60bb1v9
17.01.2019 20:54:27: _rcheckserver: vfar7ye7976ofy27adaaat549c7
17.01.2019 20:54:27: _waste_btn_thread: oebzaw97ag9wb0226sab2a6y5e2sa5fs4t9a409b2
