16.01.2019 23:35:58: _fnc_server_handle_mpmessage: x6fv69631b1cbj73en9
16.01.2019 23:35:58: _fnc_AdminReqReal: kp151tcb1a2afrbdea7k3u3_cz4m4afe0e6t22fja
16.01.2019 23:35:58: _playerObjCheckLoop: bm94b2c_d69a9a2sae7
16.01.2019 23:35:58: _token_by_uid: u356a493am9k2u4_1h7gfy9o31a82n6l5x7
16.01.2019 23:35:58: _uid_by_token: b2fvekawft2feh2q731kb82hfu139k5xf4fk4
16.01.2019 23:35:58: _name_by_uid: b_7j2y2p63aq6j21bodea5d
16.01.2019 23:35:58: _owner_by_uid: f9335c6g303rfiarfg3u9sbo2490ai3fdoe_c
16.01.2019 23:35:58: _uid_by_owner: krf1eg9tab28er3i427j9kft23cudr912c2of3aec23
16.01.2019 23:35:58: _fn_playerConnected: dj1bf2dla17kd_3x309
16.01.2019 23:35:58: _server_setTokenR: yzd_du3hb_0ddrav297feza7acfmf5fl5w6k224d0
16.01.2019 23:35:58: _FN_INJECT_ON_CLIENT: dw6a99fr362ba72d3r2674fg1
16.01.2019 23:35:58: _fnc_l_on_c: yq9tdk17aub65b4n202f2obf97b8at4oar1g9rd
16.01.2019 23:35:58: _adminStartupCode: hp7x6n2093723g9yajb94ibl4aa
16.01.2019 23:35:58: _AHKickOFF: er054gac9rdw47bg4u352m7s576m2pa8dc9
16.01.2019 23:35:58: _AHKickLog: qr9n3b10fra8aoa64t2ecq5s2if
16.01.2019 23:35:58: _AH_RunCheckENDVAR: wa5y47fq5749713o6z6taz0tb
16.01.2019 23:35:58: _AH_RunCheck: a2dw2rdg6f2v259h5v2
16.01.2019 23:35:58: _AH_HackLogArrayRND: qqb96w9k4v729w2v5ld
16.01.2019 23:35:58: _AH_SurvLogArrayRND: gxa6eoe3994f9i6kcrchbm7h5gd0aceo9ddm3
16.01.2019 23:35:58: _AH_AdmiLogArrayRND: zs973490bd9dfrcwe8aud
16.01.2019 23:35:58: _TMPBAN: jg7id55nfa322s5b3p5h3qcgdd9i9p2t6
16.01.2019 23:35:58: _fn_getTempBans: k_0ba80nexfze9760w9b2g1iax7k2n2x5j1aa5c
16.01.2019 23:35:58: _fnc_addTempBan: n69da70b9l93974j9yff9xal2cagaxa5cb3a943_7s6w6_a
16.01.2019 23:35:58: _fnc_removeTempBan: l4doa268a47s9qe80g0v9f673s9t46a
16.01.2019 23:35:58: _AHpos: ta7sa5565ebd0b6950559ra
16.01.2019 23:35:58: _adminsA: oe4cdtba5u2jd_5g2g2l255_5ufp3fb
16.01.2019 23:35:58: _vehicle_needs_check: ox4v7oaz2xal4qfo9lb
16.01.2019 23:35:58: _fnc_infiSTAR_PlayerLog: v6aw66ch0ubs4r65aw9u32d_6i2s65a69naiaod
16.01.2019 23:35:58: _antidupePVResVar: wf4c1m5b7h2gdrbm725x229p5h7oa83h0x5wflcc5qfv2
16.01.2019 23:35:58: _runcheck_thread: vw2wau357mdx6d31ai9x2h4a1md21
16.01.2019 23:35:58: _livestarted: owfoa85pa9470tfpf9area5sb02
16.01.2019 23:35:58: _fnc_check_type_allowed: q463em2fdted2q3p9a7dec2x479ncy9i9
16.01.2019 23:35:58: _fnc_vehicle_check: f22f4ufl61bz1r6z9e2z45aw5bfj0
16.01.2019 23:35:58: _rcheckclient: w86b2i0nctf2dw2ea36v29cma_3idw9d3z9
16.01.2019 23:35:58: _rcheckserver: un2ibaev4k4iag99cl2469ao93139v2q6zbmfla37wb8f39
16.01.2019 23:35:58: _waste_btn_thread: os6f4o1k9l5cd69g7od
16.01.2019 23:40:30: _fnc_server_handle_mpmessage: w0dfa7276521d_e3aa221gfk2j2r3f1y2c296ofk9
16.01.2019 23:40:30: _fnc_AdminReqReal: i649ea6ba7e51je4189pfa9j45b
16.01.2019 23:40:30: _playerObjCheckLoop: bi6ja95q08a63mb92a48aa3b9k4w6u9v2mcm48f8aq4a3a519
16.01.2019 23:40:30: _token_by_uid: vvar9oab64fn93a62_9727fefq4
16.01.2019 23:40:30: _uid_by_token: np0b7ubxdj7pai457v2l3xaeaw993s74109l776x5
16.01.2019 23:40:30: _name_by_uid: m16najdu7l4j1u777basawao4t2sao6i255
16.01.2019 23:40:30: _owner_by_uid: v70rak26993peua5akbe3vd19e5
16.01.2019 23:40:30: _uid_by_owner: uk26ay3of2bf2v426b2j2t5tf_4td0952jc7e04_48722
16.01.2019 23:40:30: _fn_playerConnected: rl5_0adpf7034v6q9xa13rbd445
16.01.2019 23:40:30: _server_setTokenR: f19qeo4gayfm652n5lar706df0575haqeo4
16.01.2019 23:40:30: _FN_INJECT_ON_CLIENT: o_934w26cr612b6l6fd
16.01.2019 23:40:30: _fnc_l_on_c: g83d3r2hdqdwasep7q2
16.01.2019 23:40:30: _adminStartupCode: zl96fp2166co4n0f4p3z9d2bex9v1fd_6bbv4va
16.01.2019 23:40:30: _AHKickOFF: jy4fah4zdv9v9j78c_f90
16.01.2019 23:40:30: _AHKickLog: ty2t0rfkd22_945t2mcmf8f6aj64f467fx5p9
16.01.2019 23:40:30: _AH_RunCheckENDVAR: sf2h32a9a3f4ag2oawa
16.01.2019 23:40:30: _AH_RunCheck: rq6x4eas4jak979a2371f6fqec2va39f6p4nd
16.01.2019 23:40:30: _AH_HackLogArrayRND: r74p290c6lbg2h2l6cfw5jd13sa83b2wam6b40b
16.01.2019 23:40:30: _AH_SurvLogArrayRND: ep7sfg3ucha093fcbef
16.01.2019 23:40:30: _AH_AdmiLogArrayRND: rwbl1v9g4tabal7_3e9w20ebfzafayfecp5
16.01.2019 23:40:30: _TMPBAN: uq5r7f3sfe7_axaragbocqb
16.01.2019 23:40:30: _fn_getTempBans: g7cq1n1u9g2p7t3i7vdz6x4
16.01.2019 23:40:30: _fnc_addTempBan: r9cua57vf392bfd138459j6n5qde9u90dk2
16.01.2019 23:40:30: _fnc_removeTempBan: ypf7atfa0ae100f_9k9_6a9r57fh6yaid_987
16.01.2019 23:40:30: _AHpos: pua3cw4f5m4r2j5c7v9
16.01.2019 23:40:30: _adminsA: fs4n4gcq595z9g7d4aa_2o51ft599c1q7s9ia
16.01.2019 23:40:30: _vehicle_needs_check: dqdtdv2n2l6yaa2i3x17f
16.01.2019 23:40:30: _fnc_infiSTAR_PlayerLog: n99f511t4f2j4n419f453228522i2n6z9tdk923j27fa6
16.01.2019 23:40:30: _antidupePVResVar: r7akdo0_27dhaw3u7d1
16.01.2019 23:40:30: _runcheck_thread: pna8afaw1s25fg1g262
16.01.2019 23:40:30: _livestarted: zzfk9p622zdk9ial9s6u7dad4jb8ar6hfg4
16.01.2019 23:40:30: _fnc_check_type_allowed: akbgal4e5n4bav4bahf0anbrbi3gfw1a486p559
16.01.2019 23:40:30: _fnc_vehicle_check: x4bb226xdn3r2ifgfq5j0e2zbv4far5o2
16.01.2019 23:40:30: _rcheckclient: ukcr3bf44gdkak5b91dn7f5dfo493ga
16.01.2019 23:40:30: _rcheckserver: m1272t9z69am2ofw6p2jbn7w3a67ff9_7y9
16.01.2019 23:40:30: _waste_btn_thread: es780ofjfge89bdd2mev9x3
16.01.2019 23:48:35: _fnc_server_handle_mpmessage: kd197h4g4b2ufo5e9t5waefdf7ax476n5kfwdw7
16.01.2019 23:48:35: _fnc_AdminReqReal: if4zc57ja963a_48aw9mdd2gdkb2497j665
16.01.2019 23:48:35: _playerObjCheckLoop: ib55dvaqblao53d3f47y4c2tebaka_2zacbi5
16.01.2019 23:48:35: _token_by_uid: y77scvf54o2ddf5pdi9ye86j0q6j939k7
16.01.2019 23:48:35: _uid_by_token: ndbd0g4y7jf0aq5q2hbm0w2n3_as02cvc3fo2ffda
16.01.2019 23:48:35: _name_by_uid: uy984k4xc14d2gaoa7925y569d7s5e9gah492w213
16.01.2019 23:48:35: _owner_by_uid: ymfdfvcobcbl9o4if14h907
16.01.2019 23:48:35: _uid_by_owner: k3fia5cv96e8amas254sd
16.01.2019 23:48:35: _fn_playerConnected: tjal4t9s64fs6c3p6x0
16.01.2019 23:48:35: _server_setTokenR: cf1a7e5caod2fn4y92ck6lfk4dd1bx3x1
16.01.2019 23:48:35: _FN_INJECT_ON_CLIENT: jxfl3sfbfa7y3z6p5y2x3
16.01.2019 23:48:35: _fnc_l_on_c: xget2x7z0t2vf2bde0e
16.01.2019 23:48:35: _adminStartupCode: vx9440ffba6i5le0el2w4r2h3iev7j9
16.01.2019 23:48:35: _AHKickOFF: tq4o0n9f6xa8ar52bz5g9l9b6i4vbta39
16.01.2019 23:48:35: _AHKickLog: ax7rcv9075do9f9lf4fuao6i5k56ad4m2
16.01.2019 23:48:35: _AH_RunCheckENDVAR: mn037iea1t2v5f3uf43pas24bkdnb
16.01.2019 23:48:35: _AH_RunCheck: yr3kfe2q3t2bei0qecavfh442w252f26f_d_d2co7y4
16.01.2019 23:48:35: _AH_HackLogArrayRND: ig2ebj25adbycu5e5j3efoatd0f5dib49v9c2w2jdgc
16.01.2019 23:48:35: _AH_SurvLogArrayRND: yobu5easbdd10p114vep2i7x520tazf50u2
16.01.2019 23:48:35: _AH_AdmiLogArrayRND: ue2o264_2h9525ardub_9yap447
16.01.2019 23:48:35: _TMPBAN: lh227f37f22d4baf71dt4g2ka7e
16.01.2019 23:48:35: _fn_getTempBans: n5a2ba424o90bzfo9hef6fcp46016790cz9
16.01.2019 23:48:35: _fnc_addTempBan: b99dchar7u4ia84t7daua4a7a
16.01.2019 23:48:35: _fnc_removeTempBan: gj63264y3t56ak6k7k9afx7352a41g1s2e2j9va
16.01.2019 23:48:35: _AHpos: bu9_fral7j3n2tal4vfrd_e67e5faob2f30g4
16.01.2019 23:48:35: _adminsA: dnbddkfea145bqbgcjca2465937u1n4j4vfx663
16.01.2019 23:48:35: _vehicle_needs_check: qoad739v4k4o4gf_2t9b9xfo753zcqdt7hdnawd
16.01.2019 23:48:35: _fnc_infiSTAR_PlayerLog: asba7u5ua8253h43f1av7s7jf
16.01.2019 23:48:35: _antidupePVResVar: to4xbj6f346_3eb1facd6727dsdfd
16.01.2019 23:48:35: _runcheck_thread: b62l2c557b93fmd9685yco7n2g57c4b
16.01.2019 23:48:35: _livestarted: t45s422m6h2xaj2t2xa_959sfs504q2x7k7n5
16.01.2019 23:48:35: _fnc_check_type_allowed: ph58cc3o2wak9d2ubm1aanan6od_bn2raz1
16.01.2019 23:48:35: _fnc_vehicle_check: fd0m47c72295e22f9yaua
16.01.2019 23:48:35: _rcheckclient: j933bm276fawap3ef9f19k5h3194b5fl989
16.01.2019 23:48:35: _rcheckserver: dx957j5raw5c7jbzad7rf52qacdsfobmazctf
16.01.2019 23:48:35: _waste_btn_thread: xo166ta64yaj4gaofi6ydq5v48bq902
16.01.2019 23:50:07: _fnc_server_handle_mpmessage: zue94d2y6o2pfpau2b642b602le2a
16.01.2019 23:50:07: _fnc_AdminReqReal: a5c49p3_995hb42e2v2_2meldd4oa
16.01.2019 23:50:07: _playerObjCheckLoop: k57v4w91964v6j94a2e6423y7
16.01.2019 23:50:07: _token_by_uid: sf4f78feajff6sbnaa7
16.01.2019 23:50:07: _uid_by_token: c39i4aa_6497aza5a7204t2g3_emf01c5df
16.01.2019 23:50:07: _name_by_uid: lo26693y9c6ree9j9r1x3
16.01.2019 23:50:07: _owner_by_uid: xmcmdjbz116z9z1p286mbu9y0qcsez4j9ta79n9v5
16.01.2019 23:50:07: _uid_by_owner: cvfe9i5ud72i70ei74acf16sdgcy6w20fa4mdjen6calb43
16.01.2019 23:50:08: _fn_playerConnected: lcfr4ocrf6at2n4e4n9idj922oa8bd2_3lf
16.01.2019 23:50:08: _server_setTokenR: nx3c9_f75u25an207p2
16.01.2019 23:50:08: _FN_INJECT_ON_CLIENT: xcd8ak31at9s4sdo5r4mepah1r4aa
16.01.2019 23:50:08: _fnc_l_on_c: u13z6afj05dof2ft7l7ya52r4v7cc56m17cj6b6g2
16.01.2019 23:50:08: _adminStartupCode: dmdgckef2g9l2q953m5
16.01.2019 23:50:08: _AHKickOFF: bm5u4ie53q9ubx9ndm2
16.01.2019 23:50:08: _AHKickLog: ft5idvca6qefae7g7d9
16.01.2019 23:50:08: _AH_RunCheckENDVAR: uk1zdl7d1g0d5ucq694m26av64aid00e68f
16.01.2019 23:50:08: _AH_RunCheck: dg2z9k3z9v4sbt1naz7r5j2md
16.01.2019 23:50:08: _AH_HackLogArrayRND: n7fnag2y2k9mfw5o6x6ad9bjbedp2vdg3c9m9a1e9ce
16.01.2019 23:50:08: _AH_SurvLogArrayRND: oe747i6le7fd7q9_9g5a4hbr7t3a3aabfff
16.01.2019 23:50:08: _AH_AdmiLogArrayRND: yg7cf34zbw0a9q3e4he0a63n4f5_9yd_6x0i3cerb
16.01.2019 23:50:08: _TMPBAN: iba02s2y24btf6ei2adk4qa95nfj202i5haoab2r96773
16.01.2019 23:50:08: _fn_getTempBans: ig7y1rdybofuai4p2ge91baf4h9o627
16.01.2019 23:50:08: _fnc_addTempBan: ai249w2q3p735e4n4x6r3t3
16.01.2019 23:50:08: _fnc_removeTempBan: q262dd4j4qd4bqfbaya
16.01.2019 23:50:08: _AHpos: t69o449ccuf2f9fafb6lf2464pfqfu4p2
16.01.2019 23:50:08: _adminsA: y9am73c537bp105_9jf
16.01.2019 23:50:08: _vehicle_needs_check: hkblba0wef4u6p53ag4s561f00aj5e5rf92xajdo7d3a0sc
16.01.2019 23:50:08: _fnc_infiSTAR_PlayerLog: qs3a40ag9yf22ldt3j9
16.01.2019 23:50:08: _antidupePVResVar: dv2obc9596f0db657l9s7ucofnfu2x2cbcczahb
16.01.2019 23:50:08: _runcheck_thread: b04g36f94a5a7dd_2v6
16.01.2019 23:50:08: _livestarted: av567ubt5w9lfxfeaea
16.01.2019 23:50:08: _fnc_check_type_allowed: ajd44u2q799n3r2aaqan4v2n4
16.01.2019 23:50:08: _fnc_vehicle_check: neaddu7dfvenbwfy7w6x3fccb54uao2dbu485xcx5cay256
16.01.2019 23:50:08: _rcheckclient: kpc522exfaa4am6f95b61n2y7
16.01.2019 23:50:08: _rcheckserver: qk6tci234h2jae7ua8d1an9ear48689idf7
16.01.2019 23:50:08: _waste_btn_thread: w0fnfa3weh9va_9wfle35o9
16.01.2019 23:53:59: _fnc_server_handle_mpmessage: l4374a9_9e0wc0fba0f
16.01.2019 23:53:59: _fnc_AdminReqReal: qk6oav034pda4o472d3
16.01.2019 23:53:59: _playerObjCheckLoop: o00dal117bboa04kaj6_5efa2fa34o2o0r4
16.01.2019 23:53:59: _token_by_uid: x1a6a2bu4b66a22x44f2444x21f79k23f2286
16.01.2019 23:53:59: _uid_by_token: r8fi9obba9al1rfnb19
16.01.2019 23:53:59: _name_by_uid: o07t2ofa2yb5a_ab5x6i5qdo0p4fa54
16.01.2019 23:53:59: _owner_by_uid: i4267n9raw276qca29ad0r6of_61as284gfq9
16.01.2019 23:53:59: _uid_by_owner: tkddf6317p08922x67bbat9e4d2x6h5vcubw64965wb74
16.01.2019 23:53:59: _fn_playerConnected: f0ep3yfhd07t9z27671b4d932md11
16.01.2019 23:53:59: _server_setTokenR: ni477fdj3we64a6xe_ct2c4
16.01.2019 23:53:59: _FN_INJECT_ON_CLIENT: zzd6amf7a1540l9oab2
16.01.2019 23:53:59: _fnc_l_on_c: sbbg9e9g6l4qa_439d4s6s28aa64bf9y7kas9g7c2
16.01.2019 23:53:59: _adminStartupCode: ap785tbe411838647f42ak4f2528fx9da
16.01.2019 23:53:59: _AHKickOFF: l5dh2h5q1gfl2g64de3
16.01.2019 23:53:59: _AHKickLog: xmdqbn6z5e29ep4hbs995j0
16.01.2019 23:53:59: _AH_RunCheckENDVAR: dx9_4o5l1q441ld6ac1
16.01.2019 23:53:59: _AH_RunCheck: zh3l2oau2_5a2cfy2i3p0jamfn3
16.01.2019 23:53:59: _AH_HackLogArrayRND: wm6a2u0sfxfjeq1k5e4
16.01.2019 23:53:59: _AH_SurvLogArrayRND: hx6n3c64652a5_2efu6iav414kf
16.01.2019 23:53:59: _AH_AdmiLogArrayRND: q1dx67dxd45gdlf_4nebb62naj6v4r2dfc3h4p5c45f
16.01.2019 23:53:59: _TMPBAN: y92_4c2j2n6d7d9v70feba049fdkfqe
16.01.2019 23:53:59: _fn_getTempBans: l37g4teu5014dm4i6y2l579o2sfme
16.01.2019 23:53:59: _fnc_addTempBan: zw2d2c9h4iab0v9xay2i7vf
16.01.2019 23:53:59: _fnc_removeTempBan: tk6t4raz3xfrdv9cce9e5_afafft4
16.01.2019 23:53:59: _AHpos: ph2qa_b34t58dw4za41_3c7z3udm2
16.01.2019 23:53:59: _adminsA: cp2xajfy3p3c54fh0h68a_3i2nbofz2
16.01.2019 23:53:59: _vehicle_needs_check: l_b_bn4p43as9y4sfuf93b9q2u2
16.01.2019 23:53:59: _fnc_infiSTAR_PlayerLog: hb0n96fv4790793jd04qfa6
16.01.2019 23:53:59: _antidupePVResVar: b62fa6ag7cfw9z4udja51p4290frbn2p3e6c38c
16.01.2019 23:53:59: _runcheck_thread: sgf1f64p7_a24nd79wd
16.01.2019 23:53:59: _livestarted: eibra4bu4u3zfxa14f3
16.01.2019 23:53:59: _fnc_check_type_allowed: oe7g1m1h4c7ufu6c2m9
16.01.2019 23:53:59: _fnc_vehicle_check: ph1m9gbga27_2sdnfc2ncc92ap1wap922t2gbz9iaqac7e0r4q2
16.01.2019 23:53:59: _rcheckclient: qg4p2_9hevar68654gfs4_dnbja51
16.01.2019 23:53:59: _rcheckserver: t7d361332x486r24a29
16.01.2019 23:53:59: _waste_btn_thread: kl2b4v9p47a2e19z9d5b1h4x5n4
16.01.2019 23:56:10: _fnc_server_handle_mpmessage: dm4z2q59bafdaeau2zfb5vdpcw294d6
16.01.2019 23:56:10: _fnc_AdminReqReal: fb2ee41z7t3nf32bee293waj6a4
16.01.2019 23:56:10: _playerObjCheckLoop: ldasb5cj762sdo4n6g2o47d6a2496c9p9ffh3yeb2
16.01.2019 23:56:10: _token_by_uid: vh49475s3d9ucu2j7refe42wb873bj51d
16.01.2019 23:56:10: _uid_by_token: unbuecdx2t3e6x5m4l2r4z7b224ddq6hby02d
16.01.2019 23:56:10: _name_by_uid: p_aq9pctakcrda64192u3vfe9a4fcnblf69w226x3yb
16.01.2019 23:56:10: _owner_by_uid: ixa_3g95du5uaqat065d647u355
16.01.2019 23:56:10: _uid_by_owner: aw294n7i4u4j9xcq4d2n5l0w4mde4l7k292e7tf64
16.01.2019 23:56:10: _fn_playerConnected: z3de1wd24ufp394s6aawanbkcw382
16.01.2019 23:56:10: _server_setTokenR: e12pbk5acv4i9g3vc46waf3bfv28ar936
16.01.2019 23:56:10: _FN_INJECT_ON_CLIENT: s6fl3w3law2i7y5i4oe
16.01.2019 23:56:10: _fnc_l_on_c: e69iflbw5r694m3p4y2i7ufw5v7oap4xd6d
16.01.2019 23:56:10: _adminStartupCode: sw7ad37j1f94d3aa24b
16.01.2019 23:56:10: _AHKickOFF: z6ah4jba2ve820atbh0abo75295l3
16.01.2019 23:56:10: _AHKickLog: nq2p4raw9q2ybhek5q7
16.01.2019 23:56:10: _AH_RunCheckENDVAR: kt6pfkfndj2t2iev6ga5a44h3sa
16.01.2019 23:56:10: _AH_RunCheck: jfbydu954befd3f6ap9d5g984uax9670ards3r31333
16.01.2019 23:56:10: _AH_HackLogArrayRND: fz2j3q3bcffeaoex57fke7d79v42fpap4a7
16.01.2019 23:56:10: _AH_SurvLogArrayRND: c2ffe5e44weada3244f720br9n9e760
16.01.2019 23:56:10: _AH_AdmiLogArrayRND: bb6janacbjdzdufjea6
16.01.2019 23:56:10: _TMPBAN: rk7nctbv7jfh4oa9775m0r24dw37bo0oada5ad0b5
16.01.2019 23:56:10: _fn_getTempBans: r6e0a4dq01a2aqbu9_fia82zdo0bfh2zaoa7fa3
16.01.2019 23:56:10: _fnc_addTempBan: nu207c48ajcedu7sfybd4
16.01.2019 23:56:10: _fnc_removeTempBan: uyfv9i4de99t4qcv2o58a12r2r079z0_079aaza
16.01.2019 23:56:10: _AHpos: w0d26v2t6gf42kar2q1d4w49dq4w4e565mfzd
16.01.2019 23:56:10: _adminsA: hk4ib2bj9eb83wagfse
16.01.2019 23:56:10: _vehicle_needs_check: jmc55_541e482l2sah3m2
16.01.2019 23:56:10: _fnc_infiSTAR_PlayerLog: cobi4wfg21aq3u214f422ie6affb9v6a447qffb57cam7ue
16.01.2019 23:56:10: _antidupePVResVar: wgayep67a2fhd23xfuadf6a819br6i9p64f7aq4
16.01.2019 23:56:10: _runcheck_thread: pm5x5t2wbu3laeflfrcbfyfi9mff3t03239
16.01.2019 23:56:10: _livestarted: y4609oec670vadaca3e
16.01.2019 23:56:10: _fnc_check_type_allowed: wcbiah6g2t4n485z586i4
16.01.2019 23:56:10: _fnc_vehicle_check: o_292a6lfv419y65f26
16.01.2019 23:56:10: _rcheckclient: rq3laz5xa321542r4tbgav36a
16.01.2019 23:56:10: _rcheckserver: bcfd1_f4ddez5af19g4d4ca64
16.01.2019 23:56:10: _waste_btn_thread: f12_a50k24596tfx2_3x3
