14.01.2019 23:26:52: _fnc_server_handle_mpmessage: hr4cfabpe5093iav4k4
14.01.2019 23:26:52: _fnc_AdminReqReal: f53cah0p5_08fk2y039uf
14.01.2019 23:26:52: _playerObjCheckLoop: kn930r7t5bdxf8fs1oae5a76bk53fl5
14.01.2019 23:26:52: _token_by_uid: b65td14f3ico1o0ja6b86
14.01.2019 23:26:52: _uid_by_token: er5oa7ff6hb024b3amb
14.01.2019 23:26:52: _name_by_uid: hhf7ahbcdy3e3b5hf8akbib3f3bhae71eaa1a21
14.01.2019 23:26:52: _owner_by_uid: ok4dec3l212cayavfea32v7p4m2ocbao4d90424
14.01.2019 23:26:52: _uid_by_owner: gc25cr4k4_doawbffn2t4x3tbcaf6nah472sab7ndm65dka
14.01.2019 23:26:52: _fn_playerConnected: bk914v2g3_7y459_fm2_5j3a269edofz6d4e4z451x5eaod55hf
14.01.2019 23:26:52: _server_setTokenR: gba6af946x5v983d5df_2n392mf55
14.01.2019 23:26:52: _FN_INJECT_ON_CLIENT: oi4f9s552mcq4gaacp4jdw4
14.01.2019 23:26:52: _fnc_l_on_c: j92abyasfr22fraz466n9tf86dfh6
14.01.2019 23:26:52: _adminStartupCode: m01_9k7dag43fp2dd1a0dy7
14.01.2019 23:26:52: _AHKickOFF: dcbv49bn7032401wadan9074dx965wfxcmatf0fsfgff1z2g3
14.01.2019 23:26:52: _AHKickLog: pacgadek6xah6n2sfqa64z7xavay9
14.01.2019 23:26:52: _AH_RunCheckENDVAR: ovaj3r48anf3ddaxf12
14.01.2019 23:26:52: _AH_RunCheck: o9df4v3b43636i469q4
14.01.2019 23:26:53: _AH_HackLogArrayRND: p84m9s2bat4qfrb24yf
14.01.2019 23:26:53: _AH_SurvLogArrayRND: ru7o4sdrbvaz0udu7ibf9ua
14.01.2019 23:26:53: _AH_AdmiLogArrayRND: fuajaqdu6c9oej6gfufcbefqbv6e4x4
14.01.2019 23:26:53: _TMPBAN: fgff3ucn2n4gah4aazd77uamag2n72dq7_4
14.01.2019 23:26:53: _fn_getTempBans: fz9q4cf3fafg0f5n766hd4bmd52hduf_db5c7o916_2y4ga
14.01.2019 23:26:53: _fnc_addTempBan: qr680oc74gdw9u6z4u4bfzf8686c4j289l1e260dd
14.01.2019 23:26:53: _fnc_removeTempBan: v_b6772q717bfc2nbx7g6o5y3n2rfc7o7ecnd3aa7af65
14.01.2019 23:26:53: _AHpos: lt41be9cby2s7bcrfbdg5d2_6calcj4v2v9ien4t3gad9zc
14.01.2019 23:26:53: _adminsA: sb694x292yacbr67f3649
14.01.2019 23:26:53: _vehicle_needs_check: vu4xbh4edlbw2b76930
14.01.2019 23:26:53: _fnc_infiSTAR_PlayerLog: go9l7b1ue6ba6o03d70
14.01.2019 23:26:53: _antidupePVResVar: lv9dcrbd7xen9_472w6c7ife4
14.01.2019 23:26:53: _runcheck_thread: gp2oapfn5g3l40ao287y9xa62
14.01.2019 23:26:53: _livestarted: ai96faf32z4f9x9pda7de25
14.01.2019 23:26:53: _fnc_check_type_allowed: mofn5r7pc048azfvf23t6n14fb25aa0tag2
14.01.2019 23:26:53: _fnc_vehicle_check: p67w35a7bke0ev477y55alaed697ac9e4
14.01.2019 23:26:53: _rcheckclient: mocg687c2dbk224i4qd
14.01.2019 23:26:53: _rcheckserver: jd559cfa91fp17766n90a8f
14.01.2019 23:26:53: _waste_btn_thread: dj464mf6477z2b9f21c_9
14.01.2019 23:28:47: _fnc_server_handle_mpmessage: ewfoft66al941d6e980
14.01.2019 23:28:47: _fnc_AdminReqReal: sl902d4b0uc_6v3ka03z6
14.01.2019 23:28:47: _playerObjCheckLoop: sjdf6e9lfpav4_9s27aj2fd05h434cftbx22a52be69
14.01.2019 23:28:47: _token_by_uid: elcg3c3r9y1hfh6oacag5
14.01.2019 23:28:48: _uid_by_token: nu43959i6s2y7v493p2921f3f87s9
14.01.2019 23:28:48: _name_by_uid: wn5057fl21arfe2hab9d26ab5cdr6ndhby2ydw1
14.01.2019 23:28:48: _owner_by_uid: lja_4z4t6y062qai729s9274444s222p21331g9b9
14.01.2019 23:28:48: _uid_by_owner: lx99bb4oa63zapdka44_9radeca679dk1da
14.01.2019 23:28:48: _fn_playerConnected: y_64552_eufma5axfa2
14.01.2019 23:28:48: _server_setTokenR: a77y2n0r64bh9raa9r9
14.01.2019 23:28:48: _FN_INJECT_ON_CLIENT: xd29fi7g9mdh780nfq9k43ftef3edwbf6z9pb
14.01.2019 23:28:48: _fnc_l_on_c: kha990ae7ha2ae70f82y0_fv96682qc439f_as9p7x7
14.01.2019 23:28:48: _adminStartupCode: pi95b62e937x1ac2cyd6dm7m5f2f7xa
14.01.2019 23:28:48: _AHKickOFF: dfbm4efe5dasa75mekf
14.01.2019 23:28:48: _AHKickLog: cqajcc6oah27421xd4cc7y9k2reu6r485n9e9bb2a02l2_4_66a
14.01.2019 23:28:48: _AH_RunCheckENDVAR: hpea3w9qfz2jfx97bkecd19wa11zac3uatb42davch9
14.01.2019 23:28:48: _AH_RunCheck: xx589m9ea91m9gegat0
14.01.2019 23:28:48: _AH_HackLogArrayRND: vc7d0dc1aafw664ien7
14.01.2019 23:28:48: _AH_SurvLogArrayRND: rx0f76dfcf494pax0ba1en3
14.01.2019 23:28:48: _AH_AdmiLogArrayRND: bc950l4wa04q6q2z25d
14.01.2019 23:28:48: _TMPBAN: jbeya99gaf920r542z1
14.01.2019 23:28:48: _fn_getTempBans: tc5t9vau9tdlbz069v9
14.01.2019 23:28:48: _fnc_addTempBan: md454rc5ah2n3n176mb
14.01.2019 23:28:48: _fnc_removeTempBan: vq9h9jbm7y925ldld1a
14.01.2019 23:28:48: _AHpos: n62k224n4m256_4r485203f568ald9ata9bl2n954uc
14.01.2019 23:28:48: _adminsA: qzen96c43t07444_1l486ycf47f22s6nb6br174g7
14.01.2019 23:28:48: _vehicle_needs_check: v42g48f47x4kd10pc330bs9hfqadfs6g7l7c3v44f85gd
14.01.2019 23:28:48: _fnc_infiSTAR_PlayerLog: ys2d5q27bz5r6a2fbe4n2y3iadfqb
14.01.2019 23:28:48: _antidupePVResVar: is3g469n6ffbfpf7514pf03s22dc6_fpbv242
14.01.2019 23:28:48: _runcheck_thread: mbap0qeye222bm229oe
14.01.2019 23:28:48: _livestarted: y8a9b8ab4x6d732u23d
14.01.2019 23:28:48: _fnc_check_type_allowed: re6v4qbl9nf54m217vb
14.01.2019 23:28:48: _fnc_vehicle_check: ac1dbh7z9of0alag6hav4rav7
14.01.2019 23:28:48: _rcheckclient: r5b92t5c2a3yag92e_3ffrc81_fte
14.01.2019 23:28:48: _rcheckserver: lrcnak2n6gby4h462927c75n2m2
14.01.2019 23:28:48: _waste_btn_thread: rl9xfees6o1k7g6pe4aj4v9n6z2p7r7r6
