11.02.2019 00:01:00: Madlax(76561197989383835) | Spawning Concrete Wall Kit (Exile_Item_ConcreteWallKit) on the ground infront of Madlax!
11.02.2019 00:01:00: Madlax(76561197989383835) | Spawning Concrete Wall Kit (Exile_Item_ConcreteWallKit) on the ground infront of Madlax!
11.02.2019 00:01:00: Madlax(76561197989383835) | Spawning Concrete Wall Kit (Exile_Item_ConcreteWallKit) on the ground infront of Madlax!
11.02.2019 00:01:00: Madlax(76561197989383835) | Spawning Concrete Wall Kit (Exile_Item_ConcreteWallKit) on the ground infront of Madlax!
11.02.2019 00:01:01: Madlax(76561197989383835) | Spawning Concrete Wall Kit (Exile_Item_ConcreteWallKit) on the ground infront of Madlax!
11.02.2019 00:01:01: Madlax(76561197989383835) | Spawning Concrete Wall Kit (Exile_Item_ConcreteWallKit) on the ground infront of Madlax!
11.02.2019 00:01:01: Madlax(76561197989383835) | Spawning Concrete Wall Kit (Exile_Item_ConcreteWallKit) on the ground infront of Madlax!
11.02.2019 00:05:12: Madlax(76561197989383835) | Spawning VR Suit [NATO] (U_B_Protagonist_VR) on the ground infront of Madlax!
11.02.2019 00:05:18: Madlax(76561197989383835) | Deleting GroundWeaponHolder @142129..
11.02.2019 00:05:58: Madlax(76561197989383835) | Spawning Concrete Floor Port Kit (Small) (Exile_Item_ConcreteFloorPortSmallKit) on the ground infront of Madlax!
11.02.2019 00:06:03: Madlax(76561197989383835) | Spawning Concrete Stairs Kit (Exile_Item_ConcreteStairsKit) on the ground infront of Madlax!
11.02.2019 00:06:43: Madlax(76561197989383835) | Deleting GroundWeaponHolder @142129..
11.02.2019 00:06:57: Madlax(76561197989383835) | Spawning Concrete Floor Port Kit (Exile_Item_ConcreteFloorPortKit) on the ground infront of Madlax!
11.02.2019 00:06:59: Madlax(76561197989383835) | Spawning Concrete Floor Port Kit (Exile_Item_ConcreteFloorPortKit) on the ground infront of Madlax!
11.02.2019 00:07:00: Madlax(76561197989383835) | Spawning Concrete Floor Port Kit (Exile_Item_ConcreteFloorPortKit) on the ground infront of Madlax!
11.02.2019 00:07:01: Madlax(76561197989383835) | Spawning Concrete Floor Kit (Exile_Item_ConcreteFloorKit) on the ground infront of Madlax!
11.02.2019 00:07:05: Madlax(76561197989383835) | Spawning Concrete Wall Kit (Exile_Item_ConcreteWallKit) on the ground infront of Madlax!
11.02.2019 00:07:05: Madlax(76561197989383835) | Spawning Concrete Wall Kit (Exile_Item_ConcreteWallKit) on the ground infront of Madlax!
11.02.2019 00:07:05: Madlax(76561197989383835) | Spawning Concrete Wall Kit (Exile_Item_ConcreteWallKit) on the ground infront of Madlax!
11.02.2019 00:07:05: Madlax(76561197989383835) | Spawning Concrete Wall Kit (Exile_Item_ConcreteWallKit) on the ground infront of Madlax!
11.02.2019 00:07:06: Madlax(76561197989383835) | Spawning Concrete Wall Kit (Exile_Item_ConcreteWallKit) on the ground infront of Madlax!
11.02.2019 00:07:06: Madlax(76561197989383835) | Spawning Concrete Wall Kit (Exile_Item_ConcreteWallKit) on the ground infront of Madlax!
11.02.2019 00:07:06: Madlax(76561197989383835) | Spawning Concrete Wall Kit (Exile_Item_ConcreteWallKit) on the ground infront of Madlax!
11.02.2019 00:07:07: Madlax(76561197989383835) | Spawning Concrete Wall Kit (Exile_Item_ConcreteWallKit) on the ground infront of Madlax!
11.02.2019 00:07:07: Madlax(76561197989383835) | Spawning Concrete Wall Kit (Exile_Item_ConcreteWallKit) on the ground infront of Madlax!
11.02.2019 00:14:22: Madlax(76561197989383835) | Spawning Concrete Wall Kit (Exile_Item_ConcreteWallKit) on the ground infront of Madlax!
11.02.2019 00:14:22: Madlax(76561197989383835) | Spawning Concrete Wall Kit (Exile_Item_ConcreteWallKit) on the ground infront of Madlax!
11.02.2019 00:14:24: Madlax(76561197989383835) | Spawning Concrete Wall Kit (Exile_Item_ConcreteWallKit) on the ground infront of Madlax!
11.02.2019 00:14:30: Madlax(76561197989383835) | Spawning Concrete Floor Kit (Exile_Item_ConcreteFloorKit) on the ground infront of Madlax!
11.02.2019 00:14:30: Madlax(76561197989383835) | Spawning Concrete Floor Kit (Exile_Item_ConcreteFloorKit) on the ground infront of Madlax!
11.02.2019 00:14:30: Madlax(76561197989383835) | Spawning Concrete Floor Kit (Exile_Item_ConcreteFloorKit) on the ground infront of Madlax!
11.02.2019 00:14:30: Madlax(76561197989383835) | Spawning Concrete Floor Kit (Exile_Item_ConcreteFloorKit) on the ground infront of Madlax!
11.02.2019 00:17:21: Madlax(76561197989383835) | Spawning Plastic Bottle (Fresh Water) (Exile_Item_PlasticBottleFreshWater) on the ground infront of RTKLOL!
11.02.2019 00:17:42: Madlax(76561197989383835) | Spawning Plastic Bottle (Fresh Water) (Exile_Item_PlasticBottleFreshWater) on the ground infront of Madlax!
11.02.2019 00:21:33: Madlax(76561197989383835) | Spawning Concrete Window Kit (Exile_Item_ConcreteWindowKit) on the ground infront of Madlax!
11.02.2019 00:22:13: Madlax(76561197989383835) | Spawning Concrete Window Kit (Exile_Item_ConcreteWindowKit) on Madlax!
11.02.2019 00:22:13: Madlax(76561197989383835) | Spawning Concrete Window Kit (Exile_Item_ConcreteWindowKit) on Madlax!
11.02.2019 00:24:34: Madlax(76561197989383835) | Spawning Concrete Stairs Kit (Exile_Item_ConcreteStairsKit) on Madlax!
11.02.2019 00:28:13: Madlax(76561197989383835) | Spawning Concrete Wall Kit (Exile_Item_ConcreteWallKit) on Madlax!
11.02.2019 00:28:13: Madlax(76561197989383835) | Spawning Concrete Wall Kit (Exile_Item_ConcreteWallKit) on Madlax!
11.02.2019 00:28:13: Madlax(76561197989383835) | Spawning Concrete Wall Kit (Exile_Item_ConcreteWallKit) on Madlax!
11.02.2019 00:28:14: Madlax(76561197989383835) | Spawning Concrete Wall Kit (Exile_Item_ConcreteWallKit) on Madlax!
11.02.2019 00:28:14: Madlax(76561197989383835) | Spawning Concrete Wall Kit (Exile_Item_ConcreteWallKit) on Madlax!
11.02.2019 00:30:39: Madlax(76561197989383835) | Deleting GroundWeaponHolder @142129..
11.02.2019 00:30:44: Madlax(76561197989383835) | Spawning Concrete Wall Kit (Exile_Item_ConcreteWallKit) on Madlax!
11.02.2019 00:30:44: Madlax(76561197989383835) | Spawning Concrete Wall Kit (Exile_Item_ConcreteWallKit) on Madlax!
11.02.2019 00:30:45: Madlax(76561197989383835) | Spawning Concrete Wall Kit (Exile_Item_ConcreteWallKit) on Madlax!
11.02.2019 00:30:45: Madlax(76561197989383835) | Spawning Concrete Wall Kit (Exile_Item_ConcreteWallKit) on Madlax!
11.02.2019 00:30:45: Madlax(76561197989383835) | Spawning Concrete Wall Kit (Exile_Item_ConcreteWallKit) on Madlax!
11.02.2019 00:30:45: Madlax(76561197989383835) | Spawning Concrete Wall Kit (Exile_Item_ConcreteWallKit) on Madlax!
11.02.2019 00:30:45: Madlax(76561197989383835) | Spawning Concrete Wall Kit (Exile_Item_ConcreteWallKit) on Madlax!
11.02.2019 00:30:46: Madlax(76561197989383835) | Spawning Concrete Wall Kit (Exile_Item_ConcreteWallKit) on Madlax!
11.02.2019 00:30:46: Madlax(76561197989383835) | Spawning Concrete Wall Kit (Exile_Item_ConcreteWallKit) on Madlax!
11.02.2019 00:30:46: Madlax(76561197989383835) | Spawning Concrete Wall Kit (Exile_Item_ConcreteWallKit) on Madlax!
11.02.2019 00:30:46: Madlax(76561197989383835) | Spawning Concrete Wall Kit (Exile_Item_ConcreteWallKit) on Madlax!
11.02.2019 00:30:47: Madlax(76561197989383835) | Spawning Concrete Wall Kit (Exile_Item_ConcreteWallKit) on Madlax!
11.02.2019 00:30:47: Madlax(76561197989383835) | Spawning Concrete Wall Kit (Exile_Item_ConcreteWallKit) on Madlax!
11.02.2019 00:30:47: Madlax(76561197989383835) | Spawning Concrete Wall Kit (Exile_Item_ConcreteWallKit) on Madlax!
11.02.2019 00:30:47: Madlax(76561197989383835) | Spawning Concrete Wall Kit (Exile_Item_ConcreteWallKit) on Madlax!
11.02.2019 00:30:48: Madlax(76561197989383835) | Spawning Concrete Wall Kit (Exile_Item_ConcreteWallKit) on Madlax!
11.02.2019 00:33:33: Madlax(76561197989383835) | Spawning Concrete Wall Kit (Exile_Item_ConcreteWallKit) on Madlax!
11.02.2019 00:33:33: Madlax(76561197989383835) | Spawning Concrete Wall Kit (Exile_Item_ConcreteWallKit) on Madlax!
11.02.2019 00:33:33: Madlax(76561197989383835) | Spawning Concrete Wall Kit (Exile_Item_ConcreteWallKit) on Madlax!
11.02.2019 00:33:33: Madlax(76561197989383835) | Spawning Concrete Wall Kit (Exile_Item_ConcreteWallKit) on Madlax!
11.02.2019 00:33:34: Madlax(76561197989383835) | Spawning Concrete Wall Kit (Exile_Item_ConcreteWallKit) on Madlax!
11.02.2019 00:33:34: Madlax(76561197989383835) | Spawning Concrete Wall Kit (Exile_Item_ConcreteWallKit) on Madlax!
11.02.2019 00:33:34: Madlax(76561197989383835) | Spawning Concrete Wall Kit (Exile_Item_ConcreteWallKit) on Madlax!
11.02.2019 00:33:35: Madlax(76561197989383835) | Spawning Concrete Wall Kit (Exile_Item_ConcreteWallKit) on Madlax!
11.02.2019 00:33:35: Madlax(76561197989383835) | Spawning Concrete Wall Kit (Exile_Item_ConcreteWallKit) on Madlax!
11.02.2019 00:33:35: Madlax(76561197989383835) | Spawning Concrete Wall Kit (Exile_Item_ConcreteWallKit) on Madlax!
11.02.2019 00:33:35: Madlax(76561197989383835) | Spawning Concrete Wall Kit (Exile_Item_ConcreteWallKit) on Madlax!
11.02.2019 00:33:35: Madlax(76561197989383835) | Spawning Concrete Wall Kit (Exile_Item_ConcreteWallKit) on Madlax!
11.02.2019 00:33:36: Madlax(76561197989383835) | Spawning Concrete Wall Kit (Exile_Item_ConcreteWallKit) on Madlax!
11.02.2019 00:33:36: Madlax(76561197989383835) | Spawning Concrete Wall Kit (Exile_Item_ConcreteWallKit) on Madlax!
11.02.2019 00:33:36: Madlax(76561197989383835) | Spawning Concrete Wall Kit (Exile_Item_ConcreteWallKit) on Madlax!
11.02.2019 00:33:37: Madlax(76561197989383835) | Spawning Concrete Wall Kit (Exile_Item_ConcreteWallKit) on Madlax!
11.02.2019 00:39:01: Madlax(76561197989383835) | Spawning Concrete Wall Kit (Exile_Item_ConcreteWallKit) on Madlax!
11.02.2019 00:39:02: Madlax(76561197989383835) | Spawning Concrete Wall Kit (Exile_Item_ConcreteWallKit) on Madlax!
11.02.2019 00:39:02: Madlax(76561197989383835) | Spawning Concrete Wall Kit (Exile_Item_ConcreteWallKit) on Madlax!
11.02.2019 00:39:02: Madlax(76561197989383835) | Spawning Concrete Wall Kit (Exile_Item_ConcreteWallKit) on Madlax!
11.02.2019 00:39:03: Madlax(76561197989383835) | Spawning Concrete Wall Kit (Exile_Item_ConcreteWallKit) on Madlax!
11.02.2019 00:39:03: Madlax(76561197989383835) | Spawning Concrete Wall Kit (Exile_Item_ConcreteWallKit) on Madlax!
11.02.2019 00:39:03: Madlax(76561197989383835) | Spawning Concrete Wall Kit (Exile_Item_ConcreteWallKit) on Madlax!
11.02.2019 00:39:03: Madlax(76561197989383835) | Spawning Concrete Wall Kit (Exile_Item_ConcreteWallKit) on Madlax!
11.02.2019 00:39:04: Madlax(76561197989383835) | Spawning Concrete Wall Kit (Exile_Item_ConcreteWallKit) on Madlax!
11.02.2019 00:39:04: Madlax(76561197989383835) | Spawning Concrete Wall Kit (Exile_Item_ConcreteWallKit) on Madlax!
11.02.2019 00:39:04: Madlax(76561197989383835) | Spawning Concrete Wall Kit (Exile_Item_ConcreteWallKit) on Madlax!
11.02.2019 00:39:04: Madlax(76561197989383835) | Spawning Concrete Wall Kit (Exile_Item_ConcreteWallKit) on Madlax!
11.02.2019 00:39:05: Madlax(76561197989383835) | Spawning Concrete Wall Kit (Exile_Item_ConcreteWallKit) on Madlax!
11.02.2019 00:41:21: Madlax(76561197989383835) | Spawning Concrete Wall Kit (Exile_Item_ConcreteWallKit) on Madlax!
11.02.2019 00:41:22: Madlax(76561197989383835) | Spawning Concrete Wall Kit (Exile_Item_ConcreteWallKit) on Madlax!
11.02.2019 00:41:22: Madlax(76561197989383835) | Spawning Concrete Wall Kit (Exile_Item_ConcreteWallKit) on Madlax!
11.02.2019 00:41:22: Madlax(76561197989383835) | Spawning Concrete Wall Kit (Exile_Item_ConcreteWallKit) on Madlax!
11.02.2019 00:41:22: Madlax(76561197989383835) | Spawning Concrete Wall Kit (Exile_Item_ConcreteWallKit) on Madlax!
11.02.2019 00:41:23: Madlax(76561197989383835) | Spawning Concrete Wall Kit (Exile_Item_ConcreteWallKit) on Madlax!
11.02.2019 00:41:23: Madlax(76561197989383835) | Spawning Concrete Wall Kit (Exile_Item_ConcreteWallKit) on Madlax!
11.02.2019 00:41:23: Madlax(76561197989383835) | Spawning Concrete Wall Kit (Exile_Item_ConcreteWallKit) on Madlax!
11.02.2019 00:41:23: Madlax(76561197989383835) | Spawning Concrete Wall Kit (Exile_Item_ConcreteWallKit) on Madlax!
11.02.2019 00:41:24: Madlax(76561197989383835) | Spawning Concrete Wall Kit (Exile_Item_ConcreteWallKit) on Madlax!
11.02.2019 00:43:42: Madlax(76561197989383835) | Spawning Concrete Floor Kit (Exile_Item_ConcreteFloorKit) on Madlax!
11.02.2019 00:43:43: Madlax(76561197989383835) | Spawning Concrete Floor Kit (Exile_Item_ConcreteFloorKit) on Madlax!
11.02.2019 00:43:44: Madlax(76561197989383835) | Spawning Concrete Floor Kit (Exile_Item_ConcreteFloorKit) on Madlax!
11.02.2019 00:44:24: Madlax(76561197989383835) | Spawning Concrete Floor Kit (Exile_Item_ConcreteFloorKit) on Madlax!
11.02.2019 00:45:06: Madlax(76561197989383835) | spawning MB 4WD (Exile_Car_MB4WD) (NonPersistent)
11.02.2019 00:45:18: Madlax(76561197989383835) | spawning Speedboat Minigun (B_Boat_Armed_01_minigun_F) (NonPersistent)
11.02.2019 00:45:22: Madlax(76561197989383835) | Deleting Exile_Car_MB4WD @143129..
11.02.2019 00:49:07: Madlax(76561197989383835) | Spawning Concrete Gate Kit (Exile_Item_ConcreteGateKit) on Madlax!
11.02.2019 00:49:19: Madlax(76561197989383835) | Spawning Concrete Gate Kit (Exile_Item_ConcreteGateKit) on Madlax!
11.02.2019 00:49:22: Madlax(76561197989383835) | Spawning Concrete Wall Kit (Exile_Item_ConcreteWallKit) on Madlax!
11.02.2019 00:49:22: Madlax(76561197989383835) | Spawning Concrete Wall Kit (Exile_Item_ConcreteWallKit) on Madlax!
11.02.2019 00:49:23: Madlax(76561197989383835) | Spawning Concrete Wall Kit (Exile_Item_ConcreteWallKit) on Madlax!
11.02.2019 00:49:23: Madlax(76561197989383835) | Spawning Concrete Wall Kit (Exile_Item_ConcreteWallKit) on Madlax!
11.02.2019 00:49:24: Madlax(76561197989383835) | Spawning Concrete Wall Kit (Exile_Item_ConcreteWallKit) on Madlax!
11.02.2019 00:49:24: Madlax(76561197989383835) | Spawning Concrete Wall Kit (Exile_Item_ConcreteWallKit) on Madlax!
11.02.2019 00:49:24: Madlax(76561197989383835) | Spawning Concrete Wall Kit (Exile_Item_ConcreteWallKit) on Madlax!
11.02.2019 00:49:25: Madlax(76561197989383835) | Spawning Concrete Wall Kit (Exile_Item_ConcreteWallKit) on Madlax!
11.02.2019 00:49:52: Madlax(76561197989383835) | Spawning Concrete Floor Kit (Exile_Item_ConcreteFloorKit) on Madlax!
11.02.2019 00:50:07: Madlax(76561197989383835) | Spawning Concrete Floor Kit (Exile_Item_ConcreteFloorKit) on Madlax!
11.02.2019 00:51:07: Wilson(76561198058758223) | Teleport by Admin - from 168130[16866.9,13055.7,0.00128269] to 142130[14280.5,13026.9,0.290123]  (2587m) | 1h 58min 15s
11.02.2019 00:51:47: Madlax(76561197989383835) | Deleting B_Boat_Armed_01_minigun_F @143129..
11.02.2019 00:56:03: Madlax(76561197989383835) | Spawning Concrete Floor Kit (Exile_Item_ConcreteFloorKit) on Madlax!
11.02.2019 00:56:03: Madlax(76561197989383835) | Spawning Concrete Floor Kit (Exile_Item_ConcreteFloorKit) on Madlax!
11.02.2019 00:56:04: Madlax(76561197989383835) | Spawning Concrete Floor Kit (Exile_Item_ConcreteFloorKit) on Madlax!
11.02.2019 00:59:41: Madlax(76561197989383835) | Spawning Concrete Floor Kit (Exile_Item_ConcreteFloorKit) on Madlax!
11.02.2019 00:59:42: Madlax(76561197989383835) | Spawning Concrete Floor Kit (Exile_Item_ConcreteFloorKit) on Madlax!
11.02.2019 00:59:42: Madlax(76561197989383835) | Spawning Concrete Floor Kit (Exile_Item_ConcreteFloorKit) on Madlax!
11.02.2019 00:59:42: Madlax(76561197989383835) | Spawning Concrete Floor Kit (Exile_Item_ConcreteFloorKit) on Madlax!
11.02.2019 00:59:42: Madlax(76561197989383835) | Spawning Concrete Floor Kit (Exile_Item_ConcreteFloorKit) on Madlax!
11.02.2019 00:59:43: Madlax(76561197989383835) | Spawning Concrete Floor Kit (Exile_Item_ConcreteFloorKit) on Madlax!
11.02.2019 01:00:21: Madlax(76561197989383835) | Deleting GroundWeaponHolder @143129..
11.02.2019 01:00:27: Madlax(76561197989383835) | Spawning Concrete Wall Kit (Exile_Item_ConcreteWallKit) on Madlax!
11.02.2019 01:00:28: Madlax(76561197989383835) | Spawning Concrete Wall Kit (Exile_Item_ConcreteWallKit) on Madlax!
11.02.2019 01:00:28: Madlax(76561197989383835) | Spawning Concrete Wall Kit (Exile_Item_ConcreteWallKit) on Madlax!
11.02.2019 01:00:28: Madlax(76561197989383835) | Spawning Concrete Wall Kit (Exile_Item_ConcreteWallKit) on Madlax!
11.02.2019 01:00:28: Madlax(76561197989383835) | Spawning Concrete Wall Kit (Exile_Item_ConcreteWallKit) on Madlax!
11.02.2019 01:05:11: Madlax(76561197989383835) | Spawning Cooked Alsatain (Alsatain_Ck) on Madlax!
11.02.2019 01:05:27: Madlax(76561197989383835) | Spawning Cooked Alsatain (Alsatain_Ck) on Madlax!
11.02.2019 01:05:39: Madlax(76561197989383835) | Spawning Cooked Sheep (Sheep_Ck) on Madlax!
11.02.2019 01:05:53: Madlax(76561197989383835) | Spawning Cooked Sheep (Sheep_Ck) on the ground infront of Madlax!
11.02.2019 01:05:55: Madlax(76561197989383835) | Spawning Cooked Snake (Snake_Ck) on the ground infront of Madlax!
11.02.2019 01:06:14: Madlax(76561197989383835) | Deleting GroundWeaponHolder @143129..
11.02.2019 01:06:23: Madlax(76561197989383835) | Spawning Cooked Goat (Goat_Ck) on the ground infront of Madlax!
11.02.2019 01:06:33: Madlax(76561197989383835) | Deleting GroundWeaponHolder @143129..
11.02.2019 01:06:41: Madlax(76561197989383835) | Spawning Can Opener (Exile_Item_CanOpener) on the ground infront of Madlax!
11.02.2019 01:06:43: Madlax(76561197989383835) | Spawning BBQ Sandwich (Cooked) (Exile_Item_BBQSandwich_Cooked) on the ground infront of Madlax!
11.02.2019 01:09:13: Madlax(76561197989383835) | Spawning Concrete Wall Kit (Exile_Item_ConcreteWallKit) on Madlax!
11.02.2019 01:09:13: Madlax(76561197989383835) | Spawning Concrete Wall Kit (Exile_Item_ConcreteWallKit) on Madlax!
11.02.2019 01:09:14: Madlax(76561197989383835) | Spawning Concrete Wall Kit (Exile_Item_ConcreteWallKit) on Madlax!
11.02.2019 01:09:14: Madlax(76561197989383835) | Spawning Concrete Wall Kit (Exile_Item_ConcreteWallKit) on Madlax!
11.02.2019 01:09:14: Madlax(76561197989383835) | Spawning Concrete Wall Kit (Exile_Item_ConcreteWallKit) on Madlax!
11.02.2019 01:09:15: Madlax(76561197989383835) | Spawning Concrete Wall Kit (Exile_Item_ConcreteWallKit) on Madlax!
11.02.2019 01:11:32: Madlax(76561197989383835) | Spawning Concrete Wall Kit (Exile_Item_ConcreteWallKit) on Madlax!
11.02.2019 01:11:32: Madlax(76561197989383835) | Spawning Concrete Wall Kit (Exile_Item_ConcreteWallKit) on Madlax!
11.02.2019 01:11:33: Madlax(76561197989383835) | Spawning Concrete Wall Kit (Exile_Item_ConcreteWallKit) on Madlax!
11.02.2019 01:11:33: Madlax(76561197989383835) | Spawning Concrete Wall Kit (Exile_Item_ConcreteWallKit) on Madlax!
11.02.2019 01:11:33: Madlax(76561197989383835) | Spawning Concrete Wall Kit (Exile_Item_ConcreteWallKit) on Madlax!
11.02.2019 01:11:33: Madlax(76561197989383835) | Spawning Concrete Wall Kit (Exile_Item_ConcreteWallKit) on Madlax!
11.02.2019 01:11:33: Madlax(76561197989383835) | Spawning Concrete Wall Kit (Exile_Item_ConcreteWallKit) on Madlax!
11.02.2019 01:11:34: Madlax(76561197989383835) | Spawning Concrete Wall Kit (Exile_Item_ConcreteWallKit) on Madlax!
11.02.2019 01:11:55: Madlax(76561197989383835) | Spawning Concrete Floor Kit (Exile_Item_ConcreteFloorKit) on Madlax!
11.02.2019 01:13:08: Madlax(76561197989383835) | Spawning Concrete Floor Kit (Exile_Item_ConcreteFloorKit) on Madlax!
11.02.2019 01:13:08: Madlax(76561197989383835) | Spawning Concrete Floor Kit (Exile_Item_ConcreteFloorKit) on Madlax!
11.02.2019 01:13:08: Madlax(76561197989383835) | Spawning Concrete Floor Kit (Exile_Item_ConcreteFloorKit) on Madlax!
11.02.2019 01:14:25: Madlax(76561197989383835) | Spawning Concrete Wall Kit (Exile_Item_ConcreteWallKit) on Madlax!
11.02.2019 01:14:25: Madlax(76561197989383835) | Spawning Concrete Wall Kit (Exile_Item_ConcreteWallKit) on Madlax!
11.02.2019 01:14:26: Madlax(76561197989383835) | Spawning Concrete Wall Kit (Exile_Item_ConcreteWallKit) on Madlax!
11.02.2019 01:14:26: Madlax(76561197989383835) | Spawning Concrete Wall Kit (Exile_Item_ConcreteWallKit) on Madlax!
11.02.2019 01:14:26: Madlax(76561197989383835) | Spawning Concrete Wall Kit (Exile_Item_ConcreteWallKit) on Madlax!
11.02.2019 01:14:45: Madlax(76561197989383835) | Spawning Concrete Floor Kit (Exile_Item_ConcreteFloorKit) on Madlax!
11.02.2019 01:16:04: Madlax(76561197989383835) | Deleting Exile_Construction_ConcreteFloor_Static @143130..
11.02.2019 01:16:09: Madlax(76561197989383835) | Deleting GroundWeaponHolder @143130..
11.02.2019 01:16:15: Madlax(76561197989383835) | Spawning Concrete Wall Kit (Exile_Item_ConcreteWallKit) on Madlax!
11.02.2019 01:16:15: Madlax(76561197989383835) | Spawning Concrete Wall Kit (Exile_Item_ConcreteWallKit) on Madlax!
11.02.2019 01:16:15: Madlax(76561197989383835) | Spawning Concrete Wall Kit (Exile_Item_ConcreteWallKit) on Madlax!
11.02.2019 01:16:15: Madlax(76561197989383835) | Spawning Concrete Wall Kit (Exile_Item_ConcreteWallKit) on Madlax!
11.02.2019 01:16:16: Madlax(76561197989383835) | Spawning Concrete Wall Kit (Exile_Item_ConcreteWallKit) on Madlax!
11.02.2019 01:16:16: Madlax(76561197989383835) | Spawning Concrete Wall Kit (Exile_Item_ConcreteWallKit) on Madlax!
11.02.2019 01:16:16: Madlax(76561197989383835) | Spawning Concrete Wall Kit (Exile_Item_ConcreteWallKit) on Madlax!
11.02.2019 01:16:38: Madlax(76561197989383835) | Deleting Exile_Construction_ConcreteFloor_Static @143130..
11.02.2019 01:16:40: Madlax(76561197989383835) | Deleting GroundWeaponHolder @143130..
11.02.2019 01:16:48: Madlax(76561197989383835) | Deleting Exile_Construction_ConcreteFloor_Static @143130..
11.02.2019 01:16:56: Madlax(76561197989383835) | Deleting GroundWeaponHolder @143130..
11.02.2019 01:17:17: Madlax(76561197989383835) | Deleting Exile_Construction_ConcreteFloor_Static @143130..
11.02.2019 01:17:18: Madlax(76561197989383835) | Deleting GroundWeaponHolder @143130..
11.02.2019 01:17:22: Madlax(76561197989383835) | Deleting Exile_Construction_ConcreteFloor_Static @143129..
11.02.2019 01:17:22: Madlax(76561197989383835) | Deleting GroundWeaponHolder @143130..
11.02.2019 01:17:26: Madlax(76561197989383835) | Deleting Exile_Construction_ConcreteFloor_Static @143129..
11.02.2019 01:17:30: Madlax(76561197989383835) | Deleting GroundWeaponHolder @143129..
11.02.2019 01:17:32: Madlax(76561197989383835) | Deleting Exile_Construction_ConcreteFloor_Static @143129..
11.02.2019 01:17:33: Madlax(76561197989383835) | Deleting GroundWeaponHolder @143129..
11.02.2019 01:17:36: Madlax(76561197989383835) | Deleting Exile_Construction_ConcreteFloor_Static @143129..
11.02.2019 01:17:36: Madlax(76561197989383835) | Deleting GroundWeaponHolder @143129..
11.02.2019 01:17:38: Madlax(76561197989383835) | Deleting Exile_Construction_ConcreteFloor_Static @143129..
11.02.2019 01:17:39: Madlax(76561197989383835) | Deleting GroundWeaponHolder @143129..
11.02.2019 01:17:42: Madlax(76561197989383835) | Deleting Exile_Construction_ConcreteFloor_Static @143129..
11.02.2019 01:17:43: Madlax(76561197989383835) | Deleting GroundWeaponHolder @143129..
11.02.2019 01:17:46: Madlax(76561197989383835) | Deleting Exile_Construction_ConcreteFloor_Static @143129..
11.02.2019 01:17:47: Madlax(76561197989383835) | Deleting GroundWeaponHolder @143129..
11.02.2019 01:18:57: Madlax(76561197989383835) | Spawning Concrete Wall Kit (Exile_Item_ConcreteWallKit) on Madlax!
11.02.2019 01:18:57: Madlax(76561197989383835) | Spawning Concrete Wall Kit (Exile_Item_ConcreteWallKit) on Madlax!
11.02.2019 01:18:57: Madlax(76561197989383835) | Spawning Concrete Wall Kit (Exile_Item_ConcreteWallKit) on Madlax!
11.02.2019 01:18:58: Madlax(76561197989383835) | Spawning Concrete Wall Kit (Exile_Item_ConcreteWallKit) on Madlax!
11.02.2019 01:18:58: Madlax(76561197989383835) | Spawning Concrete Wall Kit (Exile_Item_ConcreteWallKit) on Madlax!
11.02.2019 01:18:58: Madlax(76561197989383835) | Spawning Concrete Wall Kit (Exile_Item_ConcreteWallKit) on Madlax!
11.02.2019 01:18:59: Madlax(76561197989383835) | Spawning Concrete Wall Kit (Exile_Item_ConcreteWallKit) on Madlax!
11.02.2019 01:18:59: Madlax(76561197989383835) | Spawning Concrete Wall Kit (Exile_Item_ConcreteWallKit) on Madlax!
11.02.2019 01:18:59: Madlax(76561197989383835) | Spawning Concrete Wall Kit (Exile_Item_ConcreteWallKit) on Madlax!
11.02.2019 01:18:59: Madlax(76561197989383835) | Spawning Concrete Wall Kit (Exile_Item_ConcreteWallKit) on Madlax!
11.02.2019 01:19:00: Madlax(76561197989383835) | Spawning Concrete Wall Kit (Exile_Item_ConcreteWallKit) on Madlax!
11.02.2019 01:20:16: Madlax(76561197989383835) | Spawning Concrete Wall Kit (Exile_Item_ConcreteWallKit) on Madlax!
11.02.2019 01:20:16: Madlax(76561197989383835) | Spawning Concrete Wall Kit (Exile_Item_ConcreteWallKit) on Madlax!
11.02.2019 01:20:16: Madlax(76561197989383835) | Spawning Concrete Wall Kit (Exile_Item_ConcreteWallKit) on Madlax!
11.02.2019 01:20:16: Madlax(76561197989383835) | Spawning Concrete Wall Kit (Exile_Item_ConcreteWallKit) on Madlax!
11.02.2019 01:20:17: Madlax(76561197989383835) | Spawning Concrete Wall Kit (Exile_Item_ConcreteWallKit) on Madlax!
11.02.2019 01:20:17: Madlax(76561197989383835) | Spawning Concrete Wall Kit (Exile_Item_ConcreteWallKit) on Madlax!
11.02.2019 01:20:17: Madlax(76561197989383835) | Spawning Concrete Wall Kit (Exile_Item_ConcreteWallKit) on Madlax!
11.02.2019 01:20:17: Madlax(76561197989383835) | Spawning Concrete Wall Kit (Exile_Item_ConcreteWallKit) on Madlax!
11.02.2019 01:20:17: Madlax(76561197989383835) | Spawning Concrete Wall Kit (Exile_Item_ConcreteWallKit) on Madlax!
11.02.2019 01:22:12: Madlax(76561197989383835) | Deleting Exile_Construction_ConcreteWall_Static @143130..
11.02.2019 01:22:13: Madlax(76561197989383835) | Deleting Exile_Construction_ConcreteWall_Static @143130..
11.02.2019 01:23:14: Madlax(76561197989383835) | Spawning Concrete Wall Kit (Exile_Item_ConcreteWallKit) on Madlax!
11.02.2019 01:23:15: Madlax(76561197989383835) | Spawning Concrete Wall Kit (Exile_Item_ConcreteWallKit) on Madlax!
11.02.2019 01:23:15: Madlax(76561197989383835) | Spawning Concrete Wall Kit (Exile_Item_ConcreteWallKit) on Madlax!
11.02.2019 01:23:15: Madlax(76561197989383835) | Spawning Concrete Wall Kit (Exile_Item_ConcreteWallKit) on Madlax!
11.02.2019 01:23:15: Madlax(76561197989383835) | Spawning Concrete Wall Kit (Exile_Item_ConcreteWallKit) on Madlax!
11.02.2019 01:23:16: Madlax(76561197989383835) | Spawning Concrete Wall Kit (Exile_Item_ConcreteWallKit) on Madlax!
11.02.2019 01:23:16: Madlax(76561197989383835) | Spawning Concrete Wall Kit (Exile_Item_ConcreteWallKit) on Madlax!
11.02.2019 01:23:16: Madlax(76561197989383835) | Spawning Concrete Wall Kit (Exile_Item_ConcreteWallKit) on Madlax!
11.02.2019 01:23:16: Madlax(76561197989383835) | Spawning Concrete Wall Kit (Exile_Item_ConcreteWallKit) on Madlax!
11.02.2019 01:23:17: Madlax(76561197989383835) | Spawning Concrete Wall Kit (Exile_Item_ConcreteWallKit) on Madlax!
11.02.2019 01:24:21: Madlax(76561197989383835) | Teleport to [14356.5,13066.5,0](GPS: 143130)
11.02.2019 01:25:38: Madlax(76561197989383835) | Teleport to [14357.6,13060.6,0](GPS: 143130)
11.02.2019 01:26:56: Madlax(76561197989383835) | Spawning Concrete Wall Kit (Exile_Item_ConcreteWallKit) on Madlax!
11.02.2019 01:26:56: Madlax(76561197989383835) | Spawning Concrete Wall Kit (Exile_Item_ConcreteWallKit) on Madlax!
11.02.2019 01:26:56: Madlax(76561197989383835) | Spawning Concrete Wall Kit (Exile_Item_ConcreteWallKit) on Madlax!
11.02.2019 01:26:57: Madlax(76561197989383835) | Spawning Concrete Wall Kit (Exile_Item_ConcreteWallKit) on Madlax!
11.02.2019 01:26:57: Madlax(76561197989383835) | Spawning Concrete Wall Kit (Exile_Item_ConcreteWallKit) on Madlax!
11.02.2019 01:26:57: Madlax(76561197989383835) | Spawning Concrete Wall Kit (Exile_Item_ConcreteWallKit) on Madlax!
11.02.2019 01:26:57: Madlax(76561197989383835) | Spawning Concrete Wall Kit (Exile_Item_ConcreteWallKit) on Madlax!
11.02.2019 01:26:57: Madlax(76561197989383835) | Spawning Concrete Wall Kit (Exile_Item_ConcreteWallKit) on Madlax!
11.02.2019 01:26:58: Madlax(76561197989383835) | Spawning Concrete Wall Kit (Exile_Item_ConcreteWallKit) on Madlax!
11.02.2019 01:26:58: Madlax(76561197989383835) | Spawning Concrete Wall Kit (Exile_Item_ConcreteWallKit) on Madlax!
11.02.2019 01:26:59: Madlax(76561197989383835) | Spawning Concrete Wall Kit (Exile_Item_ConcreteWallKit) on Madlax!
11.02.2019 01:26:59: Madlax(76561197989383835) | Spawning Concrete Wall Kit (Exile_Item_ConcreteWallKit) on Madlax!
11.02.2019 01:26:59: Madlax(76561197989383835) | Spawning Concrete Wall Kit (Exile_Item_ConcreteWallKit) on Madlax!
11.02.2019 01:26:59: Madlax(76561197989383835) | Spawning Concrete Wall Kit (Exile_Item_ConcreteWallKit) on Madlax!
11.02.2019 01:28:43: Madlax(76561197989383835) | Spawning Concrete Wall Kit (Exile_Item_ConcreteWallKit) on Madlax!
11.02.2019 01:28:44: Madlax(76561197989383835) | Spawning Concrete Wall Kit (Exile_Item_ConcreteWallKit) on Madlax!
11.02.2019 01:28:44: Madlax(76561197989383835) | Spawning Concrete Wall Kit (Exile_Item_ConcreteWallKit) on Madlax!
11.02.2019 01:28:44: Madlax(76561197989383835) | Spawning Concrete Wall Kit (Exile_Item_ConcreteWallKit) on Madlax!
11.02.2019 01:28:44: Madlax(76561197989383835) | Spawning Concrete Wall Kit (Exile_Item_ConcreteWallKit) on Madlax!
11.02.2019 01:28:45: Madlax(76561197989383835) | Spawning Concrete Wall Kit (Exile_Item_ConcreteWallKit) on Madlax!
11.02.2019 01:28:45: Madlax(76561197989383835) | Spawning Concrete Wall Kit (Exile_Item_ConcreteWallKit) on Madlax!
11.02.2019 01:28:45: Madlax(76561197989383835) | Spawning Concrete Wall Kit (Exile_Item_ConcreteWallKit) on Madlax!
11.02.2019 01:28:46: Madlax(76561197989383835) | Spawning Concrete Wall Kit (Exile_Item_ConcreteWallKit) on Madlax!
11.02.2019 01:28:46: Madlax(76561197989383835) | Spawning Concrete Wall Kit (Exile_Item_ConcreteWallKit) on Madlax!
11.02.2019 01:30:43: Madlax(76561197989383835) | Spawning Concrete Wall Kit (Exile_Item_ConcreteWallKit) on Madlax!
11.02.2019 01:30:44: Madlax(76561197989383835) | Spawning Concrete Wall Kit (Exile_Item_ConcreteWallKit) on Madlax!
11.02.2019 01:30:44: Madlax(76561197989383835) | Spawning Concrete Wall Kit (Exile_Item_ConcreteWallKit) on Madlax!
11.02.2019 01:31:04: Madlax(76561197989383835) | Spawning Concrete Floor Kit (Exile_Item_ConcreteFloorKit) on Madlax!
11.02.2019 01:31:04: Madlax(76561197989383835) | Spawning Concrete Floor Kit (Exile_Item_ConcreteFloorKit) on Madlax!
11.02.2019 01:31:04: Madlax(76561197989383835) | Spawning Concrete Floor Kit (Exile_Item_ConcreteFloorKit) on Madlax!
11.02.2019 01:31:05: Madlax(76561197989383835) | Spawning Concrete Floor Kit (Exile_Item_ConcreteFloorKit) on Madlax!
11.02.2019 01:31:05: Madlax(76561197989383835) | Spawning Concrete Floor Kit (Exile_Item_ConcreteFloorKit) on Madlax!
11.02.2019 01:31:05: Madlax(76561197989383835) | Spawning Concrete Floor Kit (Exile_Item_ConcreteFloorKit) on Madlax!
11.02.2019 01:31:06: Madlax(76561197989383835) | Spawning Concrete Floor Kit (Exile_Item_ConcreteFloorKit) on Madlax!
11.02.2019 01:31:06: Madlax(76561197989383835) | Spawning Concrete Floor Kit (Exile_Item_ConcreteFloorKit) on Madlax!
11.02.2019 01:31:06: Madlax(76561197989383835) | Spawning Concrete Floor Kit (Exile_Item_ConcreteFloorKit) on Madlax!
11.02.2019 01:31:06: Madlax(76561197989383835) | Spawning Concrete Floor Kit (Exile_Item_ConcreteFloorKit) on Madlax!
11.02.2019 01:32:31: Madlax(76561197989383835) | Deleting GroundWeaponHolder @143130..
11.02.2019 01:32:37: Madlax(76561197989383835) | Spawning Concrete Floor Kit (Exile_Item_ConcreteFloorKit) on Madlax!
11.02.2019 01:32:37: Madlax(76561197989383835) | Spawning Concrete Floor Kit (Exile_Item_ConcreteFloorKit) on Madlax!
11.02.2019 01:32:37: Madlax(76561197989383835) | Spawning Concrete Floor Kit (Exile_Item_ConcreteFloorKit) on Madlax!
11.02.2019 01:32:38: Madlax(76561197989383835) | Spawning Concrete Floor Kit (Exile_Item_ConcreteFloorKit) on Madlax!
11.02.2019 01:32:38: Madlax(76561197989383835) | Spawning Concrete Floor Kit (Exile_Item_ConcreteFloorKit) on Madlax!
11.02.2019 01:32:38: Madlax(76561197989383835) | Spawning Concrete Floor Kit (Exile_Item_ConcreteFloorKit) on Madlax!
11.02.2019 01:32:38: Madlax(76561197989383835) | Spawning Concrete Floor Kit (Exile_Item_ConcreteFloorKit) on Madlax!
11.02.2019 01:32:39: Madlax(76561197989383835) | Spawning Concrete Floor Kit (Exile_Item_ConcreteFloorKit) on Madlax!
11.02.2019 01:32:39: Madlax(76561197989383835) | Spawning Concrete Floor Kit (Exile_Item_ConcreteFloorKit) on Madlax!
11.02.2019 01:32:39: Madlax(76561197989383835) | Spawning Concrete Floor Kit (Exile_Item_ConcreteFloorKit) on Madlax!
11.02.2019 01:33:49: Madlax(76561197989383835) | Spawning Concrete Floor Kit (Exile_Item_ConcreteFloorKit) on Madlax!
11.02.2019 01:33:49: Madlax(76561197989383835) | Spawning Concrete Floor Kit (Exile_Item_ConcreteFloorKit) on Madlax!
11.02.2019 01:33:49: Madlax(76561197989383835) | Spawning Concrete Floor Kit (Exile_Item_ConcreteFloorKit) on Madlax!
11.02.2019 01:33:50: Madlax(76561197989383835) | Spawning Concrete Floor Kit (Exile_Item_ConcreteFloorKit) on Madlax!
11.02.2019 01:33:50: Madlax(76561197989383835) | Spawning Concrete Floor Kit (Exile_Item_ConcreteFloorKit) on Madlax!
11.02.2019 01:33:50: Madlax(76561197989383835) | Spawning Concrete Floor Kit (Exile_Item_ConcreteFloorKit) on Madlax!
11.02.2019 01:33:50: Madlax(76561197989383835) | Spawning Concrete Floor Kit (Exile_Item_ConcreteFloorKit) on Madlax!
11.02.2019 01:33:51: Madlax(76561197989383835) | Spawning Concrete Floor Kit (Exile_Item_ConcreteFloorKit) on Madlax!
11.02.2019 01:33:51: Madlax(76561197989383835) | Spawning Concrete Floor Kit (Exile_Item_ConcreteFloorKit) on Madlax!
11.02.2019 01:33:51: Madlax(76561197989383835) | Spawning Concrete Floor Kit (Exile_Item_ConcreteFloorKit) on Madlax!
11.02.2019 01:34:26: Madlax(76561197989383835) | Teleport to [14623.5,16764.4,0](GPS: 146167)
11.02.2019 01:35:20: Madlax(76561197989383835) | Teleport to [14352.2,13055.2,0](GPS: 143130)
11.02.2019 01:37:15: Madlax(76561197989383835) | Spawning Knife (Exile_Item_Knife) on Madlax!
11.02.2019 01:38:10: Madlax(76561197989383835) | Spawning Plastic Bottle (Fresh Water) (Exile_Item_PlasticBottleFreshWater) on Madlax!
11.02.2019 01:38:27: Madlax(76561197989383835) | Spawning Concrete Wall Kit (Exile_Item_ConcreteWallKit) on Madlax!
11.02.2019 01:38:27: Madlax(76561197989383835) | Spawning Concrete Wall Kit (Exile_Item_ConcreteWallKit) on Madlax!
11.02.2019 01:38:27: Madlax(76561197989383835) | Spawning Concrete Wall Kit (Exile_Item_ConcreteWallKit) on Madlax!
11.02.2019 01:38:27: Madlax(76561197989383835) | Spawning Concrete Wall Kit (Exile_Item_ConcreteWallKit) on Madlax!
11.02.2019 01:38:28: Madlax(76561197989383835) | Spawning Concrete Wall Kit (Exile_Item_ConcreteWallKit) on Madlax!
11.02.2019 01:38:28: Madlax(76561197989383835) | Spawning Concrete Wall Kit (Exile_Item_ConcreteWallKit) on Madlax!
11.02.2019 01:38:28: Madlax(76561197989383835) | Spawning Concrete Wall Kit (Exile_Item_ConcreteWallKit) on Madlax!
11.02.2019 01:42:57: Madlax(76561197989383835) | Spawning Concrete Wall Kit (Exile_Item_ConcreteWallKit) on Madlax!
11.02.2019 01:42:57: Madlax(76561197989383835) | Spawning Concrete Wall Kit (Exile_Item_ConcreteWallKit) on Madlax!
11.02.2019 01:42:57: Madlax(76561197989383835) | Spawning Concrete Wall Kit (Exile_Item_ConcreteWallKit) on Madlax!
11.02.2019 01:42:58: Madlax(76561197989383835) | Spawning Concrete Wall Kit (Exile_Item_ConcreteWallKit) on Madlax!
11.02.2019 01:42:58: Madlax(76561197989383835) | Spawning Concrete Wall Kit (Exile_Item_ConcreteWallKit) on Madlax!
11.02.2019 01:42:58: Madlax(76561197989383835) | Spawning Concrete Wall Kit (Exile_Item_ConcreteWallKit) on Madlax!
11.02.2019 01:44:14: Madlax(76561197989383835) | Spawning Concrete Wall Kit (Exile_Item_ConcreteWallKit) on Madlax!
11.02.2019 01:44:15: Madlax(76561197989383835) | Spawning Concrete Wall Kit (Exile_Item_ConcreteWallKit) on Madlax!
11.02.2019 01:44:15: Madlax(76561197989383835) | Spawning Concrete Wall Kit (Exile_Item_ConcreteWallKit) on Madlax!
11.02.2019 01:45:01: Madlax(76561197989383835) | Spawning Concrete Floor Kit (Exile_Item_ConcreteFloorKit) on Madlax!
11.02.2019 01:45:01: Madlax(76561197989383835) | Spawning Concrete Floor Kit (Exile_Item_ConcreteFloorKit) on Madlax!
11.02.2019 01:45:01: Madlax(76561197989383835) | Spawning Concrete Floor Kit (Exile_Item_ConcreteFloorKit) on Madlax!
11.02.2019 01:45:02: Madlax(76561197989383835) | Spawning Concrete Floor Kit (Exile_Item_ConcreteFloorKit) on Madlax!
11.02.2019 01:45:02: Madlax(76561197989383835) | Spawning Concrete Floor Kit (Exile_Item_ConcreteFloorKit) on Madlax!
11.02.2019 01:45:02: Madlax(76561197989383835) | Spawning Concrete Floor Kit (Exile_Item_ConcreteFloorKit) on Madlax!
11.02.2019 01:45:03: Madlax(76561197989383835) | Spawning Concrete Floor Kit (Exile_Item_ConcreteFloorKit) on Madlax!
11.02.2019 01:45:03: Madlax(76561197989383835) | Spawning Concrete Floor Kit (Exile_Item_ConcreteFloorKit) on Madlax!
11.02.2019 01:45:03: Madlax(76561197989383835) | Spawning Concrete Floor Kit (Exile_Item_ConcreteFloorKit) on Madlax!
11.02.2019 01:45:03: Madlax(76561197989383835) | Spawning Concrete Floor Kit (Exile_Item_ConcreteFloorKit) on Madlax!
11.02.2019 01:46:26: Madlax(76561197989383835) | Spawning Concrete Floor Kit (Exile_Item_ConcreteFloorKit) on Madlax!
11.02.2019 01:46:26: Madlax(76561197989383835) | Spawning Concrete Floor Kit (Exile_Item_ConcreteFloorKit) on Madlax!
11.02.2019 01:46:26: Madlax(76561197989383835) | Spawning Concrete Floor Kit (Exile_Item_ConcreteFloorKit) on Madlax!
11.02.2019 01:46:26: Madlax(76561197989383835) | Spawning Concrete Floor Kit (Exile_Item_ConcreteFloorKit) on Madlax!
11.02.2019 01:46:27: Madlax(76561197989383835) | Spawning Concrete Floor Kit (Exile_Item_ConcreteFloorKit) on Madlax!
11.02.2019 01:46:27: Madlax(76561197989383835) | Spawning Concrete Floor Kit (Exile_Item_ConcreteFloorKit) on Madlax!
11.02.2019 01:46:27: Madlax(76561197989383835) | Spawning Concrete Floor Kit (Exile_Item_ConcreteFloorKit) on Madlax!
11.02.2019 01:47:12: Madlax(76561197989383835) | Deleting GroundWeaponHolder @143130..
11.02.2019 01:47:18: Madlax(76561197989383835) | Spawning Concrete Wall Kit (Exile_Item_ConcreteWallKit) on Madlax!
11.02.2019 01:47:19: Madlax(76561197989383835) | Spawning Concrete Wall Kit (Exile_Item_ConcreteWallKit) on Madlax!
11.02.2019 01:47:19: Madlax(76561197989383835) | Spawning Concrete Wall Kit (Exile_Item_ConcreteWallKit) on Madlax!
11.02.2019 01:47:19: Madlax(76561197989383835) | Spawning Concrete Wall Kit (Exile_Item_ConcreteWallKit) on Madlax!
11.02.2019 01:47:19: Madlax(76561197989383835) | Spawning Concrete Wall Kit (Exile_Item_ConcreteWallKit) on Madlax!
11.02.2019 01:47:20: Madlax(76561197989383835) | Spawning Concrete Wall Kit (Exile_Item_ConcreteWallKit) on Madlax!
11.02.2019 01:47:20: Madlax(76561197989383835) | Spawning Concrete Wall Kit (Exile_Item_ConcreteWallKit) on Madlax!
11.02.2019 01:47:20: Madlax(76561197989383835) | Spawning Concrete Wall Kit (Exile_Item_ConcreteWallKit) on Madlax!
11.02.2019 01:47:20: Madlax(76561197989383835) | Spawning Concrete Wall Kit (Exile_Item_ConcreteWallKit) on Madlax!
11.02.2019 01:47:21: Madlax(76561197989383835) | Spawning Concrete Wall Kit (Exile_Item_ConcreteWallKit) on Madlax!
11.02.2019 01:49:03: Madlax(76561197989383835) | Deleting Exile_Construction_ConcreteWall_Static @143130..
11.02.2019 01:49:48: Madlax(76561197989383835) | Spawning Concrete Stairs Kit (Exile_Item_ConcreteStairsKit) on Madlax!
