extDB2: Version: 70
extDB2: https://github.com/Torndeco/extDB2
extDB2: Windows Version
Message: All development for extDB2 is done on a Linux Dedicated Server
Message: If you would like to Donate to extDB2 Development
Message: https://www.paypal.com/cgi-bin/webscr?cmd=_s-xclick&hosted_button_id=2SUEFTGABTAM2
Message: Also leave a message if there is any particular feature you would like to see added.
Message: Thanks for all the people that have donated.
Message: Torndeco: 20/02/15


extDB2: Found extdb-conf.ini
extDB2: Detected 12 Cores, Setting up 6 Worker Threads


[23:40:31:359949 +00:-1] [Thread 7292] extDB2: Database Type: MySQL
[23:40:31:407826 +00:-1] [Thread 7292] extDB2: Database Session Pool Started
[23:40:31:412178 +00:-1] [Thread 7292] extDB2: SQL_CUSTOM_V2: Loading Template Filename: C:\Program Files (x86)\Steam\steamapps\common\Arma 3 Server\@ExileServer\extDB\sql_custom_v2\exile.ini
[23:40:31:412597 +00:-1] [Thread 7292] extDB2: SQL_CUSTOM_V2: Version 12 Detected, Latest Version 12 Available
[23:41:53:287172 +00:-1] [Thread 7292] extDB2: SQL_CUSTOM_V2: Error StatementException: MySQL: [MySQL]: [Comment]: mysql_stmt_execute error	[mysql_stmt_error]: Field 'assigned_items' doesn't have a default value	[mysql_stmt_errno]: 1364	[mysql_stmt_sqlstate]: HY000	[statemnt]: INSERT INTO player SET account_uid = ?, name = ?
[23:41:53:287347 +00:-1] [Thread 7292] extDB2: SQL_CUSTOM_V2: Wiping Statements + Session
[23:41:53:287394 +00:-1] [Thread 7292] extDB2: SQL_CUSTOM_V2: Error: UniqueID: 1 Input String: createPlayer:76561198065853636:Steve Jobs
[23:44:16:183759 +00:-1] [Thread 7292] extDB2: SQL_CUSTOM_V2: Error StatementException: MySQL: [MySQL]: [Comment]: mysql_stmt_execute error	[mysql_stmt_error]: Field 'assigned_items' doesn't have a default value	[mysql_stmt_errno]: 1364	[mysql_stmt_sqlstate]: HY000	[statemnt]: INSERT INTO player SET account_uid = ?, name = ?
[23:44:16:183907 +00:-1] [Thread 7292] extDB2: SQL_CUSTOM_V2: Wiping Statements + Session
[23:44:16:183949 +00:-1] [Thread 7292] extDB2: SQL_CUSTOM_V2: Error: UniqueID: 1 Input String: createPlayer:76561198065853636:Steve Jobs
