extDB2: Version: 70
extDB2: https://github.com/Torndeco/extDB2
extDB2: Windows Version
Message: All development for extDB2 is done on a Linux Dedicated Server
Message: If you would like to Donate to extDB2 Development
Message: https://www.paypal.com/cgi-bin/webscr?cmd=_s-xclick&hosted_button_id=2SUEFTGABTAM2
Message: Also leave a message if there is any particular feature you would like to see added.
Message: Thanks for all the people that have donated.
Message: Torndeco: 20/02/15


extDB2: Found extdb-conf.ini
extDB2: Detected 12 Cores, Setting up 6 Worker Threads


[00:32:31:362860 +00:-1] [Thread 9212] extDB2: Database Type: MySQL
[00:32:31:409674 +00:-1] [Thread 9212] extDB2: Database Session Pool Started
[00:32:31:413934 +00:-1] [Thread 9212] extDB2: SQL_CUSTOM_V2: Loading Template Filename: C:\Program Files (x86)\Steam\steamapps\common\Arma 3 Server\@ExileServer\extDB\sql_custom_v2\exile.ini
[00:32:31:414359 +00:-1] [Thread 9212] extDB2: SQL_CUSTOM_V2: Version 12 Detected, Latest Version 12 Available
[00:33:34:383838 +00:-1] [Thread 9212] extDB2: SQL_CUSTOM_V2: Error StatementException: MySQL: [MySQL]: [Comment]: mysql_stmt_execute error	[mysql_stmt_error]: Field 'assigned_items' doesn't have a default value	[mysql_stmt_errno]: 1364	[mysql_stmt_sqlstate]: HY000	[statemnt]: INSERT INTO player SET account_uid = ?, name = ?
[00:33:34:384010 +00:-1] [Thread 9212] extDB2: SQL_CUSTOM_V2: Wiping Statements + Session
[00:33:34:384054 +00:-1] [Thread 9212] extDB2: SQL_CUSTOM_V2: Error: UniqueID: 1 Input String: createPlayer:76561198065853636:Steve Jobs
[00:38:59:323382 +00:-1] [Thread 9212] extDB2: SQL_CUSTOM_V2: Error StatementException: MySQL: [MySQL]: [Comment]: mysql_stmt_execute error	[mysql_stmt_error]: Field 'backpack' doesn't have a default value	[mysql_stmt_errno]: 1364	[mysql_stmt_sqlstate]: HY000	[statemnt]: INSERT INTO player SET account_uid = ?, name = ?
[00:38:59:323534 +00:-1] [Thread 9212] extDB2: SQL_CUSTOM_V2: Wiping Statements + Session
[00:38:59:323576 +00:-1] [Thread 9212] extDB2: SQL_CUSTOM_V2: Error: UniqueID: 1 Input String: createPlayer:76561198065853636:Steve Jobs
[00:40:32:881148 +00:-1] [Thread 9212] extDB2: SQL_CUSTOM_V2: Error StatementException: MySQL: [MySQL]: [Comment]: mysql_stmt_execute error	[mysql_stmt_error]: Field 'backpack_items' doesn't have a default value	[mysql_stmt_errno]: 1364	[mysql_stmt_sqlstate]: HY000	[statemnt]: INSERT INTO player SET account_uid = ?, name = ?
[00:40:32:881301 +00:-1] [Thread 9212] extDB2: SQL_CUSTOM_V2: Wiping Statements + Session
[00:40:32:881343 +00:-1] [Thread 9212] extDB2: SQL_CUSTOM_V2: Error: UniqueID: 1 Input String: createPlayer:76561198065853636:Steve Jobs
