=====================================================================
== C:\Arma\Server\arma3server.exe
== "C:\Arma\Server\arma3server.exe"  -port=2902 "-config=C:\Arma\Server\TADST\DrunkenMongsExileDev\TADST_config.cfg" "-cfg=C:\Arma\Server\TADST\DrunkenMongsExileDev\TADST_basic.cfg" "-profiles=C:\Arma\Server\TADST\DrunkenMongsExileDev" -name=DrunkenMongsExileDev -filePatching "-mod=@Exile;@ExileServer;@infiSTAR_Exile" -autoInit

Original output filename: Arma3Retail_Server
Exe timestamp: 2018/12/11 20:45:35
Current time:  2019/01/19 15:56:00

Type: Public
Build: Stable
Version: 1.88.145285

Allocator: C:\Arma\Server\Dll\tbb4malloc_bi.dll [2017.0.0.0] [2017.0.0.0]
PhysMem: 64 GiB, VirtMem : 4.0 GiB, AvailPhys : 61 GiB, AvailVirt : 3.9 GiB, AvailPage : 65 GiB
=====================================================================

15:56:00 SteamAPI initialization failed. Steam features won't be accessible!
15:56:00 Cannot register unknown string STR_3DEN_CAMERA_NAME
15:56:00 Cannot register unknown string STR_DIFF_SCENE_ONLY
15:56:00 Cannot register unknown string STR_DIFF_SCENE_AND_MAP
15:56:01 Initializing stats manager.
15:56:01 Stats config disabled.
15:56:01 sessionID: b1cf9f5871b48cb75f466fdc8a4960128d2a2dee
15:56:11 Item str_a3_to_c01_m02_036_ta_mechanized_briefing_SOLDIERC_0 listed twice
15:56:22 Updating base class ->Wreck, by a3\data_f\config.bin/CfgVehicles/PlaneWreck/ (original a3\data_f\config.bin)
15:56:22 Updating base class RscShortcutButton->RscButton, by a3\editor_f\config.bin/RscDisplayEditObject/Controls/B_OK/ (original bin\config.bin)
15:56:22 Updating base class RscSliderH->RscXSliderH, by a3\editor_f\config.bin/RscDisplayEditObject/Slider/ (original bin\config.bin)
15:56:22 Updating base class RscText->RscPicture, by a3\editor_f\config.bin/RscDisplayEditObject/Preview/ (original bin\config.bin)
15:56:22 Updating base class RscShortcutButton->RscButton, by a3\editor_f\config.bin/RscDisplayMissionLoad/Controls/B_OK/ (original bin\config.bin)
15:56:22 Updating base class RscShortcutButton->RscButton, by a3\editor_f\config.bin/RscDisplayMissionSave/Controls/B_OK/ (original bin\config.bin)
15:56:22 Updating base class ->RscControlsGroup, by a3\ui_f\config.bin/RscControlsGroupNoScrollbars/ (original a3\ui_f\config.bin)
15:56:22 Updating base class ->RscControlsGroup, by a3\ui_f\config.bin/RscControlsGroupNoHScrollbars/ (original a3\ui_f\config.bin)
15:56:22 Updating base class ->RscControlsGroup, by a3\ui_f\config.bin/RscControlsGroupNoVScrollbars/ (original a3\ui_f\config.bin)
15:56:22 Updating base class ->RscText, by a3\ui_f\config.bin/RscLine/ (original a3\ui_f\config.bin)
15:56:22 Updating base class ->RscActiveText, by a3\ui_f\config.bin/RscActivePicture/ (original a3\ui_f\config.bin)
15:56:22 Updating base class ->RscButton, by a3\ui_f\config.bin/RscButtonTextOnly/ (original a3\ui_f\config.bin)
15:56:22 Updating base class ->RscShortcutButton, by a3\ui_f\config.bin/RscShortcutButtonMain/ (original a3\ui_f\config.bin)
15:56:22 Updating base class ->RscShortcutButton, by a3\ui_f\config.bin/RscButtonEditor/ (original a3\ui_f\config.bin)
15:56:22 Updating base class ->RscShortcutButton, by a3\ui_f\config.bin/RscIGUIShortcutButton/ (original a3\ui_f\config.bin)
15:56:22 Updating base class ->RscShortcutButton, by a3\ui_f\config.bin/RscGearShortcutButton/ (original a3\ui_f\config.bin)
15:56:22 Updating base class ->RscShortcutButton, by a3\ui_f\config.bin/RscButtonMenu/ (original a3\ui_f\config.bin)
15:56:22 Updating base class ->RscButtonMenu, by a3\ui_f\config.bin/RscButtonMenuOK/ (original a3\ui_f\config.bin)
15:56:22 Updating base class ->RscButtonMenu, by a3\ui_f\config.bin/RscButtonMenuCancel/ (original a3\ui_f\config.bin)
15:56:22 Updating base class ->RscButtonMenu, by a3\ui_f\config.bin/RscButtonMenuSteam/ (original a3\ui_f\config.bin)
15:56:22 Updating base class ->RscText, by a3\ui_f\config.bin/RscLoadingText/ (original a3\ui_f\config.bin)
15:56:22 Updating base class ->RscListBox, by a3\ui_f\config.bin/RscIGUIListBox/ (original a3\ui_f\config.bin)
15:56:22 Updating base class ->RscListNBox, by a3\ui_f\config.bin/RscIGUIListNBox/ (original a3\ui_f\config.bin)
15:56:22 Updating base class ->RscText, by a3\ui_f\config.bin/RscBackground/ (original a3\ui_f\config.bin)
15:56:22 Updating base class ->RscText, by a3\ui_f\config.bin/RscBackgroundGUI/ (original a3\ui_f\config.bin)
15:56:22 Updating base class ->RscPicture, by a3\ui_f\config.bin/RscBackgroundGUILeft/ (original a3\ui_f\config.bin)
15:56:22 Updating base class ->RscPicture, by a3\ui_f\config.bin/RscBackgroundGUIRight/ (original a3\ui_f\config.bin)
15:56:22 Updating base class ->RscPicture, by a3\ui_f\config.bin/RscBackgroundGUIBottom/ (original a3\ui_f\config.bin)
15:56:22 Updating base class ->RscText, by a3\ui_f\config.bin/RscBackgroundGUITop/ (original a3\ui_f\config.bin)
15:56:22 Updating base class ->RscText, by a3\ui_f\config.bin/RscBackgroundGUIDark/ (original a3\ui_f\config.bin)
15:56:22 Updating base class ->RscPictureKeepAspect, by a3\ui_f\config.bin/RscBackgroundLogo/ (original a3\ui_f\config.bin)
15:56:22 Updating base class ->RscMapControl, by a3\ui_f\config.bin/RscMapControlEmpty/ (original a3\ui_f\config.bin)
15:56:22 Updating base class ->RscPicture, by a3\ui_f\config.bin/CA_Mainback/ (original a3\ui_f\config.bin)
15:56:22 Updating base class ->CA_Mainback, by a3\ui_f\config.bin/CA_Back/ (original a3\ui_f\config.bin)
15:56:22 Updating base class ->CA_Mainback, by a3\ui_f\config.bin/CA_Title_Back/ (original a3\ui_f\config.bin)
15:56:22 Updating base class ->CA_Mainback, by a3\ui_f\config.bin/CA_Black_Back/ (original a3\ui_f\config.bin)
15:56:22 Updating base class ->RscTitle, by a3\ui_f\config.bin/CA_Title/ (original a3\ui_f\config.bin)
15:56:22 Updating base class ->RscPictureKeepAspect, by a3\ui_f\config.bin/CA_Logo/ (original a3\ui_f\config.bin)
15:56:22 Updating base class ->CA_Logo, by a3\ui_f\config.bin/CA_Logo_Small/ (original a3\ui_f\config.bin)
15:56:22 Updating base class ->RscButton, by a3\ui_f\config.bin/CA_RscButton/ (original a3\ui_f\config.bin)
15:56:22 Updating base class ->CA_RscButton, by a3\ui_f\config.bin/CA_RscButton_dialog/ (original a3\ui_f\config.bin)
15:56:22 Updating base class ->RscActiveText, by a3\ui_f\config.bin/CA_Ok/ (original a3\ui_f\config.bin)
15:56:22 Updating base class ->RscText, by a3\ui_f\config.bin/CA_Ok_image/ (original a3\ui_f\config.bin)
15:56:22 Updating base class ->RscText, by a3\ui_f\config.bin/CA_Ok_image2/ (original a3\ui_f\config.bin)
15:56:22 Updating base class ->RscText, by a3\ui_f\config.bin/CA_Ok_text/ (original a3\ui_f\config.bin)
15:56:22 Updating base class ->RscPicture, by a3\ui_f\config.bin/RscVignette/ (original a3\ui_f\config.bin)
15:56:22 Updating base class ->RscControlsGroupNoScrollbars, by a3\ui_f\config.bin/RscMapControlTooltip/ (original a3\ui_f\config.bin)
15:56:22 Updating base class RscUnitInfo->RscUnitInfoAirNoWeapon, by a3\ui_f\config.bin/RscInGameUI/RscUnitInfoAir/ (original a3\ui_f\config.bin)
15:56:22 Updating base class RscControlsGroup->RscControlsGroupNoScrollbars, by a3\ui_f\config.bin/RscInGameUI/RscTaskOverview/controls/TaskOverviewAssigned/ (original bin\config.bin)
15:56:22 Updating base class RscShortcutButton->RscButtonMenu, by a3\ui_f\config.bin/RscDisplayDebug/Controls/B_OK/ (original bin\config.bin)
15:56:22 Updating base class RscShortcutButton->RscButtonMenu, by a3\ui_f\config.bin/RscDisplayDebug/Controls/B_Cancel/ (original bin\config.bin)
15:56:22 Updating base class RscShortcutButton->RscButtonMenu, by a3\ui_f\config.bin/RscDisplayDebug/Controls/B_Clear/ (original bin\config.bin)
15:56:22 Updating base class ->RscText, by a3\ui_f\config.bin/RscDisplayCapture/controls/TimeLines/ (original bin\config.bin)
15:56:22 Updating base class RscShortcutButton->RscButtonMenu, by a3\ui_f\config.bin/RscDisplayCapture/controls/ButtonAverages/ (original bin\config.bin)
15:56:22 Updating base class RscShortcutButton->RscButtonMenu, by a3\ui_f\config.bin/RscDisplayCapture/controls/ButtonSavePreviousData/ (original bin\config.bin)
15:56:22 Updating base class RscShortcutButton->RscButtonMenu, by a3\ui_f\config.bin/RscDisplayCapture/controls/ButtonPreviousData/ (original bin\config.bin)
15:56:22 Updating base class RscPicture->RscPictureKeepAspect, by a3\ui_f\config.bin/RscDisplayMain/IconPicture/ (original bin\config.bin)
15:56:22 Updating base class IconPicture->RscPictureKeepAspect, by a3\ui_f\config.bin/RscDisplayMain/DlcOwnedIconPicture/ (original a3\ui_f\config.bin)
15:56:22 Updating base class IconPicture->RscPictureKeepAspect, by a3\ui_f\config.bin/RscDisplayMain/DlcIconPicture/ (original a3\ui_f\config.bin)
15:56:22 Updating base class RscControlsGroup->RscControlsGroupNoScrollbars, by a3\ui_f\config.bin/RscDisplayCampaignLoad/controls/OverviewGroup/ (original bin\config.bin)
15:56:22 Updating base class RscButton->RscButtonSearch, by a3\ui_f\config.bin/RscDisplayCampaignLoad/controls/SearchButton/ (original bin\config.bin)
15:56:22 Updating base class RscShortcutButton->RscButtonMenuCancel, by a3\ui_f\config.bin/RscDisplayCampaignLoad/controls/ButtonCancel/ (original bin\config.bin)
15:56:22 Updating base class RscShortcutButton->RscButtonMenu, by a3\ui_f\config.bin/RscDisplayCampaignLoad/controls/ButtonGameOptions/ (original bin\config.bin)
15:56:22 Updating base class RscShortcutButton->RscButtonMenuSteam, by a3\ui_f\config.bin/RscDisplayCampaignLoad/controls/ButtonBuyDLC/ (original bin\config.bin)
15:56:22 Updating base class RscShortcutButton->RscButtonMenu, by a3\ui_f\config.bin/RscDisplayCampaignLoad/controls/ButtonRevert/ (original bin\config.bin)
15:56:22 Updating base class RscShortcutButton->RscButtonMenuOK, by a3\ui_f\config.bin/RscDisplayCampaignLoad/controls/ButtonOK/ (original bin\config.bin)
15:56:22 Updating base class RscListBox->RscCombo, by a3\ui_f\config.bin/RscDisplayCustomizeController/Steepness/ (original bin\config.bin)
15:56:22 Updating base class ->RscStandardDisplay, by a3\ui_f\config.bin/RscDisplayControlSchemes/ (original bin\config.bin)
15:56:22 Updating base class ButtonOK->RscButtonMenuCancel, by a3\ui_f\config.bin/RscDisplayControlSchemes/controls/ButtonCancel/ (original bin\config.bin)
15:56:22 Updating base class RscButton->RscButtonMenuOK, by a3\ui_f\config.bin/RscDisplayControlSchemes/controls/ButtonOK/ (original bin\config.bin)
15:56:22 Updating base class RscPicture->RscPictureKeepAspect, by a3\ui_f\config.bin/RscDisplayFileSelectImage/controls/OverviewPicture/ (original bin\config.bin)
15:56:22 Updating base class RscShortcutButton->RscButtonMenuCancel, by a3\ui_f\config.bin/RscDisplayFieldManual/Controls/ButtonCancel/ (original bin\config.bin)
15:56:22 Cannot delete class B_KickOff, it is referenced somewhere (used as a base class probably).
15:56:22 Updating base class RscButton->RscButtonMenuCancel, by a3\ui_f\config.bin/RscDisplayPublishMission/controls/ButtonCancel/ (original bin\config.bin)
15:56:22 Updating base class RscShortcutButton->RscButtonMenuOK, by a3\ui_f\config.bin/RscDisplayPublishMissionSelectTags/controls/ButtonOK/ (original bin\config.bin)
15:56:22 Updating base class ButtonOK->RscButtonMenuCancel, by a3\ui_f\config.bin/RscDisplayPublishMissionSelectTags/controls/ButtonCancel/ (original bin\config.bin)
15:56:23 Updating base class ->RscSubmenu, by a3\ui_f\config.bin/RscMainMenu/ (original bin\config.bin)
15:56:23 Updating base class None->ActiveSensorsOn, by a3\ui_f\config.bin/CfgActions/ActiveSensorsOff/ (original bin\config.bin)
15:56:23 Updating base class None->ListRightVehicleDisplay, by a3\ui_f\config.bin/CfgActions/ListLeftVehicleDisplay/ (original bin\config.bin)
15:56:23 Updating base class None->ListPrevRightVehicleDisplay, by a3\ui_f\config.bin/CfgActions/ListPrevLeftVehicleDisplay/ (original bin\config.bin)
15:56:23 Updating base class None->CloseRightVehicleDisplay, by a3\ui_f\config.bin/CfgActions/CloseLeftVehicleDisplay/ (original bin\config.bin)
15:56:23 Updating base class None->NextModeRightVehicleDisplay, by a3\ui_f\config.bin/CfgActions/NextModeLeftVehicleDisplay/ (original bin\config.bin)
15:56:23 Updating base class ->DistanceClose, by a3\ui_f\config.bin/CfgSimpleTasks/Icon3D/DistanceMid/ (original bin\config.bin)
15:56:23 Updating base class ->DistanceClose, by a3\ui_f\config.bin/CfgSimpleTasks/Icon3D/DistanceLong/ (original bin\config.bin)
15:56:23 Updating base class ->VehicleMagazine, by a3\weapons_f\config.bin/CfgMagazines/24Rnd_missiles/ (original a3\weapons_f\config.bin)
15:56:23 Updating base class ->RocketPods, by a3\weapons_f\config.bin/CfgWeapons/missiles_DAR/ (original a3\weapons_f\config.bin)
15:56:23 Updating base class ->ctrlDefaultText, by a3\3den\config.bin/ctrlStatic/ (original a3\3den\config.bin)
15:56:23 Updating base class ->ctrlActiveText, by a3\3den\config.bin/ctrlActivePicture/ (original a3\3den\config.bin)
15:56:23 Updating base class ->ctrlDefaultText, by a3\3den\config.bin/ctrlStructuredText/ (original a3\3den\config.bin)
15:56:23 Updating base class ->ctrlControlsGroup, by a3\3den\config.bin/ctrlControlsGroupNoScrollbars/ (original a3\3den\config.bin)
15:56:23 Updating base class ->ctrlDefault, by a3\3den\config.bin/ctrlCheckbox/ (original a3\3den\config.bin)
15:56:23 Updating base class ->ctrlCheckbox, by a3\3den\config.bin/ctrlCheckboxBaseline/ (original a3\3den\config.bin)
15:56:23 Updating base class RscText->ctrlStaticBackgroundDisable, by a3\3den\config.bin/RscDisplayOptionsAudio/ControlsBackground/BackgroundDisable/ (original a3\3den\config.bin)
15:56:23 Updating base class RscText->ctrlStaticBackgroundDisableTiles, by a3\3den\config.bin/RscDisplayOptionsAudio/ControlsBackground/BackgroundDisableTiles/ (original a3\3den\config.bin)
15:56:23 Updating base class RscText->ctrlStaticBackgroundDisable, by a3\3den\config.bin/RscDisplayConfigure/ControlsBackground/BackgroundDisable/ (original a3\3den\config.bin)
15:56:23 Updating base class RscText->ctrlStaticBackgroundDisableTiles, by a3\3den\config.bin/RscDisplayConfigure/ControlsBackground/BackgroundDisableTiles/ (original a3\3den\config.bin)
15:56:23 Updating base class RscText->ctrlStaticBackgroundDisable, by a3\3den\config.bin/RscDisplayConfigureAction/ControlsBackground/BackgroundDisable/ (original a3\3den\config.bin)
15:56:23 Updating base class RscText->ctrlStaticBackgroundDisableTiles, by a3\3den\config.bin/RscDisplayConfigureAction/ControlsBackground/BackgroundDisableTiles/ (original a3\3den\config.bin)
15:56:23 Updating base class RscText->ctrlStaticBackgroundDisable, by a3\3den\config.bin/RscDisplayConfigureControllers/ControlsBackground/BackgroundDisable/ (original a3\3den\config.bin)
15:56:23 Updating base class RscText->ctrlStaticBackgroundDisableTiles, by a3\3den\config.bin/RscDisplayConfigureControllers/ControlsBackground/BackgroundDisableTiles/ (original a3\3den\config.bin)
15:56:23 Updating base class RscText->ctrlStaticBackgroundDisable, by a3\3den\config.bin/RscDisplayGameOptions/ControlsBackground/BackgroundDisable/ (original a3\3den\config.bin)
15:56:23 Updating base class RscText->ctrlStaticBackgroundDisableTiles, by a3\3den\config.bin/RscDisplayGameOptions/ControlsBackground/BackgroundDisableTiles/ (original a3\3den\config.bin)
15:56:23 Updating base class controls->, by a3\3den\config.bin/RscDisplayArcadeMap_Layout_2/Controls/ (original a3\ui_f\config.bin)
15:56:23 Updating base class controls->, by a3\3den\config.bin/RscDisplayArcadeMap_Layout_6/Controls/ (original a3\ui_f\config.bin)
15:56:23 Updating base class ->ctrlControlsGroupNoScrollbars, by a3\3den\config.bin/Cfg3DEN/Attributes/Default/ (original a3\3den\config.bin)
15:56:23 Updating base class ->ctrlStatic, by a3\3den\config.bin/Cfg3DEN/Attributes/Title/Controls/Title/ (original a3\3den\config.bin)
15:56:23 Updating base class ->Controls, by a3\3den\config.bin/Cfg3DEN/Attributes/Toolbox/Controls/ (original a3\modules_f\config.bin)
15:56:23 Updating base class ->Title, by a3\3den\config.bin/Cfg3DEN/Attributes/Toolbox/Controls/Title/ (original a3\3den\config.bin)
15:56:23 Updating base class ->ctrlToolbox, by a3\3den\config.bin/Cfg3DEN/Attributes/Toolbox/Controls/Value/ (original a3\3den\config.bin)
15:56:24 Updating base class ListRightVehicleDisplay->None, by exile_client\config.bin/CfgActions/ListLeftVehicleDisplay/ (original bin\config.bin)
15:56:24 Updating base class ListPrevRightVehicleDisplay->None, by exile_client\config.bin/CfgActions/ListPrevLeftVehicleDisplay/ (original bin\config.bin)
15:56:24 Updating base class CloseRightVehicleDisplay->None, by exile_client\config.bin/CfgActions/CloseLeftVehicleDisplay/ (original bin\config.bin)
15:56:24 Updating base class NextModeRightVehicleDisplay->None, by exile_client\config.bin/CfgActions/NextModeLeftVehicleDisplay/ (original bin\config.bin)
15:56:24 Updating base class B_Soldier_02_f->B_Soldier_base_F, by exile_client\config.bin/CfgVehicles/B_Story_SF_Captain_F/ (original a3\characters_f\config.bin)
15:56:24 Cannot delete class BackgroundSlotPrimary, it is referenced somewhere (used as a base class probably).
15:56:24 Updating base class RscStandardDisplay->, by exile_client\config.bin/RscDisplayMain/ (original bin\config.bin)
15:56:24 Updating base class RscPicture->RscText, by exile_client\config.bin/RscDisplayVoiceChat/controls/Picture/ (original a3\ui_f\config.bin)
15:56:24 Updating base class ->Plane, by exile_psycho_an2\config.bin/CfgVehicles/an2_base/ (original exile_psycho_an2\config.bin)
15:56:24 Updating base class ->BRDM2_HQ_Base, by exile_psycho_brdm\config.bin/CfgVehicles/BRDM2_HQ_CHDKZ/ (original exile_psycho_brdm\config.bin)
15:56:24 Updating base class ->Car_F, by exile_psycho_btr40\config.bin/CfgVehicles/BTR40_MG_base_EP1/ (original exile_psycho_btr40\config.bin)
15:56:24 Updating base class ->BTR40_MG_base_EP1, by exile_psycho_btr40\config.bin/CfgVehicles/BTR40_base_EP1/ (original exile_psycho_btr40\config.bin)
15:56:24 Updating base class ->Car_F, by exile_psycho_gaz_volha\config.bin/CfgVehicles/volha_Base/ (original exile_psycho_gaz_volha\config.bin)
15:56:24 Updating base class ->HMMWV_Base, by exile_psycho_hmmw\config.bin/CfgVehicles/HMMWV_M2/ (original exile_psycho_hmmw\config.bin)
15:56:24 Updating base class ->HMMWV_Base, by exile_psycho_hmmw\config.bin/CfgVehicles/HMMWV_M134/ (original exile_psycho_hmmw\config.bin)
15:56:24 Updating base class ->HMMWV_Base, by exile_psycho_hmmw\config.bin/CfgVehicles/HMMWV_UNA/ (original exile_psycho_hmmw\config.bin)
15:56:24 Updating base class ->HMMWV_UNA, by exile_psycho_hmmw\config.bin/CfgVehicles/HMMWV_MEV/ (original exile_psycho_hmmw\config.bin)
15:56:24 Updating base class ->Ikarus_Base, by exile_psycho_ikarus\config.bin/CfgVehicles/Ikarus_Civ_02/ (original exile_psycho_ikarus\config.bin)
15:56:24 Updating base class ->Car_F, by exile_psycho_lada\config.bin/CfgVehicles/Lada_Base/ (original exile_psycho_lada\config.bin)
15:56:24 Updating base class ->Landrover_civ, by exile_psycho_lrc\config.bin/CfgVehicles/Landrover_Civ_02/ (original exile_psycho_lrc\config.bin)
15:56:24 Updating base class ->Landrover_civ, by exile_psycho_lrc\config.bin/CfgVehicles/LR_Ambulance_Base/ (original exile_psycho_lrc\config.bin)
15:56:24 Updating base class ->Octavia_Base, by exile_psycho_octavia\config.bin/CfgVehicles/Octavia_Civ_01/ (original exile_psycho_octavia\config.bin)
15:56:24 Updating base class ->Car_F, by exile_psycho_suv_a3\config.bin/CfgVehicles/SUV_Base/ (original exile_psycho_suv_a3\config.bin)
15:56:24 Updating base class ->Car_F, by exile_psycho_suvarm_a3\config.bin/cfgVehicles/SUV_armored_Base/ (original exile_psycho_suvarm_a3\config.bin)
15:56:24 Updating base class ->Car_F, by exile_psycho_tractor\config.bin/CfgVehicles/Tractor_Base/ (original exile_psycho_tractor\config.bin)
15:56:24 Updating base class ->Tractor_Base, by exile_psycho_tractor\config.bin/CfgVehicles/tractorOld/ (original exile_psycho_tractor\config.bin)
15:56:24 Updating base class ->Offroad_01_base_F, by exile_psycho_uaz\config.bin/CfgVehicles/UAZ_Base/ (original exile_psycho_uaz\config.bin)
15:56:24 Updating base class ->UAZ_Base, by exile_psycho_uaz\config.bin/CfgVehicles/UAZ_Open_Base/ (original exile_psycho_uaz\config.bin)
15:56:24 Updating base class ->UH1H_Closed, by exile_psycho_uh1h\config.bin/CfgVehicles/UH1H_Clo/ (original exile_psycho_uh1h\config.bin)
15:56:24 Updating base class ->UH1HL_base, by exile_psycho_uh1h\config.bin/CfgVehicles/UH1H_M240/ (original exile_psycho_uh1h\config.bin)
15:56:24 Updating base class ->Ural_Base, by exile_psycho_ural\config.bin/CfgVehicles/Ural_RU/ (original exile_psycho_ural\config.bin)
15:56:24 Updating base class ->Ural_Open_Base, by exile_psycho_ural\config.bin/CfgVehicles/Ural_Open_RU/ (original exile_psycho_ural\config.bin)
15:56:24 Updating base class ->Truck_F, by exile_psycho_v3s\config.bin/CfgVehicles/V3S_base/ (original exile_psycho_v3s\config.bin)
15:56:24 Updating base class ->V3S_base, by exile_psycho_v3s\config.bin/CfgVehicles/V3S_Base_EP1/ (original exile_psycho_v3s\config.bin)
15:56:24 Updating base class KIA_Golf_Driver->DefaultDie, by exile_psycho_vwgolf\config.bin/CfgMovesMaleSdr/States/KIA_Golf_Cargo01/ (original exile_psycho_lada\config.bin)
15:56:24 Updating base class KIA_Golf_Driver->DefaultDie, by exile_psycho_vwgolf\config.bin/CfgMovesMaleSdr/States/KIA_Golf_Cargo02/ (original exile_psycho_lada\config.bin)
15:56:24 Updating base class KIA_Golf_Driver->DefaultDie, by exile_psycho_vwgolf\config.bin/CfgMovesMaleSdr/States/KIA_Golf_Cargo03/ (original exile_psycho_lada\config.bin)
15:56:24 Updating base class ->Golf_Base, by exile_psycho_vwgolf\config.bin/CfgVehicles/Golf_Civ_Base/ (original exile_psycho_vwgolf\config.bin)
15:56:24 Updating base class ->CA_Magazine, by exile_psycho_weapons\arifle\ak\config.bin/cfgmagazines/75Rnd_Green_Tracer_545x39_RPK/ (original exile_psycho_weapons\arifle\ak\config.bin)
15:56:24 Updating base class ->75Rnd_Green_Tracer_545x39_RPK, by exile_psycho_weapons\arifle\ak\config.bin/cfgmagazines/45Rnd_Green_Tracer_545x39_RPK/ (original exile_psycho_weapons\arifle\ak\config.bin)
15:56:24 Updating base class ->CA_Magazine, by exile_psycho_weapons\arifle\ak\config.bin/cfgmagazines/30Rnd_545x39_AK/ (original exile_psycho_weapons\arifle\ak\config.bin)
15:56:24 Updating base class ->30Rnd_545x39_AK, by exile_psycho_weapons\arifle\ak\config.bin/cfgmagazines/30Rnd_Green_Tracer_545x39_AK/ (original exile_psycho_weapons\arifle\ak\config.bin)
15:56:24 Updating base class ->30Rnd_545x39_AK, by exile_psycho_weapons\arifle\ak\config.bin/cfgmagazines/30Rnd_Red_Tracer_545x39_AK/ (original exile_psycho_weapons\arifle\ak\config.bin)
15:56:24 Updating base class ->30Rnd_545x39_AK, by exile_psycho_weapons\arifle\ak\config.bin/cfgmagazines/30Rnd_White_Tracer_545x39_AK/ (original exile_psycho_weapons\arifle\ak\config.bin)
15:56:24 Updating base class ->30Rnd_545x39_AK, by exile_psycho_weapons\arifle\ak\config.bin/cfgmagazines/30Rnd_Yellow_Tracer_545x39_AK/ (original exile_psycho_weapons\arifle\ak\config.bin)
15:56:24 Updating base class ->CA_Magazine, by exile_psycho_weapons\arifle\ak\config.bin/cfgmagazines/30Rnd_762x39_AK47_M/ (original exile_psycho_weapons\arifle\ak\config.bin)
15:56:24 Updating base class ->arifle_AK_Base, by exile_psycho_weapons\arifle\ak\config.bin/CfgWeapons/arifle_AK47/ (original exile_psycho_weapons\arifle\ak\config.bin)
15:56:24 Updating base class ->arifle_AK_Base, by exile_psycho_weapons\arifle\ak\config.bin/CfgWeapons/arifle_AK74/ (original exile_psycho_weapons\arifle\ak\config.bin)
15:56:24 Updating base class ->arifle_AK107_Base, by exile_psycho_weapons\arifle\ak\config.bin/CfgWeapons/arifle_AK107/ (original exile_psycho_weapons\arifle\ak\config.bin)
15:56:24 Updating base class ->arifle_AK107_Base, by exile_psycho_weapons\arifle\ak\config.bin/CfgWeapons/arifle_AK107_GL/ (original exile_psycho_weapons\arifle\ak\config.bin)
15:56:24 Updating base class ->arifle_AK_Base, by exile_psycho_weapons\arifle\ak\config.bin/CfgWeapons/arifle_AK74_GL/ (original exile_psycho_weapons\arifle\ak\config.bin)
15:56:24 Updating base class ->arifle_AK_Base, by exile_psycho_weapons\arifle\ak\config.bin/CfgWeapons/arifle_AKM/ (original exile_psycho_weapons\arifle\ak\config.bin)
15:56:24 Updating base class ->arifle_AKM, by exile_psycho_weapons\arifle\ak\config.bin/CfgWeapons/arifle_AKS/ (original exile_psycho_weapons\arifle\ak\config.bin)
15:56:24 Updating base class ->arifle_AKS, by exile_psycho_weapons\arifle\ak\config.bin/CfgWeapons/arifle_AKS_Gold/ (original exile_psycho_weapons\arifle\ak\config.bin)
15:56:24 Updating base class ->arifle_AK74, by exile_psycho_weapons\arifle\ak\config.bin/CfgWeapons/arifle_RPK74/ (original exile_psycho_weapons\arifle\ak\config.bin)
15:56:24 Updating base class ->exile_arifle_M16A4_base, by exile_psycho_weapons\arifle\m\m16a4\config.bin/CfgWeapons/exile_arifle_M16A4/ (original exile_psycho_weapons\arifle\m\m16a4\config.bin)
15:56:24 Updating base class ->exile_arifle_M16A4_base, by exile_psycho_weapons\arifle\m\m16a4\config.bin/CfgWeapons/exile_arifle_M16A2/ (original exile_psycho_weapons\arifle\m\m16a4\config.bin)
15:56:24 Updating base class ->Rifle_Base_F, by exile_psycho_weapons\arifle\m\m4\config.bin/CfgWeapons/exile_arifle_M4/ (original exile_psycho_weapons\arifle\m\m4\config.bin)
15:56:24 Updating base class ->CA_Magazine, by exile_psycho_weapons\arifle\sa61\config.bin/CfgMagazines/10Rnd_765x17ball/ (original exile_psycho_weapons\arifle\sa61\config.bin)
15:56:24 Updating base class ->10Rnd_765x17ball, by exile_psycho_weapons\arifle\sa61\config.bin/CfgMagazines/20Rnd_765x17ball/ (original exile_psycho_weapons\arifle\sa61\config.bin)
15:56:24 Updating base class ->Pistol_Base_F, by exile_psycho_weapons\arifle\sa61\config.bin/CfgWeapons/exile_rifle_SA61/ (original exile_psycho_weapons\arifle\sa61\config.bin)
15:56:24 Updating base class ->CA_Magazine, by exile_psycho_weapons\mgun\pk\config.bin/CfgMagazines/100Rnd_762x54_PK_Tracer_Green/ (original exile_psycho_weapons\mgun\pk\config.bin)
15:56:24 Updating base class ->Rifle_Long_Base_F, by exile_psycho_weapons\mgun\pk\config.bin/CfgWeapons/PKP/ (original exile_psycho_weapons\mgun\pk\config.bin)
15:56:24 Updating base class ->PKP, by exile_psycho_weapons\mgun\pk\config.bin/CfgWeapons/Pecheneg/ (original exile_psycho_weapons\mgun\pk\config.bin)
15:56:24 Updating base class ShotgunBase->BulletBase, by exile_psycho_weapons\other\m1014\config.bin/CfgAmmo/B_12Gauge_Pellets/ (original a3\weapons_f\config.bin)
15:56:24 Updating base class ->CA_Magazine, by exile_psycho_weapons\other\m1014\config.bin/CfgMagazines/8Rnd_B_Beneli_74Slug/ (original exile_psycho_weapons\other\m1014\config.bin)
15:56:24 Updating base class ->CA_Magazine, by exile_psycho_weapons\other\m1014\config.bin/CfgMagazines/8Rnd_B_Beneli_74Pellets/ (original exile_psycho_weapons\other\m1014\config.bin)
15:56:24 Updating base class ->Rifle_Base_F, by exile_psycho_weapons\other\m1014\config.bin/CfgWeapons/M1014/ (original exile_psycho_weapons\other\m1014\config.bin)
15:56:24 Updating base class ->CA_Magazine, by exile_psycho_weapons\pistol\colt1911\config.bin/CfgMagazines/7Rnd_45ACP_1911/ (original exile_psycho_weapons\pistol\colt1911\config.bin)
15:56:24 Updating base class ->Pistol_Base_F, by exile_psycho_weapons\pistol\colt1911\config.bin/CfgWeapons/Colt1911/ (original exile_psycho_weapons\pistol\colt1911\config.bin)
15:56:24 Updating base class ->CA_Magazine, by exile_psycho_weapons\pistol\makarov\config.bin/CfgMagazines/8Rnd_9x18_Makarov/ (original exile_psycho_weapons\pistol\makarov\config.bin)
15:56:24 Updating base class ->Pistol_Base_F, by exile_psycho_weapons\pistol\makarov\config.bin/CfgWeapons/Makarov/ (original exile_psycho_weapons\pistol\makarov\config.bin)
15:56:24 Updating base class ->CA_Magazine, by exile_psycho_weapons\pistol\revolver\config.bin/CfgMagazines/6Rnd_45ACP/ (original exile_psycho_weapons\pistol\revolver\config.bin)
15:56:24 Updating base class ->Pistol_Base_F, by exile_psycho_weapons\pistol\revolver\config.bin/CfgWeapons/TaurusTracker455/ (original exile_psycho_weapons\pistol\revolver\config.bin)
15:56:24 Updating base class ->TaurusTracker455, by exile_psycho_weapons\pistol\revolver\config.bin/CfgWeapons/TaurusTracker455_gold/ (original exile_psycho_weapons\pistol\revolver\config.bin)
15:56:24 Updating base class ->CA_Magazine, by exile_psycho_weapons\srifle\dmr\config.bin/CfgMagazines/20Rnd_762x51_DMR/ (original exile_psycho_weapons\srifle\dmr\config.bin)
15:56:24 Updating base class ->20Rnd_762x51_DMR, by exile_psycho_weapons\srifle\dmr\config.bin/CfgMagazines/20Rnd_Yellow_Tracer_762x51_DMR/ (original exile_psycho_weapons\srifle\dmr\config.bin)
15:56:24 Updating base class ->20Rnd_762x51_DMR, by exile_psycho_weapons\srifle\dmr\config.bin/CfgMagazines/20Rnd_Red_Tracer_762x51_DMR/ (original exile_psycho_weapons\srifle\dmr\config.bin)
15:56:24 Updating base class ->20Rnd_762x51_DMR, by exile_psycho_weapons\srifle\dmr\config.bin/CfgMagazines/20Rnd_Green_Tracer_762x51_DMR/ (original exile_psycho_weapons\srifle\dmr\config.bin)
15:56:24 Updating base class ->Rifle_Base_F, by exile_psycho_weapons\srifle\dmr\config.bin/CfgWeapons/srifle_DMR/ (original exile_psycho_weapons\srifle\dmr\config.bin)
15:56:24 Updating base class ->CA_Magazine, by exile_psycho_weapons\srifle\huntingrifle\config.bin/CfgMagazines/5x_22_LR_17_HMR_M/ (original exile_psycho_weapons\srifle\huntingrifle\config.bin)
15:56:24 Updating base class ->Rifle_Base_F, by exile_psycho_weapons\srifle\huntingrifle\config.bin/CfgWeapons/srifle_CZ550_base/ (original exile_psycho_weapons\srifle\huntingrifle\config.bin)
15:56:24 Updating base class ->CA_Magazine, by exile_psycho_weapons\srifle\ksvk\config.bin/CfgMagazines/5Rnd_127x108_KSVK/ (original exile_psycho_weapons\srifle\ksvk\config.bin)
15:56:24 Updating base class ->CA_Magazine, by exile_psycho_weapons\srifle\ksvk\config.bin/CfgMagazines/5Rnd_127x108_APDS_KSVK/ (original exile_psycho_weapons\srifle\ksvk\config.bin)
15:56:24 Updating base class ->Rifle_Base_F, by exile_psycho_weapons\srifle\ksvk\config.bin/CfgWeapons/ksvk/ (original exile_psycho_weapons\srifle\ksvk\config.bin)
15:56:24 Updating base class ->CA_Magazine, by exile_psycho_weapons\srifle\leeenfield\config.bin/CfgMagazines/10x_303_M/ (original exile_psycho_weapons\srifle\leeenfield\config.bin)
15:56:24 Updating base class ->Rifle_Base_F, by exile_psycho_weapons\srifle\leeenfield\config.bin/CfgWeapons/srifle_LeeEnfield/ (original exile_psycho_weapons\srifle\leeenfield\config.bin)
15:56:24 Updating base class ->CA_Magazine, by exile_psycho_weapons\srifle\m107\config.bin/CfgMagazines/10Rnd_127x99_m107/ (original exile_psycho_weapons\srifle\m107\config.bin)
15:56:24 Updating base class ->Rifle_Long_Base_F, by exile_psycho_weapons\srifle\m107\config.bin/CfgWeapons/exile_weapons_m107/ (original exile_psycho_weapons\srifle\m107\config.bin)
15:56:24 Updating base class ->CA_Magazine, by exile_psycho_weapons\srifle\svd\config.bin/CfgMagazines/10Rnd_762x54_SVD/ (original exile_psycho_weapons\srifle\svd\config.bin)
15:56:24 Updating base class ->Rifle_Base_F, by exile_psycho_weapons\srifle\svd\config.bin/CfgWeapons/srifle_SVD/ (original exile_psycho_weapons\srifle\svd\config.bin)
15:56:24 Updating base class ->srifle_SVD, by exile_psycho_weapons\srifle\svd\config.bin/CfgWeapons/srifle_SVD_des/ (original exile_psycho_weapons\srifle\svd\config.bin)
15:56:24 Updating base class ->CA_Magazine, by exile_psycho_weapons\srifle\vss\config.bin/CfgMagazines/10Rnd_9x39_VSS/ (original exile_psycho_weapons\srifle\vss\config.bin)
15:56:24 Updating base class ->CA_Magazine, by exile_psycho_weapons\srifle\vss\config.bin/CfgMagazines/20Rnd_9x39_VSS/ (original exile_psycho_weapons\srifle\vss\config.bin)
15:56:24 Updating base class ->Rifle_Base_F, by exile_psycho_weapons\srifle\vss\config.bin/CfgWeapons/srifle_VSSVintorez/ (original exile_psycho_weapons\srifle\vss\config.bin)
15:56:24 Updating base class ->Plane_Civil_01_base_F, by a3\air_f_exp\plane_civil_01\config.bin/CfgVehicles/C_Plane_Civil_01_F/ (original a3\air_f_exp\plane_civil_01\config.bin)
15:56:24 Updating base class ->VTOL_01_infantry_base_F, by a3\air_f_exp\vtol_01\config.bin/CfgVehicles/B_T_VTOL_01_infantry_F/ (original a3\air_f_exp\vtol_01\config.bin)
15:56:24 Updating base class ->VTOL_01_vehicle_base_F, by a3\air_f_exp\vtol_01\config.bin/CfgVehicles/B_T_VTOL_01_vehicle_F/ (original a3\air_f_exp\vtol_01\config.bin)
15:56:24 Updating base class ->Boat_Transport_02_base_F, by a3\boat_f_exp\boat_transport_02\config.bin/CfgVehicles/B_G_Boat_Transport_02_F/ (original a3\boat_f_exp\boat_transport_02\config.bin)
15:56:24 Updating base class ->Scooter_Transport_01_base_F, by a3\boat_f_exp\scooter_transport_01\config.bin/CfgVehicles/C_Scooter_Transport_01_F/ (original a3\boat_f_exp\scooter_transport_01\config.bin)
15:56:24 Updating base class I_1stRegiment->BaseGuer, by a3\missions_f_orange\config.bin/CfgORBAT/BIS/I_3rdRegiment/ (original a3\missions_f_epa\config.bin)
15:56:24 Updating base class CounterMeasureFlare->, by a3\weapons_f_orange\config.bin/FlareShell/ (original a3\weapons_f_orange\config.bin)
15:56:24 Updating base class Controls->, by a3\modules_f_tacops\config.bin/Cfg3DEN/Attributes/Toolbox/Controls/ (original a3\3den\config.bin)
15:56:24 Updating base class Controls->, by a3\modules_f_tacops\config.bin/Cfg3DEN/Attributes/Combo/Controls/ (original a3\3den\config.bin)
15:56:24 Updating base class Controls->, by a3\modules_f_tacops\config.bin/Cfg3DEN/Attributes/Slider/Controls/ (original a3\3den\config.bin)
15:56:27 Initializing Steam Manager
15:56:27 unable to load subscribed content list. list will be updated from steam
15:56:27 unable to load published content list. list will be updated from steam
15:56:27 unable to load cached items meta info. save and update functionality will be broken
15:56:27 Steam Manager initialized.
15:56:27 
15:56:27 ==== Loaded addons ====
15:56:27 
15:56:27 dta\bin.pbo - 145285
15:56:27 dta\core.pbo - 129618
15:56:27 dta\languagecore_f.pbo - 136608
15:56:27 C:\Arma\Server\@infiSTAR_Exile\addons\a3_infistar_exile.pbo - unknown
15:56:27 C:\Arma\Server\@ExileServer\addons\exile_server.pbo - unknown
15:56:27 C:\Arma\Server\@ExileServer\addons\exile_server_config.pbo - unknown
15:56:27 C:\Arma\Server\@Exile\addons\dbo_old_bike.pbo - unknown
15:56:27 C:\Arma\Server\@Exile\addons\exile_assets.pbo - 18030414
15:56:27 C:\Arma\Server\@Exile\addons\exile_client.pbo - unknown
15:56:27 C:\Arma\Server\@Exile\addons\exile_danny_items.pbo - unknown
15:56:27 C:\Arma\Server\@Exile\addons\exile_psycho_an2.pbo - unknown
15:56:27 C:\Arma\Server\@Exile\addons\exile_psycho_brdm.pbo - unknown
15:56:27 C:\Arma\Server\@Exile\addons\exile_psycho_btr40.pbo - unknown
15:56:27 C:\Arma\Server\@Exile\addons\exile_psycho_gaz_volha.pbo - unknown
15:56:27 C:\Arma\Server\@Exile\addons\exile_psycho_hmmw.pbo - unknown
15:56:27 C:\Arma\Server\@Exile\addons\exile_psycho_ikarus.pbo - unknown
15:56:27 C:\Arma\Server\@Exile\addons\exile_psycho_lada.pbo - unknown
15:56:27 C:\Arma\Server\@Exile\addons\exile_psycho_lrc.pbo - unknown
15:56:27 C:\Arma\Server\@Exile\addons\exile_psycho_octavia.pbo - unknown
15:56:27 C:\Arma\Server\@Exile\addons\exile_psycho_suvarm_a3.pbo - unknown
15:56:27 C:\Arma\Server\@Exile\addons\exile_psycho_suv_a3.pbo - unknown
15:56:27 C:\Arma\Server\@Exile\addons\exile_psycho_towtractor.pbo - unknown
15:56:27 C:\Arma\Server\@Exile\addons\exile_psycho_tractor.pbo - unknown
15:56:27 C:\Arma\Server\@Exile\addons\exile_psycho_uaz.pbo - unknown
15:56:27 C:\Arma\Server\@Exile\addons\exile_psycho_uh1h.pbo - unknown
15:56:27 C:\Arma\Server\@Exile\addons\exile_psycho_ural.pbo - unknown
15:56:27 C:\Arma\Server\@Exile\addons\exile_psycho_v3s.pbo - unknown
15:56:27 C:\Arma\Server\@Exile\addons\exile_psycho_vwgolf.pbo - unknown
15:56:27 C:\Arma\Server\@Exile\addons\exile_psycho_weapons.pbo - unknown
15:56:27 C:\Arma\Server\@Exile\addons\gnt_c185.pbo - unknown
15:56:27 C:\Arma\Server\tank\addons\armor_f_tank.ebo - 135661
15:56:27 C:\Arma\Server\tank\addons\cargoposes_f_tank.ebo - 128283
15:56:27 C:\Arma\Server\tank\addons\characters_f_tank.ebo - 133719
15:56:27 C:\Arma\Server\tank\addons\data_f_tank.ebo - 128203
15:56:27 C:\Arma\Server\tank\addons\dubbing_f_tank.ebo - 127958
15:56:27 C:\Arma\Server\tank\addons\editorpreviews_f_tank.ebo - 131632
15:56:27 C:\Arma\Server\tank\addons\functions_f_tank.ebo - 125996
15:56:27 C:\Arma\Server\tank\addons\languagemissions_f_tank.ebo - 136954
15:56:27 C:\Arma\Server\tank\addons\language_f_tank.ebo - 136608
15:56:27 C:\Arma\Server\tank\addons\missions_f_tank.ebo - 130984
15:56:27 C:\Arma\Server\tank\addons\missions_f_tank_data.ebo - 128937
15:56:27 C:\Arma\Server\tank\addons\modules_f_tank.ebo - 129574
15:56:27 C:\Arma\Server\tank\addons\music_f_tank.ebo - 127912
15:56:27 C:\Arma\Server\tank\addons\props_f_tank.ebo - 131702
15:56:27 C:\Arma\Server\tank\addons\sounds_f_tank.ebo - 136239
15:56:27 C:\Arma\Server\tank\addons\structures_f_tank.ebo - 131803
15:56:27 C:\Arma\Server\tank\addons\ui_f_tank.ebo - 132532
15:56:27 C:\Arma\Server\tank\addons\weapons_f_tank.pbo - 135808
15:56:27 C:\Arma\Server\tacops\addons\characters_f_tacops.ebo - 129739
15:56:27 C:\Arma\Server\tacops\addons\data_f_tacops.ebo - 126731
15:56:27 C:\Arma\Server\tacops\addons\dubbing_f_tacops.ebo - 129340
15:56:27 C:\Arma\Server\tacops\addons\functions_f_tacops.ebo - 124382
15:56:27 C:\Arma\Server\tacops\addons\languagemissions_f_tacops.ebo - 136607
15:56:27 C:\Arma\Server\tacops\addons\language_f_tacops.ebo - 136608
15:56:27 C:\Arma\Server\tacops\addons\missions_f_tacops.ebo - 131995
15:56:27 C:\Arma\Server\tacops\addons\modules_f_tacops.ebo - 134940
15:56:27 C:\Arma\Server\tacops\addons\music_f_tacops.ebo - 124064
15:56:27 C:\Arma\Server\tacops\addons\sounds_f_tacops.ebo - 123795
15:56:27 C:\Arma\Server\tacops\addons\ui_f_tacops.ebo - 124116
15:56:27 C:\Arma\Server\orange\addons\air_f_orange.pbo - 132035
15:56:27 C:\Arma\Server\orange\addons\cargoposes_f_orange.pbo - 126225
15:56:27 C:\Arma\Server\orange\addons\characters_f_orange.pbo - 133719
15:56:27 C:\Arma\Server\orange\addons\data_f_orange.pbo - 121095
15:56:27 C:\Arma\Server\orange\addons\dubbing_f_orange.pbo - 121689
15:56:27 C:\Arma\Server\orange\addons\editorpreviews_f_orange.pbo - 123173
15:56:27 C:\Arma\Server\orange\addons\functions_f_orange.pbo - 128287
15:56:27 C:\Arma\Server\orange\addons\languagemissions_f_orange.pbo - 136608
15:56:27 C:\Arma\Server\orange\addons\language_f_orange.pbo - 136608
15:56:27 C:\Arma\Server\orange\addons\missions_f_orange.pbo - 126711
15:56:27 C:\Arma\Server\orange\addons\modules_f_orange.pbo - 119459
15:56:27 C:\Arma\Server\orange\addons\music_f_orange.pbo - 120725
15:56:27 C:\Arma\Server\orange\addons\props_f_orange.pbo - 129371
15:56:27 C:\Arma\Server\orange\addons\soft_f_orange.pbo - 132239
15:56:28 C:\Arma\Server\orange\addons\sounds_f_orange.pbo - 135584
15:56:28 C:\Arma\Server\orange\addons\structures_f_orange.pbo - 132196
15:56:28 C:\Arma\Server\orange\addons\supplies_f_orange.pbo - 129371
15:56:28 C:\Arma\Server\orange\addons\ui_f_orange.pbo - 123398
15:56:28 C:\Arma\Server\orange\addons\weapons_f_orange.pbo - 132847
15:56:28 C:\Arma\Server\argo\addons\armor_f_argo.pbo - 129739
15:56:28 C:\Arma\Server\argo\addons\characters_f_patrol.pbo - 129998
15:56:28 C:\Arma\Server\argo\addons\data_f_argo.pbo - 128209
15:56:28 C:\Arma\Server\argo\addons\data_f_patrol.pbo - 121287
15:56:28 C:\Arma\Server\argo\addons\editorpreviews_f_argo.pbo - 121102
15:56:28 C:\Arma\Server\argo\addons\functions_f_patrol.pbo - 119457
15:56:28 C:\Arma\Server\argo\addons\languagemissions_f_patrol.pbo - 136608
15:56:28 C:\Arma\Server\argo\addons\language_f_argo.pbo - 136954
15:56:28 C:\Arma\Server\argo\addons\language_f_patrol.pbo - 136608
15:56:28 C:\Arma\Server\argo\addons\map_malden.pbo - 135888
15:56:28 C:\Arma\Server\argo\addons\map_malden_data.pbo - 135888
15:56:28 C:\Arma\Server\argo\addons\map_malden_data_layers.pbo - 135888
15:56:28 C:\Arma\Server\argo\addons\map_malden_scenes_f.pbo - 120026
15:56:28 C:\Arma\Server\argo\addons\missions_f_patrol.pbo - 126663
15:56:28 C:\Arma\Server\argo\addons\modules_f_patrol.pbo - 119459
15:56:28 C:\Arma\Server\argo\addons\music_f_argo.pbo - 119459
15:56:28 C:\Arma\Server\argo\addons\props_f_argo.pbo - 129371
15:56:28 C:\Arma\Server\argo\addons\rocks_f_argo.pbo - 123488
15:56:28 C:\Arma\Server\argo\addons\sounds_f_patrol.pbo - 119477
15:56:28 C:\Arma\Server\argo\addons\structures_f_argo.pbo - 128082
15:56:28 C:\Arma\Server\argo\addons\ui_f_patrol.pbo - 119478
15:56:28 C:\Arma\Server\argo\addons\vegetation_f_argo.pbo - 123488
15:56:28 C:\Arma\Server\argo\addons\weapons_f_patrol.pbo - 119478
15:56:28 C:\Arma\Server\jets\addons\air_f_jets.pbo - 132072
15:56:28 C:\Arma\Server\jets\addons\anims_f_jets.pbo - 123210
15:56:28 C:\Arma\Server\jets\addons\boat_f_destroyer.pbo - 132140
15:56:28 C:\Arma\Server\jets\addons\boat_f_jets.pbo - 129607
15:56:28 C:\Arma\Server\jets\addons\cargoposes_f_jets.pbo - 126225
15:56:28 C:\Arma\Server\jets\addons\characters_f_jets.pbo - 129739
15:56:28 C:\Arma\Server\jets\addons\data_f_destroyer.pbo - 132156
15:56:28 C:\Arma\Server\jets\addons\data_f_jets.pbo - 119457
15:56:28 C:\Arma\Server\jets\addons\data_f_sams.pbo - 132140
15:56:28 C:\Arma\Server\jets\addons\dubbing_f_jets.pbo - 119457
15:56:28 C:\Arma\Server\jets\addons\editorpreviews_f_destroyer.pbo - 132141
15:56:28 C:\Arma\Server\jets\addons\editorpreviews_f_jets.pbo - 119457
15:56:28 C:\Arma\Server\jets\addons\editorpreviews_f_sams.pbo - 132141
15:56:28 C:\Arma\Server\jets\addons\functions_f_destroyer.pbo - 132353
15:56:28 C:\Arma\Server\jets\addons\functions_f_jets.pbo - 119457
15:56:28 C:\Arma\Server\jets\addons\languagemissions_f_jets.pbo - 136608
15:56:28 C:\Arma\Server\jets\addons\language_f_destroyer.pbo - 136607
15:56:28 C:\Arma\Server\jets\addons\language_f_jets.pbo - 136608
15:56:28 C:\Arma\Server\jets\addons\language_f_sams.pbo - 136608
15:56:28 C:\Arma\Server\jets\addons\missions_f_jets.pbo - 130755
15:56:28 C:\Arma\Server\jets\addons\modules_f_jets.pbo - 119459
15:56:28 C:\Arma\Server\jets\addons\music_f_jets.pbo - 119459
15:56:28 C:\Arma\Server\jets\addons\props_f_destroyer.pbo - 132141
15:56:28 C:\Arma\Server\jets\addons\props_f_jets.pbo - 129371
15:56:28 C:\Arma\Server\jets\addons\sounds_f_jets.pbo - 119477
15:56:28 C:\Arma\Server\jets\addons\static_f_destroyer.pbo - 136117
15:56:28 C:\Arma\Server\jets\addons\static_f_jets.pbo - 131969
15:56:28 C:\Arma\Server\jets\addons\static_f_sams.pbo - 133561
15:56:28 C:\Arma\Server\jets\addons\ui_f_jets.pbo - 126137
15:56:28 C:\Arma\Server\jets\addons\weapons_f_destroyer.pbo - 132268
15:56:28 C:\Arma\Server\jets\addons\weapons_f_jets.pbo - 131383
15:56:28 C:\Arma\Server\jets\addons\weapons_f_sams.pbo - 132352
15:56:28 C:\Arma\Server\expansion\addons\air_f_exp.pbo - 133748
15:56:28 C:\Arma\Server\expansion\addons\anims_f_exp.pbo - 126506
15:56:28 C:\Arma\Server\expansion\addons\armor_f_exp.pbo - 129739
15:56:28 C:\Arma\Server\expansion\addons\boat_f_exp.pbo - 129747
15:56:28 C:\Arma\Server\expansion\addons\cargoposes_f_exp.pbo - 126224
15:56:28 C:\Arma\Server\expansion\addons\characters_f_exp.pbo - 136616
15:56:28 C:\Arma\Server\expansion\addons\data_f_exp.pbo - 128203
15:56:28 C:\Arma\Server\expansion\addons\dubbing_f_exp.pbo - 119457
15:56:28 C:\Arma\Server\expansion\addons\dubbing_radio_f_exp.pbo - 119458
15:56:28 C:\Arma\Server\expansion\addons\dubbing_radio_f_exp_data_chi.pbo - 119458
15:56:28 C:\Arma\Server\expansion\addons\dubbing_radio_f_exp_data_engfre.pbo - 119457
15:56:28 C:\Arma\Server\expansion\addons\dubbing_radio_f_exp_data_fre.pbo - 119457
15:56:28 C:\Arma\Server\expansion\addons\editorpreviews_f_exp.pbo - 136616
15:56:28 C:\Arma\Server\expansion\addons\functions_f_exp.pbo - 132366
15:56:28 C:\Arma\Server\expansion\addons\languagemissions_f_exp.pbo - 136607
15:56:28 C:\Arma\Server\expansion\addons\language_f_exp.pbo - 136607
15:56:28 C:\Arma\Server\expansion\addons\map_data_exp.pbo - 136265
15:56:28 C:\Arma\Server\expansion\addons\map_tanoabuka.pbo - 136265
15:56:28 C:\Arma\Server\expansion\addons\map_tanoabuka_data.pbo - 135884
15:56:28 C:\Arma\Server\expansion\addons\map_tanoabuka_data_layers.pbo - 121192
15:56:28 C:\Arma\Server\expansion\addons\map_tanoabuka_data_layers_00_00.pbo - 121192
15:56:28 C:\Arma\Server\expansion\addons\map_tanoa_scenes_f.pbo - 123527
15:56:28 C:\Arma\Server\expansion\addons\missions_f_exp.pbo - 132366
15:56:28 C:\Arma\Server\expansion\addons\missions_f_exp_data.pbo - 119459
15:56:28 C:\Arma\Server\expansion\addons\missions_f_exp_video.pbo - 119459
15:56:28 C:\Arma\Server\expansion\addons\modules_f_exp.pbo - 119459
15:56:28 C:\Arma\Server\expansion\addons\music_f_exp.pbo - 119477
15:56:28 C:\Arma\Server\expansion\addons\music_f_exp_music.pbo - 119477
15:56:28 C:\Arma\Server\expansion\addons\props_f_exp.pbo - 135930
15:56:28 C:\Arma\Server\expansion\addons\rocks_f_exp.pbo - 129683
15:56:28 C:\Arma\Server\expansion\addons\soft_f_exp.pbo - 136527
15:56:28 C:\Arma\Server\expansion\addons\sounds_f_exp.pbo - 131659
15:56:28 C:\Arma\Server\expansion\addons\static_f_exp.pbo - 119478
15:56:28 C:\Arma\Server\expansion\addons\structures_f_exp.pbo - 133054
15:56:28 C:\Arma\Server\expansion\addons\structures_f_exp_civilian.pbo - 133663
15:56:28 C:\Arma\Server\expansion\addons\structures_f_exp_commercial.pbo - 136202
15:56:28 C:\Arma\Server\expansion\addons\structures_f_exp_cultural.pbo - 136265
15:56:28 C:\Arma\Server\expansion\addons\structures_f_exp_data.pbo - 133427
15:56:28 C:\Arma\Server\expansion\addons\structures_f_exp_industrial.pbo - 132886
15:56:28 C:\Arma\Server\expansion\addons\structures_f_exp_infrastructure.pbo - 134367
15:56:28 C:\Arma\Server\expansion\addons\supplies_f_exp.pbo - 129371
15:56:28 C:\Arma\Server\expansion\addons\ui_f_exp.pbo - 123398
15:56:28 C:\Arma\Server\expansion\addons\vegetation_f_exp.pbo - 135745
15:56:28 C:\Arma\Server\expansion\addons\weapons_f_exp.pbo - 136739
15:56:28 C:\Arma\Server\mark\addons\anims_f_mark.pbo - 119457
15:56:28 C:\Arma\Server\mark\addons\characters_f_mark.pbo - 129739
15:56:28 C:\Arma\Server\mark\addons\data_f_mark.pbo - 129371
15:56:28 C:\Arma\Server\mark\addons\dubbing_f_mark.pbo - 119457
15:56:28 C:\Arma\Server\mark\addons\dubbing_f_mp_mark.pbo - 119457
15:56:28 C:\Arma\Server\mark\addons\functions_f_mark.pbo - 129645
15:56:28 C:\Arma\Server\mark\addons\functions_f_mp_mark.pbo - 129434
15:56:28 C:\Arma\Server\mark\addons\languagemissions_f_mark.pbo - 136608
15:56:28 C:\Arma\Server\mark\addons\languagemissions_f_mp_mark.pbo - 136608
15:56:28 C:\Arma\Server\mark\addons\language_f_mark.pbo - 136634
15:56:28 C:\Arma\Server\mark\addons\language_f_mp_mark.pbo - 136608
15:56:28 C:\Arma\Server\mark\addons\missions_f_mark.pbo - 122301
15:56:28 C:\Arma\Server\mark\addons\missions_f_mark_data.pbo - 119459
15:56:28 C:\Arma\Server\mark\addons\missions_f_mark_video.pbo - 119459
15:56:28 C:\Arma\Server\mark\addons\missions_f_mp_mark.pbo - 119459
15:56:28 C:\Arma\Server\mark\addons\missions_f_mp_mark_data.pbo - 119459
15:56:28 C:\Arma\Server\mark\addons\modules_f_mark.pbo - 119459
15:56:28 C:\Arma\Server\mark\addons\modules_f_mp_mark.pbo - 119459
15:56:28 C:\Arma\Server\mark\addons\music_f_mark.pbo - 119477
15:56:28 C:\Arma\Server\mark\addons\music_f_mark_music.pbo - 119477
15:56:28 C:\Arma\Server\mark\addons\sounds_f_mark.pbo - 119478
15:56:28 C:\Arma\Server\mark\addons\static_f_mark.pbo - 130728
15:56:28 C:\Arma\Server\mark\addons\structures_f_mark.pbo - 123419
15:56:28 C:\Arma\Server\mark\addons\supplies_f_mark.pbo - 129371
15:56:28 C:\Arma\Server\mark\addons\ui_f_mark.pbo - 119478
15:56:28 C:\Arma\Server\mark\addons\ui_f_mp_mark.pbo - 119478
15:56:28 C:\Arma\Server\mark\addons\weapons_f_mark.pbo - 131460
15:56:28 C:\Arma\Server\heli\addons\air_f_heli.pbo - 134954
15:56:28 C:\Arma\Server\heli\addons\anims_f_heli.pbo - 123210
15:56:28 C:\Arma\Server\heli\addons\boat_f_heli.pbo - 119457
15:56:28 C:\Arma\Server\heli\addons\cargoposes_f_heli.pbo - 126231
15:56:28 C:\Arma\Server\heli\addons\data_f_heli.pbo - 119457
15:56:28 C:\Arma\Server\heli\addons\dubbing_f_heli.pbo - 119457
15:56:28 C:\Arma\Server\heli\addons\functions_f_heli.pbo - 123022
15:56:28 C:\Arma\Server\heli\addons\languagemissions_f_heli.pbo - 136608
15:56:28 C:\Arma\Server\heli\addons\language_f_heli.pbo - 136608
15:56:28 C:\Arma\Server\heli\addons\missions_f_heli.pbo - 129397
15:56:28 C:\Arma\Server\heli\addons\missions_f_heli_data.pbo - 119459
15:56:28 C:\Arma\Server\heli\addons\missions_f_heli_video.pbo - 119459
15:56:28 C:\Arma\Server\heli\addons\modules_f_heli.pbo - 119459
15:56:28 C:\Arma\Server\heli\addons\music_f_heli.pbo - 119477
15:56:28 C:\Arma\Server\heli\addons\music_f_heli_music.pbo - 119477
15:56:28 C:\Arma\Server\heli\addons\soft_f_heli.pbo - 129742
15:56:28 C:\Arma\Server\heli\addons\sounds_f_heli.pbo - 119478
15:56:28 C:\Arma\Server\heli\addons\structures_f_heli.pbo - 134453
15:56:28 C:\Arma\Server\heli\addons\supplies_f_heli.pbo - 132806
15:56:28 C:\Arma\Server\heli\addons\ui_f_heli.pbo - 119478
15:56:28 C:\Arma\Server\kart\addons\anims_f_kart.pbo - 123210
15:56:28 C:\Arma\Server\kart\addons\characters_f_kart.pbo - 133719
15:56:28 C:\Arma\Server\kart\addons\data_f_kart.pbo - 119457
15:56:28 C:\Arma\Server\kart\addons\languagemissions_f_kart.pbo - 136607
15:56:28 C:\Arma\Server\kart\addons\language_f_kart.pbo - 136608
15:56:28 C:\Arma\Server\kart\addons\missions_f_kart.pbo - 119459
15:56:28 C:\Arma\Server\kart\addons\missions_f_kart_data.pbo - 119459
15:56:28 C:\Arma\Server\kart\addons\modules_f_kart.pbo - 128288
15:56:28 C:\Arma\Server\kart\addons\modules_f_kart_data.pbo - 124178
15:56:28 C:\Arma\Server\kart\addons\soft_f_kart.pbo - 132531
15:56:28 C:\Arma\Server\kart\addons\sounds_f_kart.pbo - 125381
15:56:28 C:\Arma\Server\kart\addons\structures_f_kart.pbo - 123419
15:56:28 C:\Arma\Server\kart\addons\ui_f_kart.pbo - 119478
15:56:28 C:\Arma\Server\kart\addons\weapons_f_kart.pbo - 120217
15:56:28 C:\Arma\Server\curator\addons\data_f_curator.pbo - 134513
15:56:28 C:\Arma\Server\curator\addons\data_f_curator_music.pbo - 119457
15:56:28 C:\Arma\Server\curator\addons\functions_f_curator.pbo - 123333
15:56:28 C:\Arma\Server\curator\addons\language_f_curator.pbo - 136608
15:56:28 C:\Arma\Server\curator\addons\missions_f_curator.pbo - 121570
15:56:28 C:\Arma\Server\curator\addons\modules_f_curator.pbo - 128381
15:56:28 C:\Arma\Server\curator\addons\ui_f_curator.pbo - 130996
15:56:28 addons\3den.pbo - 136221
15:56:28 addons\3den_language.pbo - 136608
15:56:28 addons\a3.pbo - unknown
15:56:28 addons\air_f.pbo - 135631
15:56:28 addons\air_f_beta.pbo - 133761
15:56:28 addons\air_f_epb.pbo - 132034
15:56:28 addons\air_f_epc.pbo - 129848
15:56:28 addons\air_f_gamma.pbo - 130580
15:56:28 addons\animals_f.pbo - 135988
15:56:28 addons\animals_f_beta.pbo - 123208
15:56:28 addons\anims_f.pbo - 135988
15:56:28 addons\anims_f_bootcamp.pbo - 123209
15:56:28 addons\anims_f_data.pbo - 127133
15:56:28 addons\anims_f_epa.pbo - 134499
15:56:28 addons\anims_f_epc.pbo - 121358
15:56:28 addons\anims_f_exp_a.pbo - 123209
15:56:28 addons\anims_f_mod.pbo - 135280
15:56:28 addons\armor_f.pbo - 129739
15:56:28 addons\armor_f_beta.pbo - 135660
15:56:28 addons\armor_f_epb.pbo - 135660
15:56:28 addons\armor_f_epc.pbo - 135661
15:56:28 addons\armor_f_gamma.pbo - 135661
15:56:28 addons\baseconfig_f.pbo - 119457
15:56:28 addons\boat_f.pbo - 132036
15:56:28 addons\boat_f_beta.pbo - 132036
15:56:28 addons\boat_f_epc.pbo - 131911
15:56:28 addons\boat_f_gamma.pbo - 127529
15:56:28 addons\cargoposes_f.pbo - 128420
15:56:28 addons\characters_f.pbo - 136640
15:56:28 addons\characters_f_beta.pbo - 133719
15:56:28 addons\characters_f_bootcamp.pbo - 133719
15:56:28 addons\characters_f_epa.pbo - 133719
15:56:28 addons\characters_f_epb.pbo - 133719
15:56:28 addons\characters_f_epc.pbo - 133719
15:56:28 addons\characters_f_gamma.pbo - 133719
15:56:28 addons\data_f.pbo - 136108
15:56:28 addons\data_f_bootcamp.pbo - 129618
15:56:28 addons\data_f_exp_a.pbo - 119457
15:56:28 addons\data_f_exp_b.pbo - 119457
15:56:28 addons\data_f_mod.pbo - 131534
15:56:28 addons\data_f_warlords.pbo - 135843
15:56:28 addons\drones_f.pbo - 132036
15:56:28 addons\dubbing_f.pbo - 119457
15:56:28 addons\dubbing_f_beta.pbo - 119457
15:56:28 addons\dubbing_f_bootcamp.pbo - 119457
15:56:28 addons\dubbing_f_epa.pbo - 119457
15:56:28 addons\dubbing_f_epb.pbo - 119457
15:56:28 addons\dubbing_f_epc.pbo - 119457
15:56:28 addons\dubbing_f_gamma.pbo - 122449
15:56:28 addons\dubbing_f_warlords.pbo - 136700
15:56:28 addons\dubbing_radio_f.pbo - 119457
15:56:28 addons\dubbing_radio_f_data_eng.pbo - 119457
15:56:28 addons\dubbing_radio_f_data_engb.pbo - 119458
15:56:28 addons\dubbing_radio_f_data_gre.pbo - 119458
15:56:28 addons\dubbing_radio_f_data_per.pbo - 119458
15:56:28 addons\dubbing_radio_f_data_vr.pbo - 119458
15:56:28 addons\editorpreviews_f.pbo - 136616
15:56:28 addons\editor_f.pbo - 121103
15:56:28 addons\functions_f.pbo - 137107
15:56:28 addons\functions_f_bootcamp.pbo - 129770
15:56:28 addons\functions_f_epa.pbo - 119458
15:56:28 addons\functions_f_epc.pbo - 119458
15:56:28 addons\functions_f_exp_a.pbo - 122619
15:56:28 addons\functions_f_warlords.pbo - 137634
15:56:28 addons\languagemissions_f.pbo - 136607
15:56:28 addons\languagemissions_f_beta.pbo - 136607
15:56:28 addons\languagemissions_f_bootcamp.pbo - 136608
15:56:28 addons\languagemissions_f_epa.pbo - 136607
15:56:28 addons\languagemissions_f_epb.pbo - 136607
15:56:28 addons\languagemissions_f_epc.pbo - 136607
15:56:28 addons\languagemissions_f_exp_a.pbo - 136608
15:56:28 addons\languagemissions_f_gamma.pbo - 136608
15:56:28 addons\language_f.pbo - 136608
15:56:28 addons\language_f_beta.pbo - 136608
15:56:28 addons\language_f_bootcamp.pbo - 136608
15:56:28 addons\language_f_epa.pbo - 136607
15:56:28 addons\language_f_epb.pbo - 136608
15:56:28 addons\language_f_epc.pbo - 136607
15:56:28 addons\language_f_exp_a.pbo - 136607
15:56:28 addons\language_f_exp_b.pbo - 136607
15:56:28 addons\language_f_gamma.pbo - 136608
15:56:28 addons\language_f_mod.pbo - 136608
15:56:28 addons\language_f_warlords.pbo - 136955
15:56:28 addons\map_altis.pbo - 135915
15:56:28 addons\map_altis_data.pbo - 135904
15:56:28 addons\map_altis_data_layers.pbo - 135913
15:56:28 addons\map_altis_data_layers_00_00.pbo - 0000
15:56:28 addons\map_altis_data_layers_00_01.pbo - 0000
15:56:28 addons\map_altis_data_layers_01_00.pbo - 0000
15:56:28 addons\map_altis_data_layers_01_01.pbo - 0000
15:56:28 addons\map_altis_scenes_f.pbo - 119459
15:56:28 addons\map_data.pbo - 134124
15:56:28 addons\map_stratis.pbo - 135888
15:56:28 addons\map_stratis_data.pbo - 135888
15:56:28 addons\map_stratis_data_layers.pbo - 135888
15:56:28 addons\map_stratis_scenes_f.pbo - 119459
15:56:28 addons\map_vr.pbo - 135900
15:56:28 addons\map_vr_scenes_f.pbo - 119459
15:56:28 addons\misc_f.pbo - 119459
15:56:28 addons\missions_f.pbo - 129735
15:56:28 addons\missions_f_beta.pbo - 122470
15:56:28 addons\missions_f_beta_data.pbo - 119459
15:56:28 addons\missions_f_beta_video.pbo - 119459
15:56:28 addons\missions_f_bootcamp.pbo - 129645
15:56:28 addons\missions_f_bootcamp_data.pbo - 119459
15:56:28 addons\missions_f_bootcamp_video.pbo - 119459
15:56:28 addons\missions_f_data.pbo - 119459
15:56:28 addons\missions_f_epa.pbo - 132519
15:56:28 addons\missions_f_epa_data.pbo - 119459
15:56:28 addons\missions_f_epa_video.pbo - 119459
15:56:28 addons\missions_f_epb.pbo - 119459
15:56:28 addons\missions_f_epc.pbo - 119459
15:56:28 addons\missions_f_exp_a.pbo - 121496
15:56:28 addons\missions_f_exp_a_data.pbo - 119459
15:56:28 addons\missions_f_gamma.pbo - 133233
15:56:28 addons\missions_f_gamma_data.pbo - 119459
15:56:28 addons\missions_f_gamma_video.pbo - 119459
15:56:28 addons\missions_f_video.pbo - 119459
15:56:28 addons\missions_f_warlords.pbo - 137544
15:56:28 addons\modules_f.pbo - 124453
15:56:28 addons\modules_f_beta.pbo - 119459
15:56:28 addons\modules_f_beta_data.pbo - 119459
15:56:28 addons\modules_f_bootcamp.pbo - 119459
15:56:28 addons\modules_f_data.pbo - 122470
15:56:28 addons\modules_f_epb.pbo - 134655
15:56:28 addons\modules_f_exp_a.pbo - 119459
15:56:28 addons\modules_f_warlords.pbo - 136703
15:56:28 addons\music_f.pbo - 119459
15:56:28 addons\music_f_bootcamp.pbo - 119459
15:56:28 addons\music_f_bootcamp_music.pbo - 119459
15:56:28 addons\music_f_epa.pbo - 119459
15:56:28 addons\music_f_epa_music.pbo - 119459
15:56:28 addons\music_f_epb.pbo - 119459
15:56:28 addons\music_f_epb_music.pbo - 119459
15:56:28 addons\music_f_epc.pbo - 119459
15:56:28 addons\music_f_epc_music.pbo - 119477
15:56:28 addons\music_f_music.pbo - 119477
15:56:28 addons\plants_f.pbo - 126807
15:56:28 addons\props_f_exp_a.pbo - 129371
15:56:28 addons\roads_f.pbo - 127271
15:56:28 addons\rocks_f.pbo - 127271
15:56:28 addons\signs_f.pbo - 136481
15:56:28 addons\soft_f.pbo - 133870
15:56:28 addons\soft_f_beta.pbo - 133871
15:56:28 addons\soft_f_bootcamp.pbo - 129739
15:56:28 addons\soft_f_epc.pbo - 136818
15:56:28 addons\soft_f_gamma.pbo - 135248
15:56:28 addons\sounds_f.pbo - 136618
15:56:28 addons\sounds_f_arsenal.pbo - 127887
15:56:28 addons\sounds_f_bootcamp.pbo - 119477
15:56:28 addons\sounds_f_characters.pbo - 133117
15:56:28 addons\sounds_f_environment.pbo - 120046
15:56:28 addons\sounds_f_epb.pbo - 126923
15:56:28 addons\sounds_f_epc.pbo - 125380
15:56:28 addons\sounds_f_exp_a.pbo - 119477
15:56:28 addons\sounds_f_mod.pbo - 131534
15:56:28 addons\sounds_f_sfx.pbo - 119477
15:56:28 addons\sounds_f_vehicles.pbo - 128448
15:56:28 addons\static_f.pbo - 132364
15:56:28 addons\static_f_beta.pbo - 132365
15:56:28 addons\static_f_gamma.pbo - 122615
15:56:28 addons\structures_f.pbo - 136213
15:56:28 addons\structures_f_bootcamp.pbo - 123488
15:56:28 addons\structures_f_data.pbo - 130046
15:56:28 addons\structures_f_epa.pbo - 135441
15:56:28 addons\structures_f_epb.pbo - 126137
15:56:28 addons\structures_f_epc.pbo - 123407
15:56:28 addons\structures_f_exp_a.pbo - 132665
15:56:28 addons\structures_f_households.pbo - 129369
15:56:28 addons\structures_f_ind.pbo - 136213
15:56:28 addons\structures_f_mil.pbo - 135984
15:56:28 addons\structures_f_wrecks.pbo - 129371
15:56:28 addons\uifonts_f.pbo - 119478
15:56:28 addons\uifonts_f_data.pbo - 128439
15:56:28 addons\ui_f.pbo - 136109
15:56:28 addons\ui_f_bootcamp.pbo - 119478
15:56:28 addons\ui_f_data.pbo - 135221
15:56:28 addons\ui_f_exp_a.pbo - 119478
15:56:28 addons\weapons_f.pbo - 136759
15:56:28 addons\weapons_f_beta.pbo - 133007
15:56:28 addons\weapons_f_bootcamp.pbo - 124358
15:56:28 addons\weapons_f_epa.pbo - 124514
15:56:28 addons\weapons_f_epb.pbo - 124216
15:56:28 addons\weapons_f_epc.pbo - 130416
15:56:28 addons\weapons_f_gamma.pbo - 120217
15:56:28 addons\weapons_f_mod.pbo - 136854
15:56:28 
15:56:28 =======================
15:56:28 
15:56:29 ============================================================================================= List of mods ===============================================================================================
15:56:29 modsReadOnly = true
15:56:29 safeModsActivated = false
15:56:29 customMods = true
15:56:29 hash = '59F2764D5CDB5AE9D753AE86BAEC3D3E433A0772'
15:56:29 hashShort = '2c0dfe65'
15:56:29                                               name |               modDir |    default |               origin |                                     hash | hashShort | fullPath
15:56:29 ----------------------------------------------------------------------------------------------------------------------------------------------------------------------------------------------------------
15:56:29                                    @infiSTAR_Exile |      @infiSTAR_Exile |      false |             GAME DIR | 1da91286c9764367b6c07f62ceb5c52528e4206f |  d518ade0 | C:\Arma\Server\@infiSTAR_Exile
15:56:29                                       @ExileServer |         @ExileServer |      false |             GAME DIR | 3403fdc2adfe5f86193d4442604579fe52d2a7e4 |  9971406d | C:\Arma\Server\@ExileServer
15:56:29                                          Exile Mod |               @Exile |      false |             GAME DIR | 2fcd9168922cd7e3b09e7c83c565c2e6e8e6a052 |  9bd1cee4 | C:\Arma\Server\@Exile
15:56:29                                Arma 3 DLC Bundle 2 |           dlcbundle2 |       true |            NOT FOUND |                                          |           | 
15:56:29                                Arma 3 DLC Bundle 1 |            dlcbundle |       true |            NOT FOUND |                                          |           | 
15:56:29                                       Arma 3 Tanks |                 tank |       true |             GAME DIR | 1687d1a28082a88df48d9a56f2f39bd547c059c4 |  df9a305a | C:\Arma\Server\tank
15:56:29                                     Arma 3 Tac-Ops |               tacops |       true |             GAME DIR | 681413cb6415a601f1e0728a6c25720be3d49ae4 |  e5ebfd02 | C:\Arma\Server\tacops
15:56:29                                 Arma 3 Laws of War |               orange |       true |             GAME DIR | 6e8274be7b769cfd0472e7a3034f95f80492ce83 |  eaa5b563 | C:\Arma\Server\orange
15:56:29                                      Arma 3 Malden |                 argo |       true |             GAME DIR | adc7fbd43eabf6acc97aef5f87b2b5e3f2b33b08 |  f784a4d6 | C:\Arma\Server\argo
15:56:29                                        Arma 3 Jets |                 jets |       true |             GAME DIR | 7483cc52ff5decc7a262a40353703f75663c70c2 |  5e99a6c1 | C:\Arma\Server\jets
15:56:29                                        Arma 3 Apex |            expansion |       true |             GAME DIR | 559a5cf8309fee9d3297b17f481dd23d0e7c1cdb |  578970e7 | C:\Arma\Server\expansion
15:56:29                                    Arma 3 Marksmen |                 mark |       true |             GAME DIR | 8a4f6eb4dc1c96b47ea37bc1bafbe161df71dc93 |  267c31c4 | C:\Arma\Server\mark
15:56:29                                 Arma 3 Helicopters |                 heli |       true |             GAME DIR | 0d9b4822c62634ca9dac79f18f6efab669971211 |  3473e417 | C:\Arma\Server\heli
15:56:29                                       Arma 3 Karts |                 kart |       true |             GAME DIR | 6b1e56eed8f1e8bf598576c32be2f440eda5bf1f |  5e2d7aba | C:\Arma\Server\kart
15:56:29                                        Arma 3 Zeus |              curator |       true |             GAME DIR | bc4789f5b4e1fc0cff757c153778678b2489d718 |  eaf13475 | C:\Arma\Server\curator
15:56:29                                             Arma 3 |                   A3 |       true |            NOT FOUND |                                          |           | 
15:56:29 ==========================================================================================================================================================================================================
15:56:29 InitSound ...
15:56:29 InitSound - complete
15:56:29 PhysX3 SDK Init started ...
15:56:29 PhysX3 SDK Init ended.
15:56:35 core\skyobject\skyobject.p3d: No geometry and no visual shape
15:56:35 a3\data_f\krater.p3d: No geometry and no visual shape
15:56:35 a3\data_f\koule.p3d: No geometry and no visual shape
15:56:36 Warning Message: You cannot play/edit this mission; it is dependent on downloadable content that has been deleted.
a3_characters_f
15:56:36 Loading movesType CfgGesturesMale
15:56:36 Animation a3\anims_f\data\anim\sdr\gst\gestureempty.rtm not found or empty
15:56:36 Error: Bone cheek_lf doesn't exist in skeleton OFP2_ManSkeleton
15:56:36 Error: Bone nose_tip doesn't exist in skeleton OFP2_ManSkeleton
15:56:36 Error: Bone lip_uplb doesn't exist in skeleton OFP2_ManSkeleton
15:56:36 Error: Bone jaw_ls doesn't exist in skeleton OFP2_ManSkeleton
15:56:36 Error: Bone lip_uplf doesn't exist in skeleton OFP2_ManSkeleton
15:56:36 Error: Bone lip_lc doesn't exist in skeleton OFP2_ManSkeleton
15:56:36 Error: Bone lip_lwlb doesn't exist in skeleton OFP2_ManSkeleton
15:56:36 Error: Bone lip_lwlf doesn't exist in skeleton OFP2_ManSkeleton
15:56:36 Error: Bone jaw_lm doesn't exist in skeleton OFP2_ManSkeleton
15:56:36 Error: Bone zig_lb doesn't exist in skeleton OFP2_ManSkeleton
15:56:36 Error: Bone lip_lwm doesn't exist in skeleton OFP2_ManSkeleton
15:56:36 Error: Bone lip_upm doesn't exist in skeleton OFP2_ManSkeleton
15:56:36 Error: Bone ear_l doesn't exist in skeleton OFP2_ManSkeleton
15:56:36 Error: Bone corr doesn't exist in skeleton OFP2_ManSkeleton
15:56:36 Error: Bone tongue_m doesn't exist in skeleton OFP2_ManSkeleton
15:56:36 Error: Bone tongue_f doesn't exist in skeleton OFP2_ManSkeleton
15:56:36 Error: Bone eyebrow_lb doesn't exist in skeleton OFP2_ManSkeleton
15:56:36 Error: Bone eyebrow_lf doesn't exist in skeleton OFP2_ManSkeleton
15:56:36 Error: Bone eyebrow_lm doesn't exist in skeleton OFP2_ManSkeleton
15:56:36 Error: Bone zig_lm doesn't exist in skeleton OFP2_ManSkeleton
15:56:36 Error: Bone eye_upl doesn't exist in skeleton OFP2_ManSkeleton
15:56:36 Error: Bone eye_lwl doesn't exist in skeleton OFP2_ManSkeleton
15:56:36 Error: Bone cheek_l doesn't exist in skeleton OFP2_ManSkeleton
15:56:36 Error: Bone cheek_lb doesn't exist in skeleton OFP2_ManSkeleton
15:56:36 Error: Bone zig_lt doesn't exist in skeleton OFP2_ManSkeleton
15:56:36 Error: Bone nose_l doesn't exist in skeleton OFP2_ManSkeleton
15:56:36 Error: Bone cheek_lm doesn't exist in skeleton OFP2_ManSkeleton
15:56:36 Error: Bone nose_r doesn't exist in skeleton OFP2_ManSkeleton
15:56:36 Error: Bone forehead_r doesn't exist in skeleton OFP2_ManSkeleton
15:56:36 Error: Bone forehead_m doesn't exist in skeleton OFP2_ManSkeleton
15:56:36 Error: Bone forehead_l doesn't exist in skeleton OFP2_ManSkeleton
15:56:36 Error: Bone cheek_rb doesn't exist in skeleton OFP2_ManSkeleton
15:56:36 Error: Bone eye_lwr doesn't exist in skeleton OFP2_ManSkeleton
15:56:36 Error: Bone cheek_r doesn't exist in skeleton OFP2_ManSkeleton
15:56:36 Error: Bone zig_rt doesn't exist in skeleton OFP2_ManSkeleton
15:56:36 Error: Bone zig_rm doesn't exist in skeleton OFP2_ManSkeleton
15:56:36 Error: Bone cheek_rf doesn't exist in skeleton OFP2_ManSkeleton
15:56:36 Error: Bone cheek_rm doesn't exist in skeleton OFP2_ManSkeleton
15:56:36 Error: Bone eyebrow_rm doesn't exist in skeleton OFP2_ManSkeleton
15:56:36 Error: Bone eyebrow_rf doesn't exist in skeleton OFP2_ManSkeleton
15:56:36 Error: Bone eye_upr doesn't exist in skeleton OFP2_ManSkeleton
15:56:36 Error: Bone eyebrow_rb doesn't exist in skeleton OFP2_ManSkeleton
15:56:36 Error: Bone tongue_b doesn't exist in skeleton OFP2_ManSkeleton
15:56:36 Error: Bone ear_r doesn't exist in skeleton OFP2_ManSkeleton
15:56:36 Error: Bone neck_l doesn't exist in skeleton OFP2_ManSkeleton
15:56:36 Error: Bone lip_uprf doesn't exist in skeleton OFP2_ManSkeleton
15:56:36 Error: Bone neck_r doesn't exist in skeleton OFP2_ManSkeleton
15:56:36 Error: Bone lip_uprb doesn't exist in skeleton OFP2_ManSkeleton
15:56:36 Error: Bone lip_rc doesn't exist in skeleton OFP2_ManSkeleton
15:56:36 Error: Bone lip_lwrb doesn't exist in skeleton OFP2_ManSkeleton
15:56:36 Error: Bone lip_lwrf doesn't exist in skeleton OFP2_ManSkeleton
15:56:36 Error: Bone neck_b doesn't exist in skeleton OFP2_ManSkeleton
15:56:36 Error: Bone zig_rb doesn't exist in skeleton OFP2_ManSkeleton
15:56:36 Error: Bone neck_t doesn't exist in skeleton OFP2_ManSkeleton
15:56:36 Error: Bone jaw_rf doesn't exist in skeleton OFP2_ManSkeleton
15:56:36 Error: Bone jaw_lf doesn't exist in skeleton OFP2_ManSkeleton
15:56:36 Error: Bone chin doesn't exist in skeleton OFP2_ManSkeleton
15:56:36 Error: Bone jaw_rm doesn't exist in skeleton OFP2_ManSkeleton
15:56:36 Error: Bone jaw_rs doesn't exist in skeleton OFP2_ManSkeleton
15:56:36 Error: Bone jaw doesn't exist in skeleton OFP2_ManSkeleton
15:56:36 Error: Bone headcutscene doesn't exist in skeleton OFP2_ManSkeleton
15:56:36 Error: Bone cheek_lf doesn't exist in skeleton OFP2_ManSkeleton
15:56:36 Error: Bone nose_tip doesn't exist in skeleton OFP2_ManSkeleton
15:56:36 Error: Bone lip_uplb doesn't exist in skeleton OFP2_ManSkeleton
15:56:36 Error: Bone jaw_ls doesn't exist in skeleton OFP2_ManSkeleton
15:56:36 Error: Bone lip_uplf doesn't exist in skeleton OFP2_ManSkeleton
15:56:36 Error: Bone lip_lc doesn't exist in skeleton OFP2_ManSkeleton
15:56:36 Error: Bone lip_lwlb doesn't exist in skeleton OFP2_ManSkeleton
15:56:36 Error: Bone lip_lwlf doesn't exist in skeleton OFP2_ManSkeleton
15:56:36 Error: Bone jaw_lm doesn't exist in skeleton OFP2_ManSkeleton
15:56:36 Error: Bone zig_lb doesn't exist in skeleton OFP2_ManSkeleton
15:56:36 Error: Bone lip_lwm doesn't exist in skeleton OFP2_ManSkeleton
15:56:36 Error: Bone lip_upm doesn't exist in skeleton OFP2_ManSkeleton
15:56:36 Error: Bone ear_l doesn't exist in skeleton OFP2_ManSkeleton
15:56:36 Error: Bone corr doesn't exist in skeleton OFP2_ManSkeleton
15:56:36 Error: Bone tongue_m doesn't exist in skeleton OFP2_ManSkeleton
15:56:36 Error: Bone tongue_f doesn't exist in skeleton OFP2_ManSkeleton
15:56:36 Error: Bone eyebrow_lb doesn't exist in skeleton OFP2_ManSkeleton
15:56:36 Error: Bone eyebrow_lf doesn't exist in skeleton OFP2_ManSkeleton
15:56:36 Error: Bone eyebrow_lm doesn't exist in skeleton OFP2_ManSkeleton
15:56:36 Error: Bone zig_lm doesn't exist in skeleton OFP2_ManSkeleton
15:56:36 Error: Bone eye_upl doesn't exist in skeleton OFP2_ManSkeleton
15:56:36 Error: Bone eye_lwl doesn't exist in skeleton OFP2_ManSkeleton
15:56:36 Error: Bone cheek_l doesn't exist in skeleton OFP2_ManSkeleton
15:56:36 Error: Bone cheek_lb doesn't exist in skeleton OFP2_ManSkeleton
15:56:36 Error: Bone zig_lt doesn't exist in skeleton OFP2_ManSkeleton
15:56:36 Error: Bone nose_l doesn't exist in skeleton OFP2_ManSkeleton
15:56:36 Error: Bone cheek_lm doesn't exist in skeleton OFP2_ManSkeleton
15:56:36 Error: Bone nose_r doesn't exist in skeleton OFP2_ManSkeleton
15:56:36 Error: Bone forehead_r doesn't exist in skeleton OFP2_ManSkeleton
15:56:36 Error: Bone forehead_m doesn't exist in skeleton OFP2_ManSkeleton
15:56:36 Error: Bone forehead_l doesn't exist in skeleton OFP2_ManSkeleton
15:56:36 Error: Bone cheek_rb doesn't exist in skeleton OFP2_ManSkeleton
15:56:36 Error: Bone eye_lwr doesn't exist in skeleton OFP2_ManSkeleton
15:56:36 Error: Bone cheek_r doesn't exist in skeleton OFP2_ManSkeleton
15:56:36 Error: Bone zig_rt doesn't exist in skeleton OFP2_ManSkeleton
15:56:36 Error: Bone zig_rm doesn't exist in skeleton OFP2_ManSkeleton
15:56:36 Error: Bone cheek_rf doesn't exist in skeleton OFP2_ManSkeleton
15:56:36 Error: Bone cheek_rm doesn't exist in skeleton OFP2_ManSkeleton
15:56:36 Error: Bone eyebrow_rm doesn't exist in skeleton OFP2_ManSkeleton
15:56:36 Error: Bone eyebrow_rf doesn't exist in skeleton OFP2_ManSkeleton
15:56:36 Error: Bone eye_upr doesn't exist in skeleton OFP2_ManSkeleton
15:56:36 Error: Bone eyebrow_rb doesn't exist in skeleton OFP2_ManSkeleton
15:56:36 Error: Bone tongue_b doesn't exist in skeleton OFP2_ManSkeleton
15:56:36 Error: Bone ear_r doesn't exist in skeleton OFP2_ManSkeleton
15:56:36 Error: Bone neck_l doesn't exist in skeleton OFP2_ManSkeleton
15:56:36 Error: Bone lip_uprf doesn't exist in skeleton OFP2_ManSkeleton
15:56:36 Error: Bone neck_r doesn't exist in skeleton OFP2_ManSkeleton
15:56:36 Error: Bone lip_uprb doesn't exist in skeleton OFP2_ManSkeleton
15:56:36 Error: Bone lip_rc doesn't exist in skeleton OFP2_ManSkeleton
15:56:36 Error: Bone lip_lwrb doesn't exist in skeleton OFP2_ManSkeleton
15:56:36 Error: Bone lip_lwrf doesn't exist in skeleton OFP2_ManSkeleton
15:56:36 Error: Bone neck_b doesn't exist in skeleton OFP2_ManSkeleton
15:56:36 Error: Bone zig_rb doesn't exist in skeleton OFP2_ManSkeleton
15:56:36 Error: Bone neck_t doesn't exist in skeleton OFP2_ManSkeleton
15:56:36 Error: Bone jaw_rf doesn't exist in skeleton OFP2_ManSkeleton
15:56:36 Error: Bone jaw_lf doesn't exist in skeleton OFP2_ManSkeleton
15:56:36 Error: Bone chin doesn't exist in skeleton OFP2_ManSkeleton
15:56:36 Error: Bone jaw_rm doesn't exist in skeleton OFP2_ManSkeleton
15:56:36 Error: Bone jaw_rs doesn't exist in skeleton OFP2_ManSkeleton
15:56:36 Error: Bone jaw doesn't exist in skeleton OFP2_ManSkeleton
15:56:36 Error: Bone headcutscene doesn't exist in skeleton OFP2_ManSkeleton
15:56:36 MovesType CfgGesturesMale load time 266 ms
15:56:36 Loading movesType CfgMovesMaleSdr
15:56:44 Warning: looped for animation: a3\anims_f_epa\data\anim\sdr\cts\hubcleaned\sittingchair\hubsittingchaira_idle1.rtm differs (looped now 1)! MoveName: exile_roulettesitting01
15:56:44 MovesType CfgMovesMaleSdr load time 7322 ms
15:56:44 a3\characters_f\proxies\flag.p3d: No geometry and no visual shape
15:56:44 VoteThreshold must be in 0..1 range. Defaulting to 0.5
Initializing Steam server - Game Port: 2902, Steam Query Port: 2903
Steam AppId from steam_appid.txt: 107410
Starting mission:
 Mission file: Exile (__cur_mp)
 Mission world: Malden
 Mission directory: mpmissions\__cur_mp.Malden\
a3\data_f\blesk1.p3d: No geometry and no visual shape
a3\data_f\blesk2.p3d: No geometry and no visual shape
a3\data_f\raindrop.p3d: No geometry and no visual shape
a3\map_stratis\data\obloha.p3d: No geometry and no visual shape
a3\data_f\stars.p3d: No geometry and no visual shape
a3\map_stratis\data\horizont.p3d: No geometry and no visual shape
a3\data_f\rainbow.p3d: No geometry and no visual shape
"DrunkenMongsExileDev/BIS_fnc_log: [BIS_fnc_preload] ----- Initializing scripts in Exile -----"
"DrunkenMongsExileDev/BIS_fnc_log: [recompile] recompile BIS_fnc_missionTasksLocal"
"DrunkenMongsExileDev/BIS_fnc_log: [recompile] recompile BIS_fnc_missionConversationsLocal"
"DrunkenMongsExileDev/BIS_fnc_log: [recompile] recompile BIS_fnc_missionFlow"
"DrunkenMongsExileDev/BIS_fnc_log: [preInit] BIS_fnc_feedbackMain (0 ms)"
"DrunkenMongsExileDev/BIS_fnc_log: [preInit] BIS_fnc_missionHandlers (0 ms)"
"DrunkenMongsExileDev/BIS_fnc_log: [preInit] BIS_fnc_storeParamsValues (0.999451 ms)"
"DrunkenMongsExileDev/BIS_fnc_log: [preInit] ""DeltaTime computation started"""
"DrunkenMongsExileDev/BIS_fnc_log: [preInit] BIS_fnc_keyframeAnimation_deltaTime (0 ms)"
CallExtension loaded: updatearmalog (C:\Arma\Server\@infiSTAR_Exile\updatearmalog.dll) [1.0.0.0] [1.0.0.0]

"<infiSTAR.de> updatearmalog callExtension: [19.01.2019][15:56:59] Downloaded and installed new armalog.dll"
CallExtension loaded: armalog (C:\Arma\Server\@infiSTAR_Exile\armalog.dll) [K]

"<infiSTAR.de> infiSTAR dll loaded successfully"
"<infiSTAR.de> Drunken Mongs Exile"
"<infiSTAR.de> ok"
"<infiSTAR.de> Loading infiSTAR code.."
CallExtension 'extDB3' could not be found
"<infiSTAR.de> 0 - checking for EXILE_SERVER.."
"<infiSTAR.de> 0 - EXILE_SERVER has been found."
"<infiSTAR.de> 0 - checking for Cfg_infiSTAR_settings.."
"<infiSTAR.de> 0 - Cfg_infiSTAR_settings has been found."
CallExtension loaded: extDB2 (C:\Arma\Server\@ExileServer\extDB2.dll) [<<9r]

"<infiSTAR.de> 0 - TESTING IF serverCommandPassword IS SET PROPERLY"
"<infiSTAR.de> 0 - serverCommandPassword IS FINE"
"<infiSTAR.de> 0 - STARTUP - including AdminTools"
"<infiSTAR.de> 0 - STARTUP - AdminTools included!"
"<infiSTAR.de> 0 - STARTUP - including AntiHack"
"<infiSTAR.de> 0 - VERSION: 14-01-2019 17-50-13 - v93"
"<infiSTAR.de> 0 - adding valid admin uid 76561198065853636"
"<infiSTAR.de> 0 - adding valid admin uid 76561198013856564"
"<infiSTAR.de> 0 - adding valid admin uid 76561198030433683"
"<infiSTAR.de> 0 - adding valid admin uid 76561197989383835"
"<infiSTAR.de> 0 - removing invalid admin uid UID2"
"<infiSTAR.de> 0 - removing invalid admin uid UID3"
"<infiSTAR.de> 0 - removing invalid admin uid ..."
"<infiSTAR.de> 0 - removing invalid admin uid UID1"
"<infiSTAR.de> 0 - removing invalid admin uid UID2"
"<infiSTAR.de> 0 - removing invalid admin uid UID3"
"<infiSTAR.de> 0 - removing invalid admin uid ..."
"<infiSTAR.de> _fnc_RandomGen: {
private '_gen';
_fnc_actualGen = {
_start	= ['z','y','x','w','v','u','t','s','r','q','p','o','n','m','l','k','j','i','h','g','f','e','d','c','b','a'];
_main	= ['a','9','7','2','1','4','3','b','4','2','f','b','0','c','2','d','a','5','6','a','7','a','2','e','9','f','6','d','4','f','9','3','5'];
_filler	= ['1','2','3','4','5','6','7','8','9','0','_','a','b','c','d','e','f','g','h','i','j','k','l','m','n','o','p','q','r','s','t','u','v','w','x','y','z'];
_gen = selectRandom _start;
_randmax = {((round(random _randminval)) + (round(random _randmaxval))) max _randminval};
for '_i' from 0 to (call _randmax)do
{
_gen = _gen + (selectRandom _filler) + (selectRandom _main);
};
_gen
};
for '_i' from 0 to 10000 do {
_gen = call _fnc_actualGen;
_index = _allRandomGenVars pushBackUnique _gen;
if(_index > -1)exitWith{_gen};
};
_gen
}"
"<infiSTAR.de> 0 - loading AntiHack.."
"<infiSTAR.de> 0 - Thread MAIN: none-threaded code compiled and/or sent!"
"<infiSTAR.de> 0 - VoteTimeServer compiled"
"<infiSTAR.de> 0 - Thread BEFORE MAIN: adding to main string.."
"<infiSTAR.de> 0 - Thread BEFORE MAIN: added !"
"<infiSTAR.de> 0 - infiSTAR_PlayerLog: adding to main string.."
"<infiSTAR.de> 0 - infiSTAR_PlayerLog: added !"
"<infiSTAR.de> 0 - fnc_server_handle_mpmessage: adding to main string.."
"<infiSTAR.de> 0 - fnc_server_handle_mpmessage: added !"
"<infiSTAR.de> 0 - fnc_AdminReqReal: adding to main string.."
"<infiSTAR.de> 0 - fnc_AdminReqReal: added !"
"<infiSTAR.de> 0 - fnc_server_handle_pre_mpmessage: adding to main string.."
"<infiSTAR.de> 0 - fnc_server_handle_pre_mpmessage: added !"
"<infiSTAR.de> 0 - adminStartupCode: adding to main string.."
"<infiSTAR.de> 0 - adminStartupCode: added !"
"<infiSTAR.de> 0 - Thread #1: Preparing Server Loop #1.."
"<infiSTAR.de> 0 - Thread #1: added !"
"<infiSTAR.de> 0 - compiling AntiHack"
"<infiSTAR.de> 0 - Thread BEFORE MAIN: still compiling..."
"<infiSTAR.de> 0 - infiSTAR_PlayerLog: still compiling..."
"<infiSTAR.de> 0 - fnc_server_handle_mpmessage: still compiling..."
"<infiSTAR.de> 0 - fnc_AdminReqReal: still compiling..."
"<infiSTAR.de> 0 - fnc_server_handle_pre_mpmessage: still compiling..."
"<infiSTAR.de> 0 - adminStartupCode: still compiling..."
"<infiSTAR.de> 0 - Thread MAIN: compiling adminStartupCode"
"<infiSTAR.de> 0 - AntiHack loaded!"
"<infiSTAR.de> 0 - STARTUP - AntiHack included!"
"DrunkenMongsExileDev/BIS_fnc_log: [preInit] a3_infiSTAR_Exile_fnc_preInit (1648 ms)"
"DrunkenMongsExileDev/BIS_fnc_log: [preInit] BIS_fnc_getServerVariable (0 ms)"
"DrunkenMongsExileDev/BIS_fnc_log: [preInit] ExileClient_fnc_preInit (605 ms)"
"ExileServer - Server is loading..."
"ExileServer - ServerPassword MATCH! server locked for init"
Wrong init state
Client: Nonnetwork object 3bd11c00.
"ExileServer - Installed extDB2 version: 70"
"ExileServer - MySQL connection error!"
"ExileServer - Please have a look at @ExileServer/extDB/logs/ to find out what went wrong."
"ExileServer - MySQL Error: Could not add database: [0,""Database Exception Error""]"
"ExileServer - Server will shutdown now :("
