16.01.2019 23:35:57: Checking infiSTAR license..
16.01.2019 23:35:57: infiSTAR customerID found.
16.01.2019 23:35:57: infiSTAR productLicense found.
16.01.2019 23:35:57: infiSTAR serverName found: Test
16.01.2019 23:35:57: infiSTAR license result: ok
16.01.2019 23:40:29: Checking infiSTAR license..
16.01.2019 23:40:29: infiSTAR customerID found.
16.01.2019 23:40:29: infiSTAR productLicense found.
16.01.2019 23:40:29: infiSTAR serverName found: Test
16.01.2019 23:40:29: infiSTAR license result: ok
16.01.2019 23:48:34: Checking infiSTAR license..
16.01.2019 23:48:34: infiSTAR customerID found.
16.01.2019 23:48:34: infiSTAR productLicense found.
16.01.2019 23:48:34: infiSTAR serverName found: Test
16.01.2019 23:48:34: infiSTAR license result: ok
16.01.2019 23:50:07: Checking infiSTAR license..
16.01.2019 23:50:07: infiSTAR customerID found.
16.01.2019 23:50:07: infiSTAR productLicense found.
16.01.2019 23:50:07: infiSTAR serverName found: Test
16.01.2019 23:50:07: infiSTAR license result: ok
16.01.2019 23:53:58: Checking infiSTAR license..
16.01.2019 23:53:58: infiSTAR customerID found.
16.01.2019 23:53:58: infiSTAR productLicense found.
16.01.2019 23:53:58: infiSTAR serverName found: Test
16.01.2019 23:53:58: infiSTAR license result: ok
16.01.2019 23:56:10: Checking infiSTAR license..
16.01.2019 23:56:10: infiSTAR customerID found.
16.01.2019 23:56:10: infiSTAR productLicense found.
16.01.2019 23:56:10: infiSTAR serverName found: Test
16.01.2019 23:56:10: infiSTAR license result: ok
17.01.2019 00:07:45: Checking infiSTAR license..
17.01.2019 00:07:45: infiSTAR customerID found.
17.01.2019 00:07:45: infiSTAR productLicense found.
17.01.2019 00:07:45: infiSTAR serverName found: Test
17.01.2019 00:07:45: infiSTAR license result: ok
17.01.2019 00:27:50: Checking infiSTAR license..
17.01.2019 00:27:50: infiSTAR customerID found.
17.01.2019 00:27:50: infiSTAR productLicense found.
17.01.2019 00:27:50: infiSTAR serverName found: Test
17.01.2019 00:27:50: infiSTAR license result: ok
17.01.2019 00:32:29: Checking infiSTAR license..
17.01.2019 00:32:29: infiSTAR customerID found.
17.01.2019 00:32:29: infiSTAR productLicense found.
17.01.2019 00:32:29: infiSTAR serverName found: Test
17.01.2019 00:32:29: infiSTAR license result: ok
17.01.2019 01:27:39: Checking infiSTAR license..
17.01.2019 01:27:39: infiSTAR customerID found.
17.01.2019 01:27:39: infiSTAR productLicense found.
17.01.2019 01:27:39: infiSTAR serverName found: Test
17.01.2019 01:27:39: infiSTAR license result: ok
17.01.2019 02:20:03: Checking infiSTAR license..
17.01.2019 02:20:03: infiSTAR customerID found.
17.01.2019 02:20:03: infiSTAR productLicense found.
17.01.2019 02:20:03: infiSTAR serverName found: Test
17.01.2019 02:20:03: infiSTAR license result: ok
17.01.2019 20:19:37: Checking infiSTAR license..
17.01.2019 20:19:37: infiSTAR customerID found.
17.01.2019 20:19:37: infiSTAR productLicense found.
17.01.2019 20:19:37: infiSTAR serverName found: lolxdmeme
17.01.2019 20:19:37: infiSTAR license result: ok
17.01.2019 20:33:31: Checking infiSTAR license..
17.01.2019 20:33:31: infiSTAR customerID found.
17.01.2019 20:33:31: infiSTAR productLicense found.
17.01.2019 20:33:31: infiSTAR serverName found: lolxdmeme
17.01.2019 20:33:31: infiSTAR license result: ok
17.01.2019 20:39:35: Checking infiSTAR license..
17.01.2019 20:39:35: infiSTAR customerID found.
17.01.2019 20:39:35: infiSTAR productLicense found.
17.01.2019 20:39:35: infiSTAR serverName found: lolxdmeme
17.01.2019 20:39:36: infiSTAR license result: ok
17.01.2019 20:47:10: Checking infiSTAR license..
17.01.2019 20:47:10: infiSTAR customerID found.
17.01.2019 20:47:10: infiSTAR productLicense found.
17.01.2019 20:47:10: infiSTAR serverName found: lolxdmeme
17.01.2019 20:47:10: infiSTAR license result: ok
17.01.2019 20:50:36: Checking infiSTAR license..
17.01.2019 20:50:36: infiSTAR customerID found.
17.01.2019 20:50:36: infiSTAR productLicense found.
17.01.2019 20:50:36: infiSTAR serverName found: lolxdmeme
17.01.2019 20:50:36: infiSTAR license result: ok
17.01.2019 20:54:26: Checking infiSTAR license..
17.01.2019 20:54:26: infiSTAR customerID found.
17.01.2019 20:54:26: infiSTAR productLicense found.
17.01.2019 20:54:26: infiSTAR serverName found: lolxdmeme
17.01.2019 20:54:26: infiSTAR license result: ok
18.01.2019 14:29:21: Checking infiSTAR license..
18.01.2019 14:29:21: infiSTAR customerID found.
18.01.2019 14:29:21: infiSTAR productLicense found.
18.01.2019 14:29:21: infiSTAR serverName found: lolxdmeme
18.01.2019 14:29:22: infiSTAR license result: ok
18.01.2019 23:35:01: Checking infiSTAR license..
18.01.2019 23:35:01: infiSTAR customerID found.
18.01.2019 23:35:01: infiSTAR productLicense found.
18.01.2019 23:35:01: infiSTAR serverName found: lolxdmeme
18.01.2019 23:35:02: infiSTAR license result: ok
18.01.2019 23:39:45: Checking infiSTAR license..
18.01.2019 23:39:45: infiSTAR customerID found.
18.01.2019 23:39:45: infiSTAR productLicense found.
18.01.2019 23:39:45: infiSTAR serverName found: lolxdmeme
18.01.2019 23:39:45: infiSTAR license result: ok
